<?xml version="1.0" ?>
<!DOCTYPE coverage SYSTEM "http://cobertura.sourceforge.net/xml/coverage-04.dtd">
<coverage lines-valid="754"  lines-covered="228"  line-rate="0.3024"  branches-valid="195"  branches-covered="20"  branch-rate="0.1026"  timestamp="1434632584122" complexity="0" version="0.1">
<sources>
	<source>/Users/thehobbit85/Colu/coloredcoinsd</source>
</sources>
<packages>
	<package name="coloredcoinsd"  line-rate="0.2051"  branch-rate="0.0417" >
	<classes>
		<class name="coluutils.js"  filename="coluutils.js"  line-rate="0.1189"  branch-rate="0" >
		<methods>
			<method name="(anonymous_1)"  hits="1"  signature="()V" >
				<lines><line number="1"  hits="1" /></lines>
			</method>
			<method name="coluutils"  hits="1"  signature="()V" >
				<lines><line number="24"  hits="1" /></lines>
			</method>
			<method name="sendRawTransaction"  hits="0"  signature="()V" >
				<lines><line number="31"  hits="0" /></lines>
			</method>
			<method name="getBlockCount"  hits="0"  signature="()V" >
				<lines><line number="35"  hits="0" /></lines>
			</method>
			<method name="getTransactionListForAddress"  hits="0"  signature="()V" >
				<lines><line number="38"  hits="0" /></lines>
			</method>
			<method name="(anonymous_6)"  hits="0"  signature="()V" >
				<lines><line number="42"  hits="0" /></lines>
			</method>
			<method name="(anonymous_7)"  hits="0"  signature="()V" >
				<lines><line number="45"  hits="0" /></lines>
			</method>
			<method name="(anonymous_8)"  hits="0"  signature="()V" >
				<lines><line number="49"  hits="0" /></lines>
			</method>
			<method name="(anonymous_9)"  hits="0"  signature="()V" >
				<lines><line number="50"  hits="0" /></lines>
			</method>
			<method name="(anonymous_10)"  hits="0"  signature="()V" >
				<lines><line number="55"  hits="0" /></lines>
			</method>
			<method name="callwithbatch"  hits="0"  signature="()V" >
				<lines><line number="85"  hits="0" /></lines>
			</method>
			<method name="(anonymous_12)"  hits="0"  signature="()V" >
				<lines><line number="90"  hits="0" /></lines>
			</method>
			<method name="isOkToIssue"  hits="0"  signature="()V" >
				<lines><line number="103"  hits="0" /></lines>
			</method>
			<method name="(anonymous_14)"  hits="0"  signature="()V" >
				<lines><line number="115"  hits="0" /></lines>
			</method>
			<method name="(anonymous_15)"  hits="0"  signature="()V" >
				<lines><line number="127"  hits="0" /></lines>
			</method>
			<method name="(anonymous_16)"  hits="0"  signature="()V" >
				<lines><line number="135"  hits="0" /></lines>
			</method>
			<method name="callservice"  hits="0"  signature="()V" >
				<lines><line number="141"  hits="0" /></lines>
			</method>
			<method name="(anonymous_18)"  hits="0"  signature="()V" >
				<lines><line number="154"  hits="0" /></lines>
			</method>
			<method name="validateIssueTrasaction"  hits="0"  signature="()V" >
				<lines><line number="170"  hits="0" /></lines>
			</method>
			<method name="(anonymous_20)"  hits="0"  signature="()V" >
				<lines><line number="180"  hits="0" /></lines>
			</method>
			<method name="createAssetFile"  hits="0"  signature="()V" >
				<lines><line number="203"  hits="0" /></lines>
			</method>
			<method name="(anonymous_22)"  hits="0"  signature="()V" >
				<lines><line number="214"  hits="0" /></lines>
			</method>
			<method name="createIssueTransaction"  hits="0"  signature="()V" >
				<lines><line number="231"  hits="0" /></lines>
			</method>
			<method name="(anonymous_24)"  hits="0"  signature="()V" >
				<lines><line number="237"  hits="0" /></lines>
			</method>
			<method name="(anonymous_25)"  hits="0"  signature="()V" >
				<lines><line number="241"  hits="0" /></lines>
			</method>
			<method name="createSendAssetTansaction"  hits="0"  signature="()V" >
				<lines><line number="249"  hits="0" /></lines>
			</method>
			<method name="(anonymous_27)"  hits="0"  signature="()V" >
				<lines><line number="255"  hits="0" /></lines>
			</method>
			<method name="(anonymous_28)"  hits="0"  signature="()V" >
				<lines><line number="259"  hits="0" /></lines>
			</method>
			<method name="encodeColorScheme"  hits="0"  signature="()V" >
				<lines><line number="273"  hits="0" /></lines>
			</method>
			<method name="(anonymous_30)"  hits="0"  signature="()V" >
				<lines><line number="287"  hits="0" /></lines>
			</method>
			<method name="getUnspentsByAddress"  hits="0"  signature="()V" >
				<lines><line number="315"  hits="0" /></lines>
			</method>
			<method name="(anonymous_32)"  hits="0"  signature="()V" >
				<lines><line number="322"  hits="0" /></lines>
			</method>
			<method name="(anonymous_33)"  hits="0"  signature="()V" >
				<lines><line number="336"  hits="0" /></lines>
			</method>
			<method name="comupteCost"  hits="0"  signature="()V" >
				<lines><line number="344"  hits="0" /></lines>
			</method>
			<method name="(anonymous_35)"  hits="0"  signature="()V" >
				<lines><line number="349"  hits="0" /></lines>
			</method>
			<method name="addInputsForSendTransaction"  hits="0"  signature="()V" >
				<lines><line number="359"  hits="0" /></lines>
			</method>
			<method name="(anonymous_37)"  hits="0"  signature="()V" >
				<lines><line number="367"  hits="0" /></lines>
			</method>
			<method name="(anonymous_38)"  hits="0"  signature="()V" >
				<lines><line number="371"  hits="0" /></lines>
			</method>
			<method name="(anonymous_39)"  hits="0"  signature="()V" >
				<lines><line number="385"  hits="0" /></lines>
			</method>
			<method name="(anonymous_40)"  hits="0"  signature="()V" >
				<lines><line number="387"  hits="0" /></lines>
			</method>
			<method name="(anonymous_41)"  hits="0"  signature="()V" >
				<lines><line number="409"  hits="0" /></lines>
			</method>
			<method name="(anonymous_42)"  hits="0"  signature="()V" >
				<lines><line number="434"  hits="0" /></lines>
			</method>
			<method name="(anonymous_43)"  hits="0"  signature="()V" >
				<lines><line number="436"  hits="0" /></lines>
			</method>
			<method name="(anonymous_44)"  hits="0"  signature="()V" >
				<lines><line number="462"  hits="0" /></lines>
			</method>
			<method name="findBestMatchByNeededAssets"  hits="0"  signature="()V" >
				<lines><line number="480"  hits="0" /></lines>
			</method>
			<method name="(anonymous_46)"  hits="0"  signature="()V" >
				<lines><line number="485"  hits="0" /></lines>
			</method>
			<method name="(anonymous_47)"  hits="0"  signature="()V" >
				<lines><line number="488"  hits="0" /></lines>
			</method>
			<method name="(anonymous_48)"  hits="0"  signature="()V" >
				<lines><line number="506"  hits="0" /></lines>
			</method>
			<method name="(anonymous_49)"  hits="0"  signature="()V" >
				<lines><line number="508"  hits="0" /></lines>
			</method>
			<method name="addInputsForIssueTransaction"  hits="0"  signature="()V" >
				<lines><line number="550"  hits="0" /></lines>
			</method>
			<method name="(anonymous_51)"  hits="0"  signature="()V" >
				<lines><line number="611"  hits="0" /></lines>
			</method>
			<method name="(anonymous_52)"  hits="0"  signature="()V" >
				<lines><line number="619"  hits="0" /></lines>
			</method>
			<method name="(anonymous_53)"  hits="0"  signature="()V" >
				<lines><line number="658"  hits="0" /></lines>
			</method>
			<method name="(anonymous_54)"  hits="0"  signature="()V" >
				<lines><line number="663"  hits="0" /></lines>
			</method>
			<method name="insertSatoshiToTransaction"  hits="0"  signature="()V" >
				<lines><line number="672"  hits="0" /></lines>
			</method>
			<method name="(anonymous_56)"  hits="0"  signature="()V" >
				<lines><line number="694"  hits="0" /></lines>
			</method>
			<method name="getIssuenceCost"  hits="0"  signature="()V" >
				<lines><line number="710"  hits="0" /></lines>
			</method>
			<method name="getTotalOuputValue"  hits="0"  signature="()V" >
				<lines><line number="714"  hits="0" /></lines>
			</method>
			<method name="getTotalIssuenceCost"  hits="0"  signature="()V" >
				<lines><line number="718"  hits="0" /></lines>
			</method>
			<method name="(anonymous_60)"  hits="0"  signature="()V" >
				<lines><line number="725"  hits="0" /></lines>
			</method>
			<method name="getNextOutputValue"  hits="0"  signature="()V" >
				<lines><line number="736"  hits="0" /></lines>
			</method>
			<method name="addOutputs"  hits="0"  signature="()V" >
				<lines><line number="743"  hits="0" /></lines>
			</method>
			<method name="addOutput"  hits="0"  signature="()V" >
				<lines><line number="756"  hits="0" /></lines>
			</method>
			<method name="sha256"  hits="0"  signature="()V" >
				<lines><line number="760"  hits="0" /></lines>
			</method>
			<method name="sha1"  hits="0"  signature="()V" >
				<lines><line number="764"  hits="0" /></lines>
			</method>
			<method name="toSatoshi"  hits="0"  signature="()V" >
				<lines><line number="768"  hits="0" /></lines>
			</method>
		</methods>
		<lines>
			<line number="1"  hits="1"  branch="false" />
			<line number="2"  hits="1"  branch="false" />
			<line number="3"  hits="1"  branch="false" />
			<line number="4"  hits="1"  branch="false" />
			<line number="5"  hits="1"  branch="false" />
			<line number="6"  hits="1"  branch="false" />
			<line number="7"  hits="1"  branch="false" />
			<line number="8"  hits="1"  branch="false" />
			<line number="9"  hits="1"  branch="false" />
			<line number="10"  hits="1"  branch="false" />
			<line number="11"  hits="1"  branch="false" />
			<line number="12"  hits="1"  branch="false" />
			<line number="16"  hits="1"  branch="false" />
			<line number="17"  hits="1"  branch="false" />
			<line number="18"  hits="1"  branch="false" />
			<line number="20"  hits="1"  branch="false" />
			<line number="22"  hits="1"  branch="false" />
			<line number="24"  hits="1"  branch="false" />
			<line number="25"  hits="1"  branch="false" />
			<line number="31"  hits="1"  branch="false" />
			<line number="32"  hits="0"  branch="false" />
			<line number="35"  hits="1"  branch="false" />
			<line number="36"  hits="0"  branch="false" />
			<line number="38"  hits="1"  branch="false" />
			<line number="39"  hits="0"  branch="false" />
			<line number="40"  hits="0"  branch="true"  condition-coverage="0% (0/2)" />
			<line number="41"  hits="0"  branch="false" />
			<line number="43"  hits="0"  branch="false" />
			<line number="44"  hits="0"  branch="false" />
			<line number="45"  hits="0"  branch="false" />
			<line number="46"  hits="0"  branch="false" />
			<line number="48"  hits="0"  branch="false" />
			<line number="50"  hits="0"  branch="false" />
			<line number="52"  hits="0"  branch="false" />
			<line number="53"  hits="0"  branch="false" />
			<line number="54"  hits="0"  branch="true"  condition-coverage="0% (0/2)" />
			<line number="55"  hits="0"  branch="false" />
			<line number="56"  hits="0"  branch="true"  condition-coverage="0% (0/5)" />
			<line number="61"  hits="0"  branch="true"  condition-coverage="0% (0/2)" />
			<line number="62"  hits="0"  branch="false" />
			<line number="63"  hits="0"  branch="false" />
			<line number="64"  hits="0"  branch="false" />
			<line number="67"  hits="0"  branch="false" />
			<line number="70"  hits="0"  branch="false" />
			<line number="71"  hits="0"  branch="false" />
			<line number="72"  hits="0"  branch="false" />
			<line number="76"  hits="0"  branch="false" />
			<line number="77"  hits="0"  branch="false" />
			<line number="79"  hits="0"  branch="false" />
			<line number="82"  hits="0"  branch="false" />
			<line number="85"  hits="1"  branch="false" />
			<line number="86"  hits="0"  branch="false" />
			<line number="87"  hits="0"  branch="false" />
			<line number="88"  hits="0"  branch="false" />
			<line number="89"  hits="0"  branch="false" />
			<line number="90"  hits="0"  branch="false" />
			<line number="91"  hits="0"  branch="false" />
			<line number="92"  hits="0"  branch="true"  condition-coverage="0% (0/2)" />
			<line number="93"  hits="0"  branch="false" />
			<line number="94"  hits="0"  branch="true"  condition-coverage="0% (0/2)" />
			<line number="96"  hits="0"  branch="false" />
			<line number="97"  hits="0"  branch="false" />
			<line number="100"  hits="0"  branch="false" />
			<line number="103"  hits="1"  branch="false" />
			<line number="105"  hits="0"  branch="false" />
			<line number="106"  hits="0"  branch="true"  condition-coverage="0% (0/4)" />
			<line number="108"  hits="0"  branch="false" />
			<line number="110"  hits="0"  branch="false" />
			<line number="111"  hits="0"  branch="false" />
			<line number="112"  hits="0"  branch="true"  condition-coverage="0% (0/2)" />
			<line number="113"  hits="0"  branch="false" />
			<line number="114"  hits="0"  branch="false" />
			<line number="115"  hits="0"  branch="false" />
			<line number="116"  hits="0"  branch="true"  condition-coverage="0% (0/2)" />
			<line number="117"  hits="0"  branch="false" />
			<line number="119"  hits="0"  branch="false" />
			<line number="120"  hits="0"  branch="false" />
			<line number="124"  hits="0"  branch="false" />
			<line number="127"  hits="1"  branch="false" />
			<line number="128"  hits="0"  branch="false" />
			<line number="129"  hits="0"  branch="true"  condition-coverage="0% (0/2)" />
			<line number="130"  hits="0"  branch="false" />
			<line number="132"  hits="0"  branch="false" />
			<line number="135"  hits="1"  branch="false" />
			<line number="136"  hits="0"  branch="false" />
			<line number="141"  hits="1"  branch="false" />
			<line number="142"  hits="0"  branch="false" />
			<line number="144"  hits="0"  branch="false" />
			<line number="145"  hits="0"  branch="false" />
			<line number="146"  hits="0"  branch="false" />
			<line number="147"  hits="0"  branch="false" />
			<line number="154"  hits="0"  branch="false" />
			<line number="155"  hits="0"  branch="true"  condition-coverage="0% (0/2)" />
			<line number="156"  hits="0"  branch="false" />
			<line number="157"  hits="0"  branch="false" />
			<line number="160"  hits="0"  branch="false" />
			<line number="166"  hits="0"  branch="false" />
			<line number="170"  hits="1"  branch="false" />
			<line number="171"  hits="0"  branch="false" />
			<line number="173"  hits="0"  branch="false" />
			<line number="175"  hits="0"  branch="false" />
			<line number="179"  hits="0"  branch="false" />
			<line number="180"  hits="0"  branch="false" />
			<line number="183"  hits="0"  branch="true"  condition-coverage="0% (0/4)" />
			<line number="185"  hits="0"  branch="false" />
			<line number="189"  hits="0"  branch="true"  condition-coverage="0% (0/2)" />
			<line number="193"  hits="0"  branch="false" />
			<line number="200"  hits="0"  branch="false" />
			<line number="203"  hits="1"  branch="false" />
			<line number="204"  hits="0"  branch="false" />
			<line number="205"  hits="0"  branch="false" />
			<line number="207"  hits="0"  branch="false" />
			<line number="209"  hits="0"  branch="false" />
			<line number="212"  hits="0"  branch="false" />
			<line number="214"  hits="0"  branch="false" />
			<line number="215"  hits="0"  branch="true"  condition-coverage="0% (0/2)" />
			<line number="216"  hits="0"  branch="false" />
			<line number="217"  hits="0"  branch="false" />
			<line number="220"  hits="0"  branch="false" />
			<line number="226"  hits="0"  branch="false" />
			<line number="231"  hits="1"  branch="false" />
			<line number="232"  hits="0"  branch="false" />
			<line number="234"  hits="0"  branch="false" />
			<line number="236"  hits="0"  branch="false" />
			<line number="238"  hits="0"  branch="false" />
			<line number="239"  hits="0"  branch="true"  condition-coverage="0% (0/2)" />
			<line number="242"  hits="0"  branch="false" />
			<line number="246"  hits="0"  branch="false" />
			<line number="249"  hits="1"  branch="false" />
			<line number="250"  hits="0"  branch="false" />
			<line number="252"  hits="0"  branch="false" />
			<line number="254"  hits="0"  branch="false" />
			<line number="256"  hits="0"  branch="false" />
			<line number="257"  hits="0"  branch="false" />
			<line number="260"  hits="0"  branch="false" />
			<line number="261"  hits="0"  branch="false" />
			<line number="265"  hits="0"  branch="false" />
			<line number="273"  hits="1"  branch="false" />
			<line number="274"  hits="0"  branch="false" />
			<line number="275"  hits="0"  branch="false" />
			<line number="276"  hits="0"  branch="false" />
			<line number="277"  hits="0"  branch="false" />
			<line number="278"  hits="0"  branch="false" />
			<line number="279"  hits="0"  branch="true"  condition-coverage="0% (0/4)" />
			<line number="280"  hits="0"  branch="true"  condition-coverage="0% (0/2)" />
			<line number="285"  hits="0"  branch="false" />
			<line number="286"  hits="0"  branch="true"  condition-coverage="0% (0/2)" />
			<line number="287"  hits="0"  branch="false" />
			<line number="288"  hits="0"  branch="false" />
			<line number="289"  hits="0"  branch="false" />
			<line number="290"  hits="0"  branch="false" />
			<line number="295"  hits="0"  branch="false" />
			<line number="296"  hits="0"  branch="false" />
			<line number="298"  hits="0"  branch="false" />
			<line number="299"  hits="0"  branch="false" />
			<line number="305"  hits="0"  branch="false" />
			<line number="308"  hits="0"  branch="false" />
			<line number="310"  hits="0"  branch="false" />
			<line number="315"  hits="1"  branch="false" />
			<line number="317"  hits="0"  branch="false" />
			<line number="318"  hits="0"  branch="false" />
			<line number="322"  hits="0"  branch="false" />
			<line number="323"  hits="0"  branch="false" />
			<line number="324"  hits="0"  branch="true"  condition-coverage="0% (0/2)" />
			<line number="325"  hits="0"  branch="false" />
			<line number="326"  hits="0"  branch="false" />
			<line number="328"  hits="0"  branch="true"  condition-coverage="0% (0/2)" />
			<line number="329"  hits="0"  branch="false" />
			<line number="330"  hits="0"  branch="false" />
			<line number="333"  hits="0"  branch="false" />
			<line number="334"  hits="0"  branch="false" />
			<line number="337"  hits="0"  branch="false" />
			<line number="338"  hits="0"  branch="false" />
			<line number="341"  hits="0"  branch="false" />
			<line number="344"  hits="1"  branch="false" />
			<line number="345"  hits="0"  branch="true"  condition-coverage="0% (0/2)" />
			<line number="347"  hits="0"  branch="true"  condition-coverage="0% (0/4)" />
			<line number="349"  hits="0"  branch="false" />
			<line number="350"  hits="0"  branch="false" />
			<line number="353"  hits="0"  branch="true"  condition-coverage="0% (0/4)" />
			<line number="354"  hits="0"  branch="false" />
			<line number="356"  hits="0"  branch="true"  condition-coverage="0% (0/2)" />
			<line number="359"  hits="1"  branch="false" />
			<line number="360"  hits="0"  branch="false" />
			<line number="361"  hits="0"  branch="false" />
			<line number="362"  hits="0"  branch="false" />
			<line number="364"  hits="0"  branch="false" />
			<line number="365"  hits="0"  branch="true"  condition-coverage="0% (0/2)" />
			<line number="366"  hits="0"  branch="false" />
			<line number="368"  hits="0"  branch="false" />
			<line number="369"  hits="0"  branch="false" />
			<line number="370"  hits="0"  branch="false" />
			<line number="371"  hits="0"  branch="false" />
			<line number="372"  hits="0"  branch="false" />
			<line number="373"  hits="0"  branch="true"  condition-coverage="0% (0/2)" />
			<line number="374"  hits="0"  branch="false" />
			<line number="375"  hits="0"  branch="false" />
			<line number="376"  hits="0"  branch="false" />
			<line number="377"  hits="0"  branch="false" />
			<line number="380"  hits="0"  branch="false" />
			<line number="381"  hits="0"  branch="false" />
			<line number="383"  hits="0"  branch="false" />
			<line number="384"  hits="0"  branch="false" />
			<line number="385"  hits="0"  branch="false" />
			<line number="386"  hits="0"  branch="false" />
			<line number="387"  hits="0"  branch="false" />
			<line number="388"  hits="0"  branch="false" />
			<line number="389"  hits="0"  branch="false" />
			<line number="392"  hits="0"  branch="true"  condition-coverage="0% (0/2)" />
			<line number="393"  hits="0"  branch="false" />
			<line number="394"  hits="0"  branch="false" />
			<line number="395"  hits="0"  branch="true"  condition-coverage="0% (0/2)" />
			<line number="396"  hits="0"  branch="false" />
			<line number="397"  hits="0"  branch="false" />
			<line number="401"  hits="0"  branch="false" />
			<line number="402"  hits="0"  branch="false" />
			<line number="406"  hits="0"  branch="false" />
			<line number="407"  hits="0"  branch="false" />
			<line number="409"  hits="0"  branch="false" />
			<line number="410"  hits="0"  branch="true"  condition-coverage="0% (0/2)" />
			<line number="411"  hits="0"  branch="true"  condition-coverage="0% (0/2)" />
			<line number="412"  hits="0"  branch="false" />
			<line number="413"  hits="0"  branch="false" />
			<line number="414"  hits="0"  branch="false" />
			<line number="419"  hits="0"  branch="true"  condition-coverage="0% (0/4)" />
			<line number="423"  hits="0"  branch="false" />
			<line number="426"  hits="0"  branch="false" />
			<line number="427"  hits="0"  branch="false" />
			<line number="428"  hits="0"  branch="true"  condition-coverage="0% (0/2)" />
			<line number="429"  hits="0"  branch="false" />
			<line number="430"  hits="0"  branch="false" />
			<line number="431"  hits="0"  branch="false" />
			<line number="434"  hits="0"  branch="false" />
			<line number="435"  hits="0"  branch="false" />
			<line number="436"  hits="0"  branch="false" />
			<line number="437"  hits="0"  branch="true"  condition-coverage="0% (0/2)" />
			<line number="438"  hits="0"  branch="false" />
			<line number="439"  hits="0"  branch="true"  condition-coverage="0% (0/2)" />
			<line number="440"  hits="0"  branch="false" />
			<line number="441"  hits="0"  branch="false" />
			<line number="442"  hits="0"  branch="false" />
			<line number="443"  hits="0"  branch="false" />
			<line number="445"  hits="0"  branch="false" />
			<line number="447"  hits="0"  branch="false" />
			<line number="448"  hits="0"  branch="false" />
			<line number="449"  hits="0"  branch="false" />
			<line number="452"  hits="0"  branch="false" />
			<line number="454"  hits="0"  branch="false" />
			<line number="455"  hits="0"  branch="false" />
			<line number="461"  hits="0"  branch="false" />
			<line number="462"  hits="0"  branch="false" />
			<line number="463"  hits="0"  branch="false" />
			<line number="464"  hits="0"  branch="false" />
			<line number="465"  hits="0"  branch="true"  condition-coverage="0% (0/2)" />
			<line number="466"  hits="0"  branch="false" />
			<line number="467"  hits="0"  branch="false" />
			<line number="468"  hits="0"  branch="false" />
			<line number="469"  hits="0"  branch="false" />
			<line number="474"  hits="0"  branch="false" />
			<line number="477"  hits="0"  branch="false" />
			<line number="480"  hits="1"  branch="false" />
			<line number="481"  hits="0"  branch="false" />
			<line number="482"  hits="0"  branch="false" />
			<line number="483"  hits="0"  branch="false" />
			<line number="484"  hits="0"  branch="false" />
			<line number="485"  hits="0"  branch="false" />
			<line number="486"  hits="0"  branch="false" />
			<line number="487"  hits="0"  branch="false" />
			<line number="488"  hits="0"  branch="false" />
			<line number="489"  hits="0"  branch="false" />
			<line number="490"  hits="0"  branch="true"  condition-coverage="0% (0/4)" />
			<line number="491"  hits="0"  branch="true"  condition-coverage="0% (0/5)" />
			<line number="492"  hits="0"  branch="true"  condition-coverage="0% (0/2)" />
			<line number="494"  hits="0"  branch="false" />
			<line number="495"  hits="0"  branch="false" />
			<line number="498"  hits="0"  branch="false" />
			<line number="500"  hits="0"  branch="true"  condition-coverage="0% (0/2)" />
			<line number="501"  hits="0"  branch="false" />
			<line number="502"  hits="0"  branch="false" />
			<line number="505"  hits="0"  branch="false" />
			<line number="506"  hits="0"  branch="false" />
			<line number="507"  hits="0"  branch="false" />
			<line number="508"  hits="0"  branch="false" />
			<line number="509"  hits="0"  branch="false" />
			<line number="510"  hits="0"  branch="false" />
			<line number="511"  hits="0"  branch="true"  condition-coverage="0% (0/4)" />
			<line number="512"  hits="0"  branch="false" />
			<line number="513"  hits="0"  branch="false" />
			<line number="514"  hits="0"  branch="true"  condition-coverage="0% (0/2)" />
			<line number="515"  hits="0"  branch="false" />
			<line number="516"  hits="0"  branch="false" />
			<line number="517"  hits="0"  branch="false" />
			<line number="518"  hits="0"  branch="false" />
			<line number="519"  hits="0"  branch="false" />
			<line number="520"  hits="0"  branch="false" />
			<line number="521"  hits="0"  branch="false" />
			<line number="522"  hits="0"  branch="false" />
			<line number="523"  hits="0"  branch="false" />
			<line number="524"  hits="0"  branch="false" />
			<line number="525"  hits="0"  branch="true"  condition-coverage="0% (0/2)" />
			<line number="526"  hits="0"  branch="false" />
			<line number="531"  hits="0"  branch="false" />
			<line number="535"  hits="0"  branch="false" />
			<line number="537"  hits="0"  branch="false" />
			<line number="540"  hits="0"  branch="false" />
			<line number="541"  hits="0"  branch="false" />
			<line number="543"  hits="0"  branch="false" />
			<line number="544"  hits="0"  branch="false" />
			<line number="550"  hits="1"  branch="false" />
			<line number="551"  hits="0"  branch="false" />
			<line number="552"  hits="0"  branch="false" />
			<line number="553"  hits="0"  branch="false" />
			<line number="555"  hits="0"  branch="false" />
			<line number="556"  hits="0"  branch="false" />
			<line number="558"  hits="0"  branch="true"  condition-coverage="0% (0/2)" />
			<line number="566"  hits="0"  branch="false" />
			<line number="567"  hits="0"  branch="false" />
			<line number="569"  hits="0"  branch="false" />
			<line number="570"  hits="0"  branch="false" />
			<line number="571"  hits="0"  branch="true"  condition-coverage="0% (0/2)" />
			<line number="572"  hits="0"  branch="false" />
			<line number="576"  hits="0"  branch="false" />
			<line number="591"  hits="0"  branch="true"  condition-coverage="0% (0/2)" />
			<line number="592"  hits="0"  branch="false" />
			<line number="594"  hits="0"  branch="false" />
			<line number="595"  hits="0"  branch="false" />
			<line number="598"  hits="0"  branch="false" />
			<line number="599"  hits="0"  branch="false" />
			<line number="600"  hits="0"  branch="false" />
			<line number="601"  hits="0"  branch="false" />
			<line number="602"  hits="0"  branch="false" />
			<line number="603"  hits="0"  branch="false" />
			<line number="610"  hits="0"  branch="false" />
			<line number="612"  hits="0"  branch="false" />
			<line number="613"  hits="0"  branch="false" />
			<line number="616"  hits="0"  branch="false" />
			<line number="617"  hits="0"  branch="false" />
			<line number="618"  hits="0"  branch="false" />
			<line number="619"  hits="0"  branch="false" />
			<line number="620"  hits="0"  branch="true"  condition-coverage="0% (0/2)" />
			<line number="621"  hits="0"  branch="false" />
			<line number="622"  hits="0"  branch="false" />
			<line number="623"  hits="0"  branch="false" />
			<line number="624"  hits="0"  branch="true"  condition-coverage="0% (0/2)" />
			<line number="625"  hits="0"  branch="false" />
			<line number="629"  hits="0"  branch="false" />
			<line number="630"  hits="0"  branch="false" />
			<line number="632"  hits="0"  branch="false" />
			<line number="633"  hits="0"  branch="true"  condition-coverage="0% (0/2)" />
			<line number="634"  hits="0"  branch="false" />
			<line number="654"  hits="0"  branch="false" />
			<line number="655"  hits="0"  branch="false" />
			<line number="656"  hits="0"  branch="false" />
			<line number="659"  hits="0"  branch="false" />
			<line number="660"  hits="0"  branch="true"  condition-coverage="0% (0/2)" />
			<line number="661"  hits="0"  branch="false" />
			<line number="664"  hits="0"  branch="false" />
			<line number="668"  hits="0"  branch="false" />
			<line number="672"  hits="1"  branch="false" />
			<line number="674"  hits="0"  branch="false" />
			<line number="675"  hits="0"  branch="false" />
			<line number="676"  hits="0"  branch="false" />
			<line number="677"  hits="0"  branch="false" />
			<line number="678"  hits="0"  branch="true"  condition-coverage="0% (0/4)" />
			<line number="679"  hits="0"  branch="false" />
			<line number="680"  hits="0"  branch="false" />
			<line number="681"  hits="0"  branch="false" />
			<line number="682"  hits="0"  branch="true"  condition-coverage="0% (0/2)" />
			<line number="685"  hits="0"  branch="false" />
			<line number="686"  hits="0"  branch="false" />
			<line number="687"  hits="0"  branch="false" />
			<line number="688"  hits="0"  branch="false" />
			<line number="689"  hits="0"  branch="false" />
			<line number="694"  hits="0"  branch="false" />
			<line number="695"  hits="0"  branch="true"  condition-coverage="0% (0/2)" />
			<line number="696"  hits="0"  branch="false" />
			<line number="697"  hits="0"  branch="false" />
			<line number="698"  hits="0"  branch="false" />
			<line number="699"  hits="0"  branch="true"  condition-coverage="0% (0/2)" />
			<line number="700"  hits="0"  branch="false" />
			<line number="704"  hits="0"  branch="false" />
			<line number="707"  hits="0"  branch="false" />
			<line number="710"  hits="1"  branch="false" />
			<line number="711"  hits="0"  branch="false" />
			<line number="714"  hits="1"  branch="false" />
			<line number="715"  hits="0"  branch="false" />
			<line number="718"  hits="1"  branch="false" />
			<line number="720"  hits="0"  branch="true"  condition-coverage="0% (0/2)" />
			<line number="723"  hits="0"  branch="true"  condition-coverage="0% (0/4)" />
			<line number="725"  hits="0"  branch="false" />
			<line number="726"  hits="0"  branch="false" />
			<line number="729"  hits="0"  branch="true"  condition-coverage="0% (0/4)" />
			<line number="730"  hits="0"  branch="false" />
			<line number="732"  hits="0"  branch="true"  condition-coverage="0% (0/2)" />
			<line number="736"  hits="1"  branch="false" />
			<line number="738"  hits="0"  branch="false" />
			<line number="743"  hits="1"  branch="false" />
			<line number="744"  hits="0"  branch="false" />
			<line number="745"  hits="0"  branch="false" />
			<line number="746"  hits="0"  branch="false" />
			<line number="747"  hits="0"  branch="false" />
			<line number="749"  hits="0"  branch="false" />
			<line number="753"  hits="0"  branch="false" />
			<line number="756"  hits="1"  branch="false" />
			<line number="760"  hits="1"  branch="false" />
			<line number="761"  hits="0"  branch="false" />
			<line number="764"  hits="1"  branch="false" />
			<line number="765"  hits="0"  branch="false" />
			<line number="768"  hits="1"  branch="false" />
			<line number="769"  hits="0"  branch="false" />
			<line number="772"  hits="1"  branch="false" />
			<line number="774"  hits="1"  branch="false" />
		</lines>
		</class>
		<class name="config.js"  filename="config.js"  line-rate="0.8571"  branch-rate="0.5" >
		<methods>
			<method name="module_exists"  hits="1"  signature="()V" >
				<lines><line number="23"  hits="1" /></lines>
			</method>
		</methods>
		<lines>
			<line number="1"  hits="1"  branch="false" />
			<line number="23"  hits="1"  branch="false" />
			<line number="24"  hits="1"  branch="false" />
			<line number="25"  hits="1"  branch="false" />
			<line number="28"  hits="1"  branch="true"  condition-coverage="50% (1/2)" />
			<line number="29"  hits="0"  branch="false" />
			<line number="31"  hits="1"  branch="false" />
		</lines>
		</class>
		<class name="googleapi.js"  filename="googleapi.js"  line-rate="0.4783"  branch-rate="0" >
		<methods>
			<method name="(anonymous_1)"  hits="1"  signature="()V" >
				<lines><line number="1"  hits="1" /></lines>
			</method>
			<method name="googleapi"  hits="1"  signature="()V" >
				<lines><line number="8"  hits="1" /></lines>
			</method>
			<method name="getShortUrl"  hits="0"  signature="()V" >
				<lines><line number="13"  hits="0" /></lines>
			</method>
			<method name="(anonymous_4)"  hits="0"  signature="()V" >
				<lines><line number="20"  hits="0" /></lines>
			</method>
			<method name="(anonymous_5)"  hits="0"  signature="()V" >
				<lines><line number="30"  hits="0" /></lines>
			</method>
		</methods>
		<lines>
			<line number="1"  hits="1"  branch="false" />
			<line number="2"  hits="1"  branch="false" />
			<line number="3"  hits="1"  branch="false" />
			<line number="4"  hits="1"  branch="false" />
			<line number="6"  hits="1"  branch="false" />
			<line number="8"  hits="1"  branch="false" />
			<line number="9"  hits="1"  branch="false" />
			<line number="10"  hits="1"  branch="false" />
			<line number="13"  hits="1"  branch="false" />
			<line number="14"  hits="0"  branch="false" />
			<line number="15"  hits="0"  branch="false" />
			<line number="20"  hits="0"  branch="false" />
			<line number="21"  hits="0"  branch="false" />
			<line number="22"  hits="0"  branch="true"  condition-coverage="0% (0/2)" />
			<line number="23"  hits="0"  branch="false" />
			<line number="24"  hits="0"  branch="false" />
			<line number="25"  hits="0"  branch="false" />
			<line number="28"  hits="0"  branch="false" />
			<line number="31"  hits="0"  branch="false" />
			<line number="32"  hits="0"  branch="false" />
			<line number="35"  hits="0"  branch="false" />
			<line number="39"  hits="1"  branch="false" />
			<line number="41"  hits="1"  branch="false" />
		</lines>
		</class>
		<class name="server.js"  filename="server.js"  line-rate="0.6346"  branch-rate="0.4286" >
		<methods>
			<method name="(anonymous_1)"  hits="1"  signature="()V" >
				<lines><line number="27"  hits="1" /></lines>
			</method>
			<method name="(anonymous_2)"  hits="38"  signature="()V" >
				<lines><line number="29"  hits="38" /></lines>
			</method>
			<method name="(anonymous_3)"  hits="1"  signature="()V" >
				<lines><line number="40"  hits="1" /></lines>
			</method>
			<method name="(anonymous_4)"  hits="3"  signature="()V" >
				<lines><line number="42"  hits="3" /></lines>
			</method>
			<method name="(anonymous_5)"  hits="0"  signature="()V" >
				<lines><line number="65"  hits="0" /></lines>
			</method>
			<method name="(anonymous_6)"  hits="0"  signature="()V" >
				<lines><line number="77"  hits="0" /></lines>
			</method>
			<method name="(anonymous_7)"  hits="0"  signature="()V" >
				<lines><line number="90"  hits="0" /></lines>
			</method>
		</methods>
		<lines>
			<line number="1"  hits="1"  branch="false" />
			<line number="2"  hits="1"  branch="false" />
			<line number="3"  hits="1"  branch="false" />
			<line number="4"  hits="1"  branch="false" />
			<line number="5"  hits="1"  branch="false" />
			<line number="9"  hits="1"  branch="false" />
			<line number="11"  hits="1"  branch="false" />
			<line number="12"  hits="1"  branch="false" />
			<line number="14"  hits="1"  branch="false" />
			<line number="20"  hits="1"  branch="true"  condition-coverage="50% (1/2)" />
			<line number="21"  hits="0"  branch="false" />
			<line number="22"  hits="0"  branch="false" />
			<line number="23"  hits="0"  branch="false" />
			<line number="27"  hits="1"  branch="false" />
			<line number="28"  hits="1"  branch="false" />
			<line number="29"  hits="1"  branch="false" />
			<line number="30"  hits="38"  branch="false" />
			<line number="31"  hits="38"  branch="true"  condition-coverage="50% (1/2)" />
			<line number="33"  hits="0"  branch="false" />
			<line number="34"  hits="0"  branch="false" />
			<line number="35"  hits="0"  branch="false" />
			<line number="40"  hits="1"  branch="false" />
			<line number="41"  hits="1"  branch="false" />
			<line number="42"  hits="1"  branch="false" />
			<line number="43"  hits="3"  branch="false" />
			<line number="44"  hits="3"  branch="true"  condition-coverage="50% (1/2)" />
			<line number="46"  hits="0"  branch="false" />
			<line number="47"  hits="0"  branch="false" />
			<line number="48"  hits="0"  branch="false" />
			<line number="49"  hits="0"  branch="false" />
			<line number="54"  hits="1"  branch="true"  condition-coverage="50% (1/2)" />
			<line number="55"  hits="1"  branch="false" />
			<line number="58"  hits="0"  branch="false" />
			<line number="61"  hits="1"  branch="false" />
			<line number="64"  hits="1"  branch="false" />
			<line number="65"  hits="1"  branch="false" />
			<line number="66"  hits="0"  branch="true"  condition-coverage="0% (0/2)" />
			<line number="67"  hits="0"  branch="false" />
			<line number="68"  hits="0"  branch="false" />
			<line number="73"  hits="1"  branch="false" />
			<line number="76"  hits="1"  branch="false" />
			<line number="77"  hits="1"  branch="false" />
			<line number="78"  hits="0"  branch="true"  condition-coverage="0% (0/2)" />
			<line number="79"  hits="0"  branch="false" />
			<line number="82"  hits="0"  branch="false" />
			<line number="85"  hits="0"  branch="false" />
			<line number="89"  hits="1"  branch="false" />
			<line number="91"  hits="0"  branch="false" />
			<line number="96"  hits="1"  branch="false" />
			<line number="97"  hits="1"  branch="false" />
			<line number="98"  hits="1"  branch="false" />
			<line number="100"  hits="1"  branch="true"  condition-coverage="100% (2/2)" />
		</lines>
		</class>
		<class name="utils.js"  filename="utils.js"  line-rate="0.24559999999999998"  branch-rate="0" >
		<methods>
			<method name="(anonymous_1)"  hits="1"  signature="()V" >
				<lines><line number="1"  hits="1" /></lines>
			</method>
			<method name="utils"  hits="0"  signature="()V" >
				<lines><line number="7"  hits="0" /></lines>
			</method>
			<method name="getP2SHVersion"  hits="0"  signature="()V" >
				<lines><line number="10"  hits="0" /></lines>
			</method>
			<method name="(anonymous_4)"  hits="0"  signature="()V" >
				<lines><line number="12"  hits="0" /></lines>
			</method>
			<method name="getP2SHVersionForOpenAssetsAddress"  hits="0"  signature="()V" >
				<lines><line number="21"  hits="0" /></lines>
			</method>
			<method name="getP2SHVersionForOpenAssetsId"  hits="0"  signature="()V" >
				<lines><line number="25"  hits="0" /></lines>
			</method>
			<method name="getAssetAddressId"  hits="0"  signature="()V" >
				<lines><line number="38"  hits="0" /></lines>
			</method>
			<method name="getassetId"  hits="0"  signature="()V" >
				<lines><line number="49"  hits="0" /></lines>
			</method>
			<method name="createMetadata"  hits="0"  signature="()V" >
				<lines><line number="64"  hits="0" /></lines>
			</method>
			<method name="createMetadata"  hits="0"  signature="()V" >
				<lines><line number="80"  hits="0" /></lines>
			</method>
		</methods>
		<lines>
			<line number="1"  hits="1"  branch="false" />
			<line number="2"  hits="1"  branch="false" />
			<line number="3"  hits="1"  branch="false" />
			<line number="4"  hits="1"  branch="false" />
			<line number="5"  hits="1"  branch="false" />
			<line number="7"  hits="1"  branch="false" />
			<line number="10"  hits="1"  branch="false" />
			<line number="11"  hits="0"  branch="false" />
			<line number="12"  hits="0"  branch="false" />
			<line number="13"  hits="0"  branch="true"  condition-coverage="0% (0/2)" />
			<line number="15"  hits="0"  branch="false" />
			<line number="16"  hits="0"  branch="false" />
			<line number="17"  hits="0"  branch="false" />
			<line number="18"  hits="0"  branch="true"  condition-coverage="0% (0/2)" />
			<line number="21"  hits="1"  branch="false" />
			<line number="22"  hits="0"  branch="false" />
			<line number="25"  hits="1"  branch="false" />
			<line number="26"  hits="0"  branch="false" />
			<line number="27"  hits="0"  branch="true"  condition-coverage="0% (0/4)" />
			<line number="28"  hits="0"  branch="false" />
			<line number="29"  hits="0"  branch="false" />
			<line number="32"  hits="0"  branch="false" />
			<line number="33"  hits="0"  branch="false" />
			<line number="38"  hits="1"  branch="false" />
			<line number="39"  hits="0"  branch="false" />
			<line number="40"  hits="0"  branch="false" />
			<line number="41"  hits="0"  branch="false" />
			<line number="42"  hits="0"  branch="false" />
			<line number="43"  hits="0"  branch="false" />
			<line number="44"  hits="0"  branch="false" />
			<line number="45"  hits="0"  branch="false" />
			<line number="49"  hits="1"  branch="false" />
			<line number="50"  hits="0"  branch="false" />
			<line number="51"  hits="0"  branch="false" />
			<line number="52"  hits="0"  branch="false" />
			<line number="53"  hits="0"  branch="false" />
			<line number="54"  hits="0"  branch="false" />
			<line number="55"  hits="0"  branch="false" />
			<line number="56"  hits="0"  branch="false" />
			<line number="57"  hits="0"  branch="false" />
			<line number="58"  hits="0"  branch="false" />
			<line number="59"  hits="0"  branch="false" />
			<line number="60"  hits="0"  branch="false" />
			<line number="64"  hits="1"  branch="false" />
			<line number="65"  hits="0"  branch="false" />
			<line number="67"  hits="0"  branch="false" />
			<line number="68"  hits="0"  branch="false" />
			<line number="69"  hits="0"  branch="false" />
			<line number="72"  hits="0"  branch="false" />
			<line number="80"  hits="1"  branch="false" />
			<line number="81"  hits="0"  branch="false" />
			<line number="83"  hits="0"  branch="false" />
			<line number="84"  hits="0"  branch="false" />
			<line number="100"  hits="0"  branch="false" />
			<line number="103"  hits="0"  branch="false" />
			<line number="104"  hits="0"  branch="false" />
			<line number="110"  hits="1"  branch="false" />
		</lines>
		</class>
	</classes>
	</package>
	<package name="coloredcoinsd.controllers"  line-rate="1"  branch-rate="0.8332999999999999" >
	<classes>
		<class name="index.js"  filename="controllers/index.js"  line-rate="1"  branch-rate="0.8332999999999999" >
		<methods>
			<method name="(anonymous_1)"  hits="2"  signature="()V" >
				<lines><line number="11"  hits="2" /></lines>
			</method>
			<method name="(anonymous_2)"  hits="1"  signature="()V" >
				<lines><line number="23"  hits="1" /></lines>
			</method>
			<method name="(anonymous_3)"  hits="1"  signature="()V" >
				<lines><line number="24"  hits="1" /></lines>
			</method>
		</methods>
		<lines>
			<line number="1"  hits="1"  branch="false" />
			<line number="2"  hits="1"  branch="false" />
			<line number="3"  hits="1"  branch="false" />
			<line number="4"  hits="1"  branch="false" />
			<line number="5"  hits="1"  branch="false" />
			<line number="6"  hits="1"  branch="false" />
			<line number="11"  hits="1"  branch="false" />
			<line number="12"  hits="2"  branch="false" />
			<line number="13"  hits="2"  branch="false" />
			<line number="14"  hits="2"  branch="false" />
			<line number="15"  hits="2"  branch="true"  condition-coverage="100% (4/4)" />
			<line number="16"  hits="1"  branch="false" />
			<line number="17"  hits="1"  branch="false" />
			<line number="18"  hits="1"  branch="false" />
			<line number="23"  hits="1"  branch="false" />
			<line number="24"  hits="1"  branch="false" />
			<line number="25"  hits="1"  branch="false" />
			<line number="26"  hits="1"  branch="false" />
			<line number="27"  hits="1"  branch="false" />
			<line number="28"  hits="1"  branch="false" />
			<line number="29"  hits="1"  branch="false" />
			<line number="31"  hits="1"  branch="false" />
			<line number="32"  hits="1"  branch="false" />
			<line number="33"  hits="1"  branch="false" />
			<line number="35"  hits="1"  branch="false" />
			<line number="36"  hits="1"  branch="true"  condition-coverage="50% (1/2)" />
			<line number="37"  hits="1"  branch="false" />
		</lines>
		</class>
	</classes>
	</package>
	<package name="coloredcoinsd.controllers.v2"  line-rate="0.3433"  branch-rate="0.2353" >
	<classes>
		<class name="color.js"  filename="controllers/v2/color.js"  line-rate="0.2787"  branch-rate="0" >
		<methods>
			<method name="(anonymous_1)"  hits="1"  signature="()V" >
				<lines><line number="1"  hits="1" /></lines>
			</method>
			<method name="color"  hits="0"  signature="()V" >
				<lines><line number="18"  hits="0" /></lines>
			</method>
			<method name="registerRoutes"  hits="1"  signature="()V" >
				<lines><line number="22"  hits="1" /></lines>
			</method>
			<method name="(anonymous_4)"  hits="0"  signature="()V" >
				<lines><line number="42"  hits="0" /></lines>
			</method>
			<method name="(anonymous_5)"  hits="0"  signature="()V" >
				<lines><line number="65"  hits="0" /></lines>
			</method>
			<method name="(anonymous_6)"  hits="0"  signature="()V" >
				<lines><line number="86"  hits="0" /></lines>
			</method>
			<method name="(anonymous_7)"  hits="0"  signature="()V" >
				<lines><line number="88"  hits="0" /></lines>
			</method>
			<method name="(anonymous_8)"  hits="0"  signature="()V" >
				<lines><line number="88"  hits="0" /></lines>
			</method>
			<method name="(anonymous_9)"  hits="0"  signature="()V" >
				<lines><line number="110"  hits="0" /></lines>
			</method>
			<method name="tryGetAddress"  hits="0"  signature="()V" >
				<lines><line number="134"  hits="0" /></lines>
			</method>
			<method name="(anonymous_11)"  hits="0"  signature="()V" >
				<lines><line number="138"  hits="0" /></lines>
			</method>
			<method name="tryIssueAsset"  hits="0"  signature="()V" >
				<lines><line number="148"  hits="0" /></lines>
			</method>
			<method name="(anonymous_13)"  hits="0"  signature="()V" >
				<lines><line number="155"  hits="0" /></lines>
			</method>
			<method name="(anonymous_14)"  hits="0"  signature="()V" >
				<lines><line number="158"  hits="0" /></lines>
			</method>
			<method name="returnError"  hits="0"  signature="()V" >
				<lines><line number="166"  hits="0" /></lines>
			</method>
			<method name="validateInput"  hits="0"  signature="()V" >
				<lines><line number="172"  hits="0" /></lines>
			</method>
			<method name="trySendAsset"  hits="0"  signature="()V" >
				<lines><line number="185"  hits="0" /></lines>
			</method>
			<method name="(anonymous_18)"  hits="0"  signature="()V" >
				<lines><line number="191"  hits="0" /></lines>
			</method>
			<method name="(anonymous_19)"  hits="0"  signature="()V" >
				<lines><line number="194"  hits="0" /></lines>
			</method>
			<method name="trygetAssetStakeholders"  hits="0"  signature="()V" >
				<lines><line number="205"  hits="0" /></lines>
			</method>
			<method name="(anonymous_21)"  hits="0"  signature="()V" >
				<lines><line number="208"  hits="0" /></lines>
			</method>
			<method name="(anonymous_22)"  hits="0"  signature="()V" >
				<lines><line number="211"  hits="0" /></lines>
			</method>
			<method name="newAssetResponseFromOpenAssets"  hits="0"  signature="()V" >
				<lines><line number="220"  hits="0" /></lines>
			</method>
			<method name="getOpenAssetsItem"  hits="0"  signature="()V" >
				<lines><line number="237"  hits="0" /></lines>
			</method>
			<method name="(anonymous_25)"  hits="0"  signature="()V" >
				<lines><line number="251"  hits="0" /></lines>
			</method>
			<method name="(anonymous_26)"  hits="0"  signature="()V" >
				<lines><line number="261"  hits="0" /></lines>
			</method>
			<method name="hostMetadataFile"  hits="0"  signature="()V" >
				<lines><line number="271"  hits="0" /></lines>
			</method>
			<method name="(anonymous_28)"  hits="0"  signature="()V" >
				<lines><line number="283"  hits="0" /></lines>
			</method>
			<method name="(anonymous_29)"  hits="0"  signature="()V" >
				<lines><line number="286"  hits="0" /></lines>
			</method>
			<method name="(anonymous_30)"  hits="0"  signature="()V" >
				<lines><line number="295"  hits="0" /></lines>
			</method>
			<method name="(anonymous_31)"  hits="0"  signature="()V" >
				<lines><line number="305"  hits="0" /></lines>
			</method>
			<method name="(anonymous_32)"  hits="0"  signature="()V" >
				<lines><line number="310"  hits="0" /></lines>
			</method>
			<method name="generateLocalMetadataPath"  hits="0"  signature="()V" >
				<lines><line number="319"  hits="0" /></lines>
			</method>
			<method name="returnIssuedAsset"  hits="0"  signature="()V" >
				<lines><line number="331"  hits="0" /></lines>
			</method>
		</methods>
		<lines>
			<line number="1"  hits="1"  branch="false" />
			<line number="2"  hits="1"  branch="false" />
			<line number="3"  hits="1"  branch="false" />
			<line number="4"  hits="1"  branch="false" />
			<line number="5"  hits="1"  branch="false" />
			<line number="6"  hits="1"  branch="false" />
			<line number="7"  hits="1"  branch="false" />
			<line number="8"  hits="1"  branch="false" />
			<line number="9"  hits="1"  branch="false" />
			<line number="12"  hits="1"  branch="false" />
			<line number="13"  hits="1"  branch="false" />
			<line number="14"  hits="1"  branch="false" />
			<line number="18"  hits="1"  branch="false" />
			<line number="20"  hits="1"  branch="false" />
			<line number="22"  hits="1"  branch="false" />
			<line number="28"  hits="1"  branch="false" />
			<line number="43"  hits="0"  branch="false" />
			<line number="44"  hits="0"  branch="false" />
			<line number="48"  hits="1"  branch="false" />
			<line number="51"  hits="1"  branch="false" />
			<line number="66"  hits="0"  branch="false" />
			<line number="67"  hits="0"  branch="false" />
			<line number="71"  hits="1"  branch="false" />
			<line number="74"  hits="1"  branch="false" />
			<line number="87"  hits="0"  branch="false" />
			<line number="88"  hits="0"  branch="false" />
			<line number="95"  hits="1"  branch="false" />
			<line number="111"  hits="0"  branch="false" />
			<line number="112"  hits="0"  branch="false" />
			<line number="119"  hits="1"  branch="false" />
			<line number="134"  hits="1"  branch="false" />
			<line number="135"  hits="0"  branch="false" />
			<line number="136"  hits="0"  branch="false" />
			<line number="137"  hits="0"  branch="false" />
			<line number="138"  hits="0"  branch="false" />
			<line number="139"  hits="0"  branch="false" />
			<line number="141"  hits="0"  branch="false" />
			<line number="144"  hits="0"  branch="false" />
			<line number="148"  hits="1"  branch="false" />
			<line number="150"  hits="0"  branch="false" />
			<line number="151"  hits="0"  branch="false" />
			<line number="156"  hits="0"  branch="false" />
			<line number="159"  hits="0"  branch="false" />
			<line number="160"  hits="0"  branch="false" />
			<line number="166"  hits="1"  branch="false" />
			<line number="167"  hits="0"  branch="false" />
			<line number="168"  hits="0"  branch="false" />
			<line number="172"  hits="1"  branch="false" />
			<line number="173"  hits="0"  branch="false" />
			<line number="174"  hits="0"  branch="false" />
			<line number="175"  hits="0"  branch="true"  condition-coverage="0% (0/2)" />
			<line number="176"  hits="0"  branch="false" />
			<line number="179"  hits="0"  branch="false" />
			<line number="182"  hits="0"  branch="false" />
			<line number="185"  hits="1"  branch="false" />
			<line number="186"  hits="0"  branch="false" />
			<line number="187"  hits="0"  branch="false" />
			<line number="189"  hits="0"  branch="false" />
			<line number="190"  hits="0"  branch="false" />
			<line number="192"  hits="0"  branch="false" />
			<line number="195"  hits="0"  branch="false" />
			<line number="196"  hits="0"  branch="false" />
			<line number="200"  hits="0"  branch="false" />
			<line number="201"  hits="0"  branch="false" />
			<line number="205"  hits="1"  branch="false" />
			<line number="206"  hits="0"  branch="false" />
			<line number="207"  hits="0"  branch="false" />
			<line number="209"  hits="0"  branch="false" />
			<line number="212"  hits="0"  branch="false" />
			<line number="216"  hits="0"  branch="false" />
			<line number="220"  hits="1"  branch="false" />
			<line number="221"  hits="0"  branch="false" />
			<line number="222"  hits="0"  branch="false" />
			<line number="223"  hits="0"  branch="false" />
			<line number="229"  hits="0"  branch="false" />
			<line number="232"  hits="0"  branch="false" />
			<line number="233"  hits="0"  branch="false" />
			<line number="237"  hits="1"  branch="false" />
			<line number="238"  hits="0"  branch="false" />
			<line number="239"  hits="0"  branch="true"  condition-coverage="0% (0/2)" />
			<line number="240"  hits="0"  branch="false" />
			<line number="247"  hits="0"  branch="false" />
			<line number="250"  hits="0"  branch="false" />
			<line number="252"  hits="0"  branch="false" />
			<line number="259"  hits="0"  branch="false" />
			<line number="262"  hits="0"  branch="false" />
			<line number="263"  hits="0"  branch="false" />
			<line number="268"  hits="0"  branch="false" />
			<line number="271"  hits="1"  branch="false" />
			<line number="272"  hits="0"  branch="false" />
			<line number="273"  hits="0"  branch="false" />
			<line number="274"  hits="0"  branch="true"  condition-coverage="0% (0/5)" />
			<line number="275"  hits="0"  branch="false" />
			<line number="276"  hits="0"  branch="false" />
			<line number="280"  hits="0"  branch="false" />
			<line number="281"  hits="0"  branch="false" />
			<line number="282"  hits="0"  branch="false" />
			<line number="284"  hits="0"  branch="false" />
			<line number="285"  hits="0"  branch="false" />
			<line number="286"  hits="0"  branch="false" />
			<line number="287"  hits="0"  branch="true"  condition-coverage="0% (0/2)" />
			<line number="288"  hits="0"  branch="false" />
			<line number="289"  hits="0"  branch="false" />
			<line number="291"  hits="0"  branch="false" />
			<line number="292"  hits="0"  branch="false" />
			<line number="296"  hits="0"  branch="false" />
			<line number="303"  hits="0"  branch="false" />
			<line number="304"  hits="0"  branch="false" />
			<line number="306"  hits="0"  branch="false" />
			<line number="307"  hits="0"  branch="false" />
			<line number="308"  hits="0"  branch="false" />
			<line number="311"  hits="0"  branch="false" />
			<line number="315"  hits="0"  branch="false" />
			<line number="319"  hits="1"  branch="false" />
			<line number="320"  hits="0"  branch="true"  condition-coverage="0% (0/2)" />
			<line number="321"  hits="0"  branch="false" />
			<line number="322"  hits="0"  branch="false" />
			<line number="326"  hits="0"  branch="false" />
			<line number="327"  hits="0"  branch="false" />
			<line number="331"  hits="1"  branch="false" />
			<line number="332"  hits="0"  branch="false" />
			<line number="335"  hits="1"  branch="false" />
		</lines>
		</class>
		<class name="index.js"  filename="controllers/v2/index.js"  line-rate="1"  branch-rate="1" >
		<methods>
			<method name="(anonymous_1)"  hits="2"  signature="()V" >
				<lines><line number="4"  hits="2" /></lines>
			</method>
			<method name="(anonymous_2)"  hits="1"  signature="()V" >
				<lines><line number="12"  hits="1" /></lines>
			</method>
		</methods>
		<lines>
			<line number="1"  hits="1"  branch="false" />
			<line number="2"  hits="1"  branch="false" />
			<line number="4"  hits="1"  branch="false" />
			<line number="5"  hits="2"  branch="true"  condition-coverage="100% (4/4)" />
			<line number="6"  hits="1"  branch="false" />
			<line number="7"  hits="1"  branch="false" />
			<line number="8"  hits="1"  branch="false" />
			<line number="12"  hits="1"  branch="false" />
			<line number="13"  hits="1"  branch="false" />
			<line number="15"  hits="1"  branch="false" />
			<line number="16"  hits="1"  branch="false" />
			<line number="18"  hits="1"  branch="false" />
		</lines>
		</class>
	</classes>
	</package>
	<package name="coloredcoinsd.models.v2"  line-rate="1"  branch-rate="1" >
	<classes>
		<class name="AddressIn.js"  filename="models/v2/AddressIn.js"  line-rate="1"  branch-rate="1" >
		<methods>
		</methods>
		<lines>
			<line number="1"  hits="1"  branch="false" />
		</lines>
		</class>
		<class name="Asset.js"  filename="models/v2/Asset.js"  line-rate="1"  branch-rate="1" >
		<methods>
		</methods>
		<lines>
			<line number="1"  hits="1"  branch="false" />
		</lines>
		</class>
		<class name="AssetHolder.js"  filename="models/v2/AssetHolder.js"  line-rate="1"  branch-rate="1" >
		<methods>
		</methods>
		<lines>
			<line number="1"  hits="1"  branch="false" />
		</lines>
		</class>
		<class name="AssetHolders.js"  filename="models/v2/AssetHolders.js"  line-rate="1"  branch-rate="1" >
		<methods>
		</methods>
		<lines>
			<line number="1"  hits="1"  branch="false" />
		</lines>
		</class>
		<class name="AssetMetadata.js"  filename="models/v2/AssetMetadata.js"  line-rate="1"  branch-rate="1" >
		<methods>
		</methods>
		<lines>
			<line number="1"  hits="1"  branch="false" />
		</lines>
		</class>
		<class name="Bill.js"  filename="models/v2/Bill.js"  line-rate="1"  branch-rate="1" >
		<methods>
		</methods>
		<lines>
			<line number="1"  hits="1"  branch="false" />
		</lines>
		</class>
		<class name="ColorData.js"  filename="models/v2/ColorData.js"  line-rate="1"  branch-rate="1" >
		<methods>
		</methods>
		<lines>
			<line number="1"  hits="1"  branch="false" />
		</lines>
		</class>
		<class name="Constraint.js"  filename="models/v2/Constraint.js"  line-rate="1"  branch-rate="1" >
		<methods>
		</methods>
		<lines>
			<line number="1"  hits="1"  branch="false" />
		</lines>
		</class>
		<class name="FeeObject.js"  filename="models/v2/FeeObject.js"  line-rate="1"  branch-rate="1" >
		<methods>
		</methods>
		<lines>
			<line number="1"  hits="1"  branch="false" />
		</lines>
		</class>
		<class name="Flags.js"  filename="models/v2/Flags.js"  line-rate="1"  branch-rate="1" >
		<methods>
		</methods>
		<lines>
			<line number="1"  hits="1"  branch="false" />
		</lines>
		</class>
		<class name="Mints.js"  filename="models/v2/Mints.js"  line-rate="1"  branch-rate="1" >
		<methods>
		</methods>
		<lines>
			<line number="1"  hits="1"  branch="false" />
		</lines>
		</class>
		<class name="Reissue.js"  filename="models/v2/Reissue.js"  line-rate="1"  branch-rate="1" >
		<methods>
		</methods>
		<lines>
			<line number="1"  hits="1"  branch="false" />
		</lines>
		</class>
		<class name="TransferFees.js"  filename="models/v2/TransferFees.js"  line-rate="1"  branch-rate="1" >
		<methods>
		</methods>
		<lines>
			<line number="1"  hits="1"  branch="false" />
		</lines>
		</class>
		<class name="Validity.js"  filename="models/v2/Validity.js"  line-rate="1"  branch-rate="1" >
		<methods>
		</methods>
		<lines>
			<line number="1"  hits="1"  branch="false" />
		</lines>
		</class>
		<class name="addressAssetValue.js"  filename="models/v2/addressAssetValue.js"  line-rate="1"  branch-rate="1" >
		<methods>
		</methods>
		<lines>
			<line number="1"  hits="1"  branch="false" />
		</lines>
		</class>
		<class name="addressAssetValueList.js"  filename="models/v2/addressAssetValueList.js"  line-rate="1"  branch-rate="1" >
		<methods>
		</methods>
		<lines>
			<line number="1"  hits="1"  branch="false" />
		</lines>
		</class>
		<class name="expirationItem.js"  filename="models/v2/expirationItem.js"  line-rate="1"  branch-rate="1" >
		<methods>
		</methods>
		<lines>
			<line number="1"  hits="1"  branch="false" />
		</lines>
		</class>
		<class name="holdersList.js"  filename="models/v2/holdersList.js"  line-rate="1"  branch-rate="1" >
		<methods>
		</methods>
		<lines>
			<line number="1"  hits="1"  branch="false" />
		</lines>
		</class>
		<class name="index.js"  filename="models/v2/index.js"  line-rate="1"  branch-rate="1" >
		<methods>
			<method name="(anonymous_1)"  hits="1"  signature="()V" >
				<lines><line number="1"  hits="1" /></lines>
			</method>
			<method name="(anonymous_2)"  hits="33"  signature="()V" >
				<lines><line number="5"  hits="33" /></lines>
			</method>
		</methods>
		<lines>
			<line number="1"  hits="1"  branch="false" />
			<line number="2"  hits="1"  branch="false" />
			<line number="3"  hits="1"  branch="false" />
			<line number="5"  hits="1"  branch="false" />
			<line number="6"  hits="33"  branch="true"  condition-coverage="100% (4/4)" />
			<line number="7"  hits="32"  branch="false" />
			<line number="8"  hits="32"  branch="false" />
			<line number="9"  hits="32"  branch="false" />
			<line number="10"  hits="32"  branch="false" />
			<line number="11"  hits="32"  branch="false" />
		</lines>
		</class>
		<class name="issueAssetRequest.js"  filename="models/v2/issueAssetRequest.js"  line-rate="1"  branch-rate="1" >
		<methods>
		</methods>
		<lines>
			<line number="1"  hits="1"  branch="false" />
		</lines>
		</class>
		<class name="issueAssetResponse.js"  filename="models/v2/issueAssetResponse.js"  line-rate="1"  branch-rate="1" >
		<methods>
		</methods>
		<lines>
			<line number="1"  hits="1"  branch="false" />
		</lines>
		</class>
		<class name="metadata.js"  filename="models/v2/metadata.js"  line-rate="1"  branch-rate="1" >
		<methods>
		</methods>
		<lines>
			<line number="1"  hits="1"  branch="false" />
		</lines>
		</class>
		<class name="mintersList.js"  filename="models/v2/mintersList.js"  line-rate="1"  branch-rate="1" >
		<methods>
		</methods>
		<lines>
			<line number="1"  hits="1"  branch="false" />
		</lines>
		</class>
		<class name="ruels.js"  filename="models/v2/ruels.js"  line-rate="1"  branch-rate="1" >
		<methods>
		</methods>
		<lines>
			<line number="1"  hits="1"  branch="false" />
		</lines>
		</class>
		<class name="sciptSig.js"  filename="models/v2/sciptSig.js"  line-rate="1"  branch-rate="1" >
		<methods>
		</methods>
		<lines>
			<line number="1"  hits="1"  branch="false" />
		</lines>
		</class>
		<class name="scriptPubKey.js"  filename="models/v2/scriptPubKey.js"  line-rate="1"  branch-rate="1" >
		<methods>
		</methods>
		<lines>
			<line number="1"  hits="1"  branch="false" />
		</lines>
		</class>
		<class name="sendAssetRequest.js"  filename="models/v2/sendAssetRequest.js"  line-rate="1"  branch-rate="1" >
		<methods>
		</methods>
		<lines>
			<line number="1"  hits="1"  branch="false" />
		</lines>
		</class>
		<class name="sendAssetResponse.js"  filename="models/v2/sendAssetResponse.js"  line-rate="1"  branch-rate="1" >
		<methods>
		</methods>
		<lines>
			<line number="1"  hits="1"  branch="false" />
		</lines>
		</class>
		<class name="transfer.js"  filename="models/v2/transfer.js"  line-rate="1"  branch-rate="1" >
		<methods>
		</methods>
		<lines>
			<line number="1"  hits="1"  branch="false" />
		</lines>
		</class>
		<class name="transferWithAssetId.js"  filename="models/v2/transferWithAssetId.js"  line-rate="1"  branch-rate="1" >
		<methods>
		</methods>
		<lines>
			<line number="1"  hits="1"  branch="false" />
		</lines>
		</class>
		<class name="urlItem.js"  filename="models/v2/urlItem.js"  line-rate="1"  branch-rate="1" >
		<methods>
		</methods>
		<lines>
			<line number="1"  hits="1"  branch="false" />
		</lines>
		</class>
		<class name="vin.js"  filename="models/v2/vin.js"  line-rate="1"  branch-rate="1" >
		<methods>
		</methods>
		<lines>
			<line number="1"  hits="1"  branch="false" />
		</lines>
		</class>
		<class name="vout.js"  filename="models/v2/vout.js"  line-rate="1"  branch-rate="1" >
		<methods>
		</methods>
		<lines>
			<line number="1"  hits="1"  branch="false" />
		</lines>
		</class>
	</classes>
	</package>
</packages>
</coverage>
