{"/Users/thehobbit85/Colu/coloredcoinsd/server.js":{"path":"/Users/thehobbit85/Colu/coloredcoinsd/server.js","s":{"1":1,"2":1,"3":1,"4":1,"5":1,"6":1,"7":1,"8":1,"9":1,"10":1,"11":0,"12":0,"13":0,"14":1,"15":1,"16":1,"17":38,"18":38,"19":0,"20":0,"21":0,"22":1,"23":1,"24":1,"25":3,"26":3,"27":0,"28":0,"29":0,"30":0,"31":1,"32":1,"33":0,"34":1,"35":1,"36":1,"37":0,"38":0,"39":0,"40":1,"41":1,"42":1,"43":0,"44":0,"45":0,"46":0,"47":1,"48":0,"49":1,"50":1,"51":1,"52":1},"b":{"1":[0,1],"2":[0,38],"3":[0,3],"4":[1,0],"5":[0,0],"6":[0,0],"7":[1,1]},"f":{"1":1,"2":38,"3":1,"4":3,"5":0,"6":0,"7":0},"fnMap":{"1":{"name":"(anonymous_1)","line":27,"loc":{"start":{"line":27,"column":13},"end":{"line":27,"column":24}}},"2":{"name":"(anonymous_2)","line":29,"loc":{"start":{"line":29,"column":9},"end":{"line":29,"column":20}}},"3":{"name":"(anonymous_3)","line":40,"loc":{"start":{"line":40,"column":15},"end":{"line":40,"column":26}}},"4":{"name":"(anonymous_4)","line":42,"loc":{"start":{"line":42,"column":9},"end":{"line":42,"column":20}}},"5":{"name":"(anonymous_5)","line":65,"loc":{"start":{"line":65,"column":8},"end":{"line":65,"column":39}}},"6":{"name":"(anonymous_6)","line":77,"loc":{"start":{"line":77,"column":27},"end":{"line":77,"column":53}}},"7":{"name":"(anonymous_7)","line":90,"loc":{"start":{"line":90,"column":16},"end":{"line":90,"column":43}}}},"statementMap":{"1":{"start":{"line":1,"column":0},"end":{"line":1,"column":33}},"2":{"start":{"line":2,"column":0},"end":{"line":2,"column":33}},"3":{"start":{"line":3,"column":0},"end":{"line":3,"column":40}},"4":{"start":{"line":4,"column":0},"end":{"line":4,"column":43}},"5":{"start":{"line":5,"column":0},"end":{"line":5,"column":23}},"6":{"start":{"line":9,"column":0},"end":{"line":9,"column":31}},"7":{"start":{"line":11,"column":0},"end":{"line":11,"column":41}},"8":{"start":{"line":12,"column":0},"end":{"line":12,"column":36}},"9":{"start":{"line":14,"column":0},"end":{"line":16,"column":2}},"10":{"start":{"line":20,"column":0},"end":{"line":25,"column":1}},"11":{"start":{"line":21,"column":2},"end":{"line":21,"column":30}},"12":{"start":{"line":22,"column":2},"end":{"line":22,"column":76}},"13":{"start":{"line":23,"column":2},"end":{"line":23,"column":37}},"14":{"start":{"line":27,"column":0},"end":{"line":38,"column":5}},"15":{"start":{"line":28,"column":2},"end":{"line":28,"column":23}},"16":{"start":{"line":29,"column":2},"end":{"line":37,"column":4}},"17":{"start":{"line":30,"column":6},"end":{"line":30,"column":72}},"18":{"start":{"line":31,"column":6},"end":{"line":36,"column":7}},"19":{"start":{"line":33,"column":8},"end":{"line":33,"column":58}},"20":{"start":{"line":34,"column":8},"end":{"line":34,"column":29}},"21":{"start":{"line":35,"column":8},"end":{"line":35,"column":33}},"22":{"start":{"line":40,"column":0},"end":{"line":52,"column":5}},"23":{"start":{"line":41,"column":2},"end":{"line":41,"column":25}},"24":{"start":{"line":42,"column":2},"end":{"line":51,"column":4}},"25":{"start":{"line":43,"column":7},"end":{"line":43,"column":73}},"26":{"start":{"line":44,"column":7},"end":{"line":50,"column":7}},"27":{"start":{"line":46,"column":8},"end":{"line":46,"column":58}},"28":{"start":{"line":47,"column":8},"end":{"line":47,"column":28}},"29":{"start":{"line":48,"column":8},"end":{"line":48,"column":19}},"30":{"start":{"line":49,"column":8},"end":{"line":49,"column":33}},"31":{"start":{"line":54,"column":0},"end":{"line":59,"column":1}},"32":{"start":{"line":55,"column":2},"end":{"line":55,"column":59}},"33":{"start":{"line":58,"column":3},"end":{"line":58,"column":44}},"34":{"start":{"line":61,"column":0},"end":{"line":61,"column":20}},"35":{"start":{"line":64,"column":0},"end":{"line":64,"column":22}},"36":{"start":{"line":65,"column":0},"end":{"line":70,"column":3}},"37":{"start":{"line":66,"column":4},"end":{"line":69,"column":5}},"38":{"start":{"line":67,"column":8},"end":{"line":67,"column":25}},"39":{"start":{"line":68,"column":8},"end":{"line":68,"column":39}},"40":{"start":{"line":73,"column":0},"end":{"line":73,"column":26}},"41":{"start":{"line":76,"column":0},"end":{"line":76,"column":95}},"42":{"start":{"line":77,"column":0},"end":{"line":86,"column":3}},"43":{"start":{"line":78,"column":4},"end":{"line":83,"column":5}},"44":{"start":{"line":79,"column":8},"end":{"line":79,"column":55}},"45":{"start":{"line":82,"column":6},"end":{"line":82,"column":47}},"46":{"start":{"line":85,"column":4},"end":{"line":85,"column":40}},"47":{"start":{"line":89,"column":0},"end":{"line":93,"column":2}},"48":{"start":{"line":91,"column":8},"end":{"line":91,"column":67}},"49":{"start":{"line":96,"column":0},"end":{"line":96,"column":78}},"50":{"start":{"line":97,"column":0},"end":{"line":97,"column":50}},"51":{"start":{"line":98,"column":0},"end":{"line":98,"column":47}},"52":{"start":{"line":100,"column":0},"end":{"line":100,"column":37}}},"branchMap":{"1":{"line":20,"type":"if","locations":[{"start":{"line":20,"column":0},"end":{"line":20,"column":0}},{"start":{"line":20,"column":0},"end":{"line":20,"column":0}}]},"2":{"line":31,"type":"if","locations":[{"start":{"line":31,"column":6},"end":{"line":31,"column":6}},{"start":{"line":31,"column":6},"end":{"line":31,"column":6}}]},"3":{"line":44,"type":"if","locations":[{"start":{"line":44,"column":7},"end":{"line":44,"column":7}},{"start":{"line":44,"column":7},"end":{"line":44,"column":7}}]},"4":{"line":54,"type":"if","locations":[{"start":{"line":54,"column":0},"end":{"line":54,"column":0}},{"start":{"line":54,"column":0},"end":{"line":54,"column":0}}]},"5":{"line":66,"type":"if","locations":[{"start":{"line":66,"column":4},"end":{"line":66,"column":4}},{"start":{"line":66,"column":4},"end":{"line":66,"column":4}}]},"6":{"line":78,"type":"if","locations":[{"start":{"line":78,"column":4},"end":{"line":78,"column":4}},{"start":{"line":78,"column":4},"end":{"line":78,"column":4}}]},"7":{"line":100,"type":"binary-expr","locations":[{"start":{"line":100,"column":11},"end":{"line":100,"column":27}},{"start":{"line":100,"column":31},"end":{"line":100,"column":35}}]}}},"/Users/thehobbit85/Colu/coloredcoinsd/config.js":{"path":"/Users/thehobbit85/Colu/coloredcoinsd/config.js","s":{"1":1,"2":1,"3":1,"4":1,"5":1,"6":1,"7":0,"8":1},"b":{"1":[0,1]},"f":{"1":1},"fnMap":{"1":{"name":"module_exists","line":23,"loc":{"start":{"line":23,"column":0},"end":{"line":23,"column":31}}}},"statementMap":{"1":{"start":{"line":1,"column":0},"end":{"line":21,"column":1}},"2":{"start":{"line":23,"column":0},"end":{"line":26,"column":1}},"3":{"start":{"line":24,"column":2},"end":{"line":25,"column":29}},"4":{"start":{"line":24,"column":8},"end":{"line":24,"column":39}},"5":{"start":{"line":25,"column":15},"end":{"line":25,"column":28}},"6":{"start":{"line":28,"column":0},"end":{"line":31,"column":26}},"7":{"start":{"line":29,"column":2},"end":{"line":29,"column":44}},"8":{"start":{"line":31,"column":2},"end":{"line":31,"column":26}}},"branchMap":{"1":{"line":28,"type":"if","locations":[{"start":{"line":28,"column":0},"end":{"line":28,"column":0}},{"start":{"line":28,"column":0},"end":{"line":28,"column":0}}]}}},"/Users/thehobbit85/Colu/coloredcoinsd/controllers/index.js":{"path":"/Users/thehobbit85/Colu/coloredcoinsd/controllers/index.js","s":{"1":1,"2":1,"3":1,"4":1,"5":1,"6":1,"7":1,"8":2,"9":2,"10":2,"11":2,"12":1,"13":1,"14":1,"15":1,"16":1,"17":1,"18":1,"19":1,"20":1,"21":1,"22":1,"23":1,"24":1,"25":1,"26":1,"27":1},"b":{"1":[1,1],"2":[2,2],"3":[1,0]},"f":{"1":2,"2":1,"3":1},"fnMap":{"1":{"name":"(anonymous_1)","line":11,"loc":{"start":{"line":11,"column":40},"end":{"line":11,"column":56}}},"2":{"name":"(anonymous_2)","line":23,"loc":{"start":{"line":23,"column":26},"end":{"line":23,"column":41}}},"3":{"name":"(anonymous_3)","line":24,"loc":{"start":{"line":24,"column":21},"end":{"line":24,"column":43}}}},"statementMap":{"1":{"start":{"line":1,"column":0},"end":{"line":1,"column":18}},"2":{"start":{"line":2,"column":0},"end":{"line":2,"column":23}},"3":{"start":{"line":3,"column":0},"end":{"line":3,"column":33}},"4":{"start":{"line":4,"column":0},"end":{"line":4,"column":41}},"5":{"start":{"line":5,"column":0},"end":{"line":5,"column":26}},"6":{"start":{"line":6,"column":0},"end":{"line":6,"column":37}},"7":{"start":{"line":11,"column":0},"end":{"line":21,"column":3}},"8":{"start":{"line":12,"column":5},"end":{"line":12,"column":28}},"9":{"start":{"line":13,"column":4},"end":{"line":13,"column":37}},"10":{"start":{"line":14,"column":4},"end":{"line":14,"column":52}},"11":{"start":{"line":15,"column":4},"end":{"line":20,"column":5}},"12":{"start":{"line":16,"column":8},"end":{"line":16,"column":47}},"13":{"start":{"line":17,"column":8},"end":{"line":17,"column":38}},"14":{"start":{"line":18,"column":8},"end":{"line":18,"column":51}},"15":{"start":{"line":23,"column":0},"end":{"line":39,"column":1}},"16":{"start":{"line":24,"column":4},"end":{"line":38,"column":6}},"17":{"start":{"line":25,"column":8},"end":{"line":25,"column":36}},"18":{"start":{"line":26,"column":8},"end":{"line":26,"column":45}},"19":{"start":{"line":27,"column":8},"end":{"line":27,"column":37}},"20":{"start":{"line":28,"column":8},"end":{"line":28,"column":43}},"21":{"start":{"line":29,"column":8},"end":{"line":29,"column":43}},"22":{"start":{"line":31,"column":8},"end":{"line":31,"column":49}},"23":{"start":{"line":32,"column":8},"end":{"line":32,"column":59}},"24":{"start":{"line":33,"column":8},"end":{"line":33,"column":98}},"25":{"start":{"line":35,"column":8},"end":{"line":35,"column":46}},"26":{"start":{"line":36,"column":8},"end":{"line":37,"column":39}},"27":{"start":{"line":37,"column":12},"end":{"line":37,"column":39}}},"branchMap":{"1":{"line":15,"type":"if","locations":[{"start":{"line":15,"column":4},"end":{"line":15,"column":4}},{"start":{"line":15,"column":4},"end":{"line":15,"column":4}}]},"2":{"line":15,"type":"binary-expr","locations":[{"start":{"line":15,"column":8},"end":{"line":15,"column":12}},{"start":{"line":15,"column":16},"end":{"line":15,"column":34}}]},"3":{"line":36,"type":"if","locations":[{"start":{"line":36,"column":8},"end":{"line":36,"column":8}},{"start":{"line":36,"column":8},"end":{"line":36,"column":8}}]}}},"/Users/thehobbit85/Colu/coloredcoinsd/controllers/v2/index.js":{"path":"/Users/thehobbit85/Colu/coloredcoinsd/controllers/v2/index.js","s":{"1":1,"2":1,"3":1,"4":2,"5":1,"6":1,"7":1,"8":1,"9":1,"10":1,"11":1,"12":1},"b":{"1":[1,1],"2":[2,2]},"f":{"1":2,"2":1},"fnMap":{"1":{"name":"(anonymous_1)","line":4,"loc":{"start":{"line":4,"column":51},"end":{"line":4,"column":66}}},"2":{"name":"(anonymous_2)","line":12,"loc":{"start":{"line":12,"column":26},"end":{"line":12,"column":50}}}},"statementMap":{"1":{"start":{"line":1,"column":0},"end":{"line":1,"column":21}},"2":{"start":{"line":2,"column":0},"end":{"line":2,"column":27}},"3":{"start":{"line":4,"column":0},"end":{"line":10,"column":3}},"4":{"start":{"line":5,"column":2},"end":{"line":9,"column":3}},"5":{"start":{"line":6,"column":4},"end":{"line":6,"column":39}},"6":{"start":{"line":7,"column":4},"end":{"line":7,"column":41}},"7":{"start":{"line":8,"column":4},"end":{"line":8,"column":36}},"8":{"start":{"line":12,"column":0},"end":{"line":20,"column":1}},"9":{"start":{"line":13,"column":4},"end":{"line":13,"column":44}},"10":{"start":{"line":15,"column":4},"end":{"line":15,"column":40}},"11":{"start":{"line":16,"column":4},"end":{"line":19,"column":5}},"12":{"start":{"line":18,"column":8},"end":{"line":18,"column":87}}},"branchMap":{"1":{"line":5,"type":"if","locations":[{"start":{"line":5,"column":2},"end":{"line":5,"column":2}},{"start":{"line":5,"column":2},"end":{"line":5,"column":2}}]},"2":{"line":5,"type":"binary-expr","locations":[{"start":{"line":5,"column":6},"end":{"line":5,"column":36}},{"start":{"line":5,"column":40},"end":{"line":5,"column":59}}]}}},"/Users/thehobbit85/Colu/coloredcoinsd/controllers/v2/color.js":{"path":"/Users/thehobbit85/Colu/coloredcoinsd/controllers/v2/color.js","s":{"1":1,"2":1,"3":1,"4":1,"5":1,"6":1,"7":1,"8":1,"9":1,"10":1,"11":1,"12":1,"13":1,"14":1,"15":1,"16":1,"17":0,"18":0,"19":1,"20":1,"21":0,"22":0,"23":1,"24":1,"25":0,"26":0,"27":0,"28":1,"29":0,"30":0,"31":1,"32":1,"33":0,"34":0,"35":0,"36":0,"37":0,"38":0,"39":0,"40":1,"41":0,"42":0,"43":0,"44":0,"45":0,"46":1,"47":0,"48":0,"49":1,"50":0,"51":0,"52":0,"53":0,"54":0,"55":0,"56":1,"57":0,"58":0,"59":0,"60":0,"61":0,"62":0,"63":0,"64":0,"65":0,"66":1,"67":0,"68":0,"69":0,"70":0,"71":0,"72":1,"73":0,"74":0,"75":0,"76":0,"77":0,"78":0,"79":1,"80":0,"81":0,"82":0,"83":0,"84":0,"85":0,"86":0,"87":0,"88":0,"89":0,"90":1,"91":0,"92":0,"93":0,"94":0,"95":0,"96":0,"97":0,"98":0,"99":0,"100":0,"101":0,"102":0,"103":0,"104":0,"105":0,"106":0,"107":0,"108":0,"109":0,"110":0,"111":0,"112":0,"113":0,"114":0,"115":1,"116":0,"117":0,"118":0,"119":0,"120":0,"121":1,"122":0,"123":1},"b":{"1":[0,0],"2":[0,0],"3":[0,0],"4":[0,0,0],"5":[0,0],"6":[0,0]},"f":{"1":1,"2":0,"3":1,"4":0,"5":0,"6":0,"7":0,"8":0,"9":0,"10":0,"11":0,"12":0,"13":0,"14":0,"15":0,"16":0,"17":0,"18":0,"19":0,"20":0,"21":0,"22":0,"23":0,"24":0,"25":0,"26":0,"27":0,"28":0,"29":0,"30":0,"31":0,"32":0,"33":0,"34":0},"fnMap":{"1":{"name":"(anonymous_1)","line":1,"loc":{"start":{"line":1,"column":18},"end":{"line":1,"column":30}}},"2":{"name":"color","line":18,"loc":{"start":{"line":18,"column":4},"end":{"line":18,"column":21}}},"3":{"name":"registerRoutes","line":22,"loc":{"start":{"line":22,"column":27},"end":{"line":22,"column":71}}},"4":{"name":"(anonymous_4)","line":42,"loc":{"start":{"line":42,"column":22},"end":{"line":42,"column":42}}},"5":{"name":"(anonymous_5)","line":65,"loc":{"start":{"line":65,"column":22},"end":{"line":65,"column":42}}},"6":{"name":"(anonymous_6)","line":86,"loc":{"start":{"line":86,"column":22},"end":{"line":86,"column":42}}},"7":{"name":"(anonymous_7)","line":88,"loc":{"start":{"line":88,"column":21},"end":{"line":88,"column":36}}},"8":{"name":"(anonymous_8)","line":88,"loc":{"start":{"line":88,"column":68},"end":{"line":88,"column":83}}},"9":{"name":"(anonymous_9)","line":110,"loc":{"start":{"line":110,"column":22},"end":{"line":110,"column":42}}},"10":{"name":"tryGetAddress","line":134,"loc":{"start":{"line":134,"column":4},"end":{"line":134,"column":37}}},"11":{"name":"(anonymous_11)","line":138,"loc":{"start":{"line":138,"column":72},"end":{"line":138,"column":91}}},"12":{"name":"tryIssueAsset","line":148,"loc":{"start":{"line":148,"column":4},"end":{"line":148,"column":37}}},"13":{"name":"(anonymous_13)","line":155,"loc":{"start":{"line":155,"column":13},"end":{"line":155,"column":27}}},"14":{"name":"(anonymous_14)","line":158,"loc":{"start":{"line":158,"column":14},"end":{"line":158,"column":30}}},"15":{"name":"returnError","line":166,"loc":{"start":{"line":166,"column":4},"end":{"line":166,"column":37}}},"16":{"name":"validateInput","line":172,"loc":{"start":{"line":172,"column":4},"end":{"line":172,"column":34}}},"17":{"name":"trySendAsset","line":185,"loc":{"start":{"line":185,"column":4},"end":{"line":185,"column":36}}},"18":{"name":"(anonymous_18)","line":191,"loc":{"start":{"line":191,"column":19},"end":{"line":191,"column":33}}},"19":{"name":"(anonymous_19)","line":194,"loc":{"start":{"line":194,"column":19},"end":{"line":194,"column":34}}},"20":{"name":"trygetAssetStakeholders","line":205,"loc":{"start":{"line":205,"column":4},"end":{"line":205,"column":47}}},"21":{"name":"(anonymous_21)","line":208,"loc":{"start":{"line":208,"column":18},"end":{"line":208,"column":32}}},"22":{"name":"(anonymous_22)","line":211,"loc":{"start":{"line":211,"column":19},"end":{"line":211,"column":34}}},"23":{"name":"newAssetResponseFromOpenAssets","line":220,"loc":{"start":{"line":220,"column":4},"end":{"line":220,"column":64}}},"24":{"name":"getOpenAssetsItem","line":237,"loc":{"start":{"line":237,"column":4},"end":{"line":237,"column":48}}},"25":{"name":"(anonymous_25)","line":251,"loc":{"start":{"line":251,"column":18},"end":{"line":251,"column":33}}},"26":{"name":"(anonymous_26)","line":261,"loc":{"start":{"line":261,"column":12},"end":{"line":261,"column":29}}},"27":{"name":"hostMetadataFile","line":271,"loc":{"start":{"line":271,"column":4},"end":{"line":271,"column":47}}},"28":{"name":"(anonymous_28)","line":283,"loc":{"start":{"line":283,"column":22},"end":{"line":283,"column":37}}},"29":{"name":"(anonymous_29)","line":286,"loc":{"start":{"line":286,"column":136},"end":{"line":286,"column":156}}},"30":{"name":"(anonymous_30)","line":295,"loc":{"start":{"line":295,"column":19},"end":{"line":295,"column":36}}},"31":{"name":"(anonymous_31)","line":305,"loc":{"start":{"line":305,"column":18},"end":{"line":305,"column":33}}},"32":{"name":"(anonymous_32)","line":310,"loc":{"start":{"line":310,"column":12},"end":{"line":310,"column":29}}},"33":{"name":"generateLocalMetadataPath","line":319,"loc":{"start":{"line":319,"column":4},"end":{"line":319,"column":56}}},"34":{"name":"returnIssuedAsset","line":331,"loc":{"start":{"line":331,"column":4},"end":{"line":331,"column":44}}}},"statementMap":{"1":{"start":{"line":1,"column":0},"end":{"line":336,"column":5}},"2":{"start":{"line":2,"column":4},"end":{"line":2,"column":47}},"3":{"start":{"line":3,"column":4},"end":{"line":3,"column":45}},"4":{"start":{"line":4,"column":4},"end":{"line":4,"column":42}},"5":{"start":{"line":5,"column":4},"end":{"line":5,"column":44}},"6":{"start":{"line":6,"column":4},"end":{"line":6,"column":33}},"7":{"start":{"line":7,"column":4},"end":{"line":7,"column":25}},"8":{"start":{"line":8,"column":4},"end":{"line":8,"column":33}},"9":{"start":{"line":9,"column":4},"end":{"line":9,"column":44}},"10":{"start":{"line":12,"column":4},"end":{"line":12,"column":19}},"11":{"start":{"line":13,"column":4},"end":{"line":13,"column":38}},"12":{"start":{"line":14,"column":4},"end":{"line":14,"column":38}},"13":{"start":{"line":18,"column":4},"end":{"line":18,"column":24}},"14":{"start":{"line":20,"column":4},"end":{"line":20,"column":32}},"15":{"start":{"line":22,"column":4},"end":{"line":122,"column":5}},"16":{"start":{"line":28,"column":8},"end":{"line":46,"column":10}},"17":{"start":{"line":43,"column":16},"end":{"line":43,"column":44}},"18":{"start":{"line":44,"column":16},"end":{"line":44,"column":40}},"19":{"start":{"line":48,"column":8},"end":{"line":48,"column":36}},"20":{"start":{"line":51,"column":9},"end":{"line":69,"column":10}},"21":{"start":{"line":66,"column":16},"end":{"line":66,"column":49}},"22":{"start":{"line":67,"column":16},"end":{"line":67,"column":39}},"23":{"start":{"line":71,"column":8},"end":{"line":71,"column":35}},"24":{"start":{"line":74,"column":8},"end":{"line":90,"column":10}},"25":{"start":{"line":87,"column":16},"end":{"line":88,"column":116}},"26":{"start":{"line":88,"column":38},"end":{"line":88,"column":65}},"27":{"start":{"line":88,"column":85},"end":{"line":88,"column":112}},"28":{"start":{"line":95,"column":9},"end":{"line":114,"column":10}},"29":{"start":{"line":111,"column":16},"end":{"line":111,"column":55}},"30":{"start":{"line":112,"column":16},"end":{"line":112,"column":50}},"31":{"start":{"line":119,"column":8},"end":{"line":119,"column":43}},"32":{"start":{"line":134,"column":4},"end":{"line":146,"column":5}},"33":{"start":{"line":135,"column":8},"end":{"line":145,"column":9}},"34":{"start":{"line":136,"column":12},"end":{"line":136,"column":66}},"35":{"start":{"line":137,"column":12},"end":{"line":137,"column":42}},"36":{"start":{"line":138,"column":12},"end":{"line":140,"column":15}},"37":{"start":{"line":139,"column":16},"end":{"line":139,"column":34}},"38":{"start":{"line":141,"column":13},"end":{"line":141,"column":39}},"39":{"start":{"line":144,"column":13},"end":{"line":144,"column":56}},"40":{"start":{"line":148,"column":4},"end":{"line":163,"column":5}},"41":{"start":{"line":150,"column":8},"end":{"line":150,"column":33}},"42":{"start":{"line":151,"column":8},"end":{"line":161,"column":18}},"43":{"start":{"line":156,"column":12},"end":{"line":156,"column":39}},"44":{"start":{"line":159,"column":12},"end":{"line":159,"column":69}},"45":{"start":{"line":160,"column":12},"end":{"line":160,"column":58}},"46":{"start":{"line":166,"column":4},"end":{"line":169,"column":5}},"47":{"start":{"line":167,"column":9},"end":{"line":167,"column":32}},"48":{"start":{"line":168,"column":9},"end":{"line":168,"column":55}},"49":{"start":{"line":172,"column":4},"end":{"line":183,"column":5}},"50":{"start":{"line":173,"column":8},"end":{"line":173,"column":33}},"51":{"start":{"line":174,"column":8},"end":{"line":174,"column":25}},"52":{"start":{"line":175,"column":8},"end":{"line":180,"column":9}},"53":{"start":{"line":176,"column":12},"end":{"line":176,"column":52}},"54":{"start":{"line":179,"column":12},"end":{"line":179,"column":62}},"55":{"start":{"line":182,"column":8},"end":{"line":182,"column":32}},"56":{"start":{"line":185,"column":4},"end":{"line":203,"column":5}},"57":{"start":{"line":186,"column":8},"end":{"line":202,"column":9}},"58":{"start":{"line":187,"column":12},"end":{"line":187,"column":34}},"59":{"start":{"line":189,"column":12},"end":{"line":189,"column":37}},"60":{"start":{"line":190,"column":12},"end":{"line":197,"column":15}},"61":{"start":{"line":192,"column":17},"end":{"line":192,"column":50}},"62":{"start":{"line":195,"column":17},"end":{"line":195,"column":35}},"63":{"start":{"line":196,"column":17},"end":{"line":196,"column":64}},"64":{"start":{"line":200,"column":12},"end":{"line":200,"column":26}},"65":{"start":{"line":201,"column":13},"end":{"line":201,"column":56}},"66":{"start":{"line":205,"column":4},"end":{"line":218,"column":5}},"67":{"start":{"line":206,"column":8},"end":{"line":217,"column":9}},"68":{"start":{"line":207,"column":12},"end":{"line":213,"column":15}},"69":{"start":{"line":209,"column":17},"end":{"line":209,"column":32}},"70":{"start":{"line":212,"column":17},"end":{"line":212,"column":64}},"71":{"start":{"line":216,"column":13},"end":{"line":216,"column":56}},"72":{"start":{"line":220,"column":4},"end":{"line":235,"column":5}},"73":{"start":{"line":221,"column":8},"end":{"line":234,"column":9}},"74":{"start":{"line":222,"column":12},"end":{"line":222,"column":55}},"75":{"start":{"line":223,"column":12},"end":{"line":228,"column":13}},"76":{"start":{"line":229,"column":12},"end":{"line":229,"column":33}},"77":{"start":{"line":232,"column":12},"end":{"line":232,"column":27}},"78":{"start":{"line":233,"column":12},"end":{"line":233,"column":30}},"79":{"start":{"line":237,"column":4},"end":{"line":269,"column":5}},"80":{"start":{"line":238,"column":8},"end":{"line":238,"column":33}},"81":{"start":{"line":239,"column":8},"end":{"line":266,"column":9}},"82":{"start":{"line":240,"column":12},"end":{"line":246,"column":14}},"83":{"start":{"line":247,"column":12},"end":{"line":247,"column":40}},"84":{"start":{"line":250,"column":12},"end":{"line":264,"column":15}},"85":{"start":{"line":252,"column":16},"end":{"line":258,"column":17}},"86":{"start":{"line":259,"column":16},"end":{"line":259,"column":44}},"87":{"start":{"line":262,"column":16},"end":{"line":262,"column":35}},"88":{"start":{"line":263,"column":16},"end":{"line":263,"column":70}},"89":{"start":{"line":268,"column":8},"end":{"line":268,"column":32}},"90":{"start":{"line":271,"column":4},"end":{"line":317,"column":5}},"91":{"start":{"line":272,"column":8},"end":{"line":272,"column":40}},"92":{"start":{"line":273,"column":7},"end":{"line":273,"column":32}},"93":{"start":{"line":274,"column":8},"end":{"line":314,"column":9}},"94":{"start":{"line":275,"column":14},"end":{"line":275,"column":32}},"95":{"start":{"line":276,"column":17},"end":{"line":278,"column":23}},"96":{"start":{"line":280,"column":16},"end":{"line":280,"column":84}},"97":{"start":{"line":281,"column":16},"end":{"line":281,"column":73}},"98":{"start":{"line":282,"column":16},"end":{"line":297,"column":19}},"99":{"start":{"line":284,"column":20},"end":{"line":284,"column":55}},"100":{"start":{"line":285,"column":20},"end":{"line":285,"column":79}},"101":{"start":{"line":286,"column":20},"end":{"line":294,"column":23}},"102":{"start":{"line":287,"column":24},"end":{"line":293,"column":25}},"103":{"start":{"line":288,"column":26},"end":{"line":288,"column":69}},"104":{"start":{"line":289,"column":28},"end":{"line":289,"column":81}},"105":{"start":{"line":291,"column":26},"end":{"line":291,"column":86}},"106":{"start":{"line":292,"column":27},"end":{"line":292,"column":49}},"107":{"start":{"line":296,"column":20},"end":{"line":296,"column":89}},"108":{"start":{"line":303,"column":12},"end":{"line":303,"column":69}},"109":{"start":{"line":304,"column":12},"end":{"line":312,"column":15}},"110":{"start":{"line":306,"column":16},"end":{"line":306,"column":51}},"111":{"start":{"line":307,"column":16},"end":{"line":307,"column":54}},"112":{"start":{"line":308,"column":16},"end":{"line":308,"column":38}},"113":{"start":{"line":311,"column":16},"end":{"line":311,"column":85}},"114":{"start":{"line":315,"column":8},"end":{"line":315,"column":32}},"115":{"start":{"line":319,"column":4},"end":{"line":329,"column":5}},"116":{"start":{"line":320,"column":8},"end":{"line":328,"column":9}},"117":{"start":{"line":321,"column":13},"end":{"line":321,"column":100}},"118":{"start":{"line":322,"column":13},"end":{"line":322,"column":25}},"119":{"start":{"line":326,"column":12},"end":{"line":326,"column":85}},"120":{"start":{"line":327,"column":12},"end":{"line":327,"column":24}},"121":{"start":{"line":331,"column":4},"end":{"line":333,"column":5}},"122":{"start":{"line":332,"column":8},"end":{"line":332,"column":27}},"123":{"start":{"line":335,"column":4},"end":{"line":335,"column":17}}},"branchMap":{"1":{"line":175,"type":"if","locations":[{"start":{"line":175,"column":8},"end":{"line":175,"column":8}},{"start":{"line":175,"column":8},"end":{"line":175,"column":8}}]},"2":{"line":239,"type":"if","locations":[{"start":{"line":239,"column":8},"end":{"line":239,"column":8}},{"start":{"line":239,"column":8},"end":{"line":239,"column":8}}]},"3":{"line":274,"type":"if","locations":[{"start":{"line":274,"column":8},"end":{"line":274,"column":8}},{"start":{"line":274,"column":8},"end":{"line":274,"column":8}}]},"4":{"line":274,"type":"binary-expr","locations":[{"start":{"line":274,"column":11},"end":{"line":274,"column":23}},{"start":{"line":274,"column":27},"end":{"line":274,"column":45}},{"start":{"line":274,"column":49},"end":{"line":274,"column":67}}]},"5":{"line":287,"type":"if","locations":[{"start":{"line":287,"column":24},"end":{"line":287,"column":24}},{"start":{"line":287,"column":24},"end":{"line":287,"column":24}}]},"6":{"line":320,"type":"if","locations":[{"start":{"line":320,"column":8},"end":{"line":320,"column":8}},{"start":{"line":320,"column":8},"end":{"line":320,"column":8}}]}}},"/Users/thehobbit85/Colu/coloredcoinsd/googleapi.js":{"path":"/Users/thehobbit85/Colu/coloredcoinsd/googleapi.js","s":{"1":1,"2":1,"3":1,"4":1,"5":1,"6":1,"7":1,"8":1,"9":1,"10":0,"11":0,"12":0,"13":0,"14":0,"15":0,"16":0,"17":0,"18":0,"19":0,"20":0,"21":0,"22":1,"23":1},"b":{"1":[0,0]},"f":{"1":1,"2":1,"3":0,"4":0,"5":0},"fnMap":{"1":{"name":"(anonymous_1)","line":1,"loc":{"start":{"line":1,"column":18},"end":{"line":1,"column":30}}},"2":{"name":"googleapi","line":8,"loc":{"start":{"line":8,"column":4},"end":{"line":8,"column":25}}},"3":{"name":"getShortUrl","line":13,"loc":{"start":{"line":13,"column":28},"end":{"line":13,"column":54}}},"4":{"name":"(anonymous_4)","line":20,"loc":{"start":{"line":20,"column":40},"end":{"line":20,"column":66}}},"5":{"name":"(anonymous_5)","line":30,"loc":{"start":{"line":30,"column":23},"end":{"line":30,"column":38}}}},"statementMap":{"1":{"start":{"line":1,"column":0},"end":{"line":42,"column":5}},"2":{"start":{"line":2,"column":4},"end":{"line":2,"column":37}},"3":{"start":{"line":3,"column":4},"end":{"line":3,"column":52}},"4":{"start":{"line":4,"column":4},"end":{"line":4,"column":25}},"5":{"start":{"line":6,"column":4},"end":{"line":6,"column":30}},"6":{"start":{"line":8,"column":4},"end":{"line":11,"column":5}},"7":{"start":{"line":9,"column":8},"end":{"line":9,"column":53}},"8":{"start":{"line":10,"column":8},"end":{"line":10,"column":102}},"9":{"start":{"line":13,"column":4},"end":{"line":36,"column":5}},"10":{"start":{"line":14,"column":8},"end":{"line":14,"column":33}},"11":{"start":{"line":15,"column":8},"end":{"line":19,"column":10}},"12":{"start":{"line":20,"column":8},"end":{"line":33,"column":11}},"13":{"start":{"line":21,"column":12},"end":{"line":21,"column":30}},"14":{"start":{"line":22,"column":12},"end":{"line":29,"column":13}},"15":{"start":{"line":23,"column":16},"end":{"line":23,"column":44}},"16":{"start":{"line":24,"column":16},"end":{"line":24,"column":61}},"17":{"start":{"line":25,"column":16},"end":{"line":25,"column":42}},"18":{"start":{"line":28,"column":16},"end":{"line":28,"column":85}},"19":{"start":{"line":31,"column":12},"end":{"line":31,"column":84}},"20":{"start":{"line":32,"column":12},"end":{"line":32,"column":81}},"21":{"start":{"line":35,"column":8},"end":{"line":35,"column":32}},"22":{"start":{"line":39,"column":4},"end":{"line":39,"column":16}},"23":{"start":{"line":41,"column":4},"end":{"line":41,"column":21}}},"branchMap":{"1":{"line":22,"type":"if","locations":[{"start":{"line":22,"column":12},"end":{"line":22,"column":12}},{"start":{"line":22,"column":12},"end":{"line":22,"column":12}}]}}},"/Users/thehobbit85/Colu/coloredcoinsd/utils.js":{"path":"/Users/thehobbit85/Colu/coloredcoinsd/utils.js","s":{"1":1,"2":1,"3":1,"4":1,"5":1,"6":1,"7":1,"8":0,"9":0,"10":0,"11":0,"12":0,"13":0,"14":0,"15":1,"16":0,"17":1,"18":0,"19":0,"20":0,"21":0,"22":0,"23":0,"24":1,"25":0,"26":0,"27":0,"28":0,"29":0,"30":0,"31":0,"32":1,"33":0,"34":0,"35":0,"36":0,"37":0,"38":0,"39":0,"40":0,"41":0,"42":0,"43":0,"44":1,"45":0,"46":0,"47":0,"48":0,"49":0,"50":1,"51":0,"52":0,"53":0,"54":0,"55":0,"56":0,"57":1},"b":{"1":[0,0],"2":[0,0],"3":[0,0],"4":[0,0]},"f":{"1":1,"2":0,"3":0,"4":0,"5":0,"6":0,"7":0,"8":0,"9":0,"10":0},"fnMap":{"1":{"name":"(anonymous_1)","line":1,"loc":{"start":{"line":1,"column":18},"end":{"line":1,"column":30}}},"2":{"name":"utils","line":7,"loc":{"start":{"line":7,"column":4},"end":{"line":7,"column":21}}},"3":{"name":"getP2SHVersion","line":10,"loc":{"start":{"line":10,"column":4},"end":{"line":10,"column":43}}},"4":{"name":"(anonymous_4)","line":12,"loc":{"start":{"line":12,"column":49},"end":{"line":12,"column":68}}},"5":{"name":"getP2SHVersionForOpenAssetsAddress","line":21,"loc":{"start":{"line":21,"column":4},"end":{"line":21,"column":63}}},"6":{"name":"getP2SHVersionForOpenAssetsId","line":25,"loc":{"start":{"line":25,"column":4},"end":{"line":25,"column":58}}},"7":{"name":"getAssetAddressId","line":38,"loc":{"start":{"line":38,"column":30},"end":{"line":38,"column":72}}},"8":{"name":"getassetId","line":49,"loc":{"start":{"line":49,"column":23},"end":{"line":49,"column":58}}},"9":{"name":"createMetadata","line":64,"loc":{"start":{"line":64,"column":27},"end":{"line":64,"column":68}}},"10":{"name":"createMetadata","line":80,"loc":{"start":{"line":80,"column":33},"end":{"line":80,"column":74}}}},"statementMap":{"1":{"start":{"line":1,"column":0},"end":{"line":112,"column":5}},"2":{"start":{"line":2,"column":4},"end":{"line":2,"column":45}},"3":{"start":{"line":3,"column":4},"end":{"line":3,"column":43}},"4":{"start":{"line":4,"column":4},"end":{"line":4,"column":27}},"5":{"start":{"line":5,"column":4},"end":{"line":5,"column":30}},"6":{"start":{"line":7,"column":4},"end":{"line":7,"column":24}},"7":{"start":{"line":10,"column":4},"end":{"line":19,"column":5}},"8":{"start":{"line":11,"column":8},"end":{"line":11,"column":71}},"9":{"start":{"line":12,"column":8},"end":{"line":14,"column":11}},"10":{"start":{"line":13,"column":12},"end":{"line":13,"column":102}},"11":{"start":{"line":15,"column":8},"end":{"line":15,"column":42}},"12":{"start":{"line":16,"column":8},"end":{"line":16,"column":64}},"13":{"start":{"line":17,"column":8},"end":{"line":17,"column":42}},"14":{"start":{"line":18,"column":8},"end":{"line":18,"column":48}},"15":{"start":{"line":21,"column":4},"end":{"line":23,"column":5}},"16":{"start":{"line":22,"column":8},"end":{"line":22,"column":20}},"17":{"start":{"line":25,"column":4},"end":{"line":35,"column":5}},"18":{"start":{"line":26,"column":8},"end":{"line":26,"column":71}},"19":{"start":{"line":27,"column":8},"end":{"line":34,"column":9}},"20":{"start":{"line":28,"column":12},"end":{"line":28,"column":35}},"21":{"start":{"line":29,"column":12},"end":{"line":29,"column":24}},"22":{"start":{"line":32,"column":13},"end":{"line":32,"column":36}},"23":{"start":{"line":33,"column":12},"end":{"line":33,"column":24}},"24":{"start":{"line":38,"column":4},"end":{"line":46,"column":5}},"25":{"start":{"line":39,"column":8},"end":{"line":39,"column":80}},"26":{"start":{"line":40,"column":8},"end":{"line":40,"column":38}},"27":{"start":{"line":41,"column":8},"end":{"line":41,"column":60}},"28":{"start":{"line":42,"column":8},"end":{"line":42,"column":40}},"29":{"start":{"line":43,"column":8},"end":{"line":43,"column":74}},"30":{"start":{"line":44,"column":8},"end":{"line":44,"column":54}},"31":{"start":{"line":45,"column":8},"end":{"line":45,"column":46}},"32":{"start":{"line":49,"column":4},"end":{"line":61,"column":5}},"33":{"start":{"line":50,"column":8},"end":{"line":50,"column":35}},"34":{"start":{"line":51,"column":8},"end":{"line":51,"column":80}},"35":{"start":{"line":52,"column":8},"end":{"line":52,"column":33}},"36":{"start":{"line":53,"column":8},"end":{"line":53,"column":84}},"37":{"start":{"line":54,"column":8},"end":{"line":54,"column":33}},"38":{"start":{"line":55,"column":8},"end":{"line":55,"column":60}},"39":{"start":{"line":56,"column":8},"end":{"line":56,"column":40}},"40":{"start":{"line":57,"column":8},"end":{"line":57,"column":69}},"41":{"start":{"line":58,"column":8},"end":{"line":58,"column":32}},"42":{"start":{"line":59,"column":8},"end":{"line":59,"column":48}},"43":{"start":{"line":60,"column":8},"end":{"line":60,"column":46}},"44":{"start":{"line":64,"column":4},"end":{"line":76,"column":5}},"45":{"start":{"line":65,"column":8},"end":{"line":65,"column":71}},"46":{"start":{"line":67,"column":8},"end":{"line":73,"column":9}},"47":{"start":{"line":68,"column":12},"end":{"line":68,"column":67}},"48":{"start":{"line":69,"column":12},"end":{"line":69,"column":113}},"49":{"start":{"line":72,"column":12},"end":{"line":72,"column":27}},"50":{"start":{"line":80,"column":4},"end":{"line":108,"column":5}},"51":{"start":{"line":81,"column":8},"end":{"line":81,"column":71}},"52":{"start":{"line":83,"column":8},"end":{"line":105,"column":9}},"53":{"start":{"line":84,"column":12},"end":{"line":99,"column":14}},"54":{"start":{"line":100,"column":12},"end":{"line":100,"column":28}},"55":{"start":{"line":103,"column":12},"end":{"line":103,"column":27}},"56":{"start":{"line":104,"column":12},"end":{"line":104,"column":22}},"57":{"start":{"line":110,"column":4},"end":{"line":110,"column":17}}},"branchMap":{"1":{"line":13,"type":"binary-expr","locations":[{"start":{"line":13,"column":20},"end":{"line":13,"column":57}},{"start":{"line":13,"column":63},"end":{"line":13,"column":100}}]},"2":{"line":18,"type":"cond-expr","locations":[{"start":{"line":18,"column":25},"end":{"line":18,"column":40}},{"start":{"line":18,"column":43},"end":{"line":18,"column":47}}]},"3":{"line":27,"type":"if","locations":[{"start":{"line":27,"column":8},"end":{"line":27,"column":8}},{"start":{"line":27,"column":8},"end":{"line":27,"column":8}}]},"4":{"line":27,"type":"binary-expr","locations":[{"start":{"line":27,"column":12},"end":{"line":27,"column":68}},{"start":{"line":27,"column":72},"end":{"line":27,"column":109}}]}}},"/Users/thehobbit85/Colu/coloredcoinsd/coluutils.js":{"path":"/Users/thehobbit85/Colu/coloredcoinsd/coluutils.js","s":{"1":1,"2":1,"3":1,"4":1,"5":1,"6":1,"7":1,"8":1,"9":1,"10":1,"11":1,"12":1,"13":1,"14":1,"15":1,"16":1,"17":1,"18":1,"19":1,"20":1,"21":0,"22":1,"23":0,"24":1,"25":0,"26":0,"27":0,"28":0,"29":0,"30":0,"31":0,"32":0,"33":0,"34":0,"35":0,"36":0,"37":0,"38":0,"39":0,"40":0,"41":0,"42":0,"43":0,"44":0,"45":0,"46":0,"47":0,"48":0,"49":0,"50":0,"51":1,"52":0,"53":0,"54":0,"55":0,"56":0,"57":0,"58":0,"59":0,"60":0,"61":0,"62":0,"63":0,"64":0,"65":1,"66":0,"67":0,"68":0,"69":0,"70":0,"71":0,"72":0,"73":0,"74":0,"75":0,"76":0,"77":0,"78":0,"79":0,"80":1,"81":0,"82":0,"83":0,"84":0,"85":1,"86":0,"87":1,"88":0,"89":0,"90":0,"91":0,"92":0,"93":0,"94":0,"95":0,"96":0,"97":0,"98":0,"99":1,"100":0,"101":0,"102":0,"103":0,"104":0,"105":0,"106":0,"107":0,"108":0,"109":0,"110":1,"111":0,"112":0,"113":0,"114":0,"115":0,"116":0,"117":0,"118":0,"119":0,"120":0,"121":0,"122":1,"123":0,"124":0,"125":0,"126":0,"127":0,"128":0,"129":0,"130":1,"131":0,"132":0,"133":0,"134":0,"135":0,"136":0,"137":0,"138":0,"139":1,"140":0,"141":0,"142":0,"143":0,"144":0,"145":0,"146":0,"147":0,"148":0,"149":0,"150":0,"151":0,"152":0,"153":0,"154":0,"155":0,"156":0,"157":0,"158":0,"159":0,"160":1,"161":0,"162":0,"163":0,"164":0,"165":0,"166":0,"167":0,"168":0,"169":0,"170":0,"171":0,"172":0,"173":0,"174":0,"175":0,"176":1,"177":0,"178":0,"179":0,"180":0,"181":0,"182":0,"183":0,"184":1,"185":0,"186":0,"187":0,"188":0,"189":0,"190":0,"191":0,"192":0,"193":0,"194":0,"195":0,"196":0,"197":0,"198":0,"199":0,"200":0,"201":0,"202":0,"203":0,"204":0,"205":0,"206":0,"207":0,"208":0,"209":0,"210":0,"211":0,"212":0,"213":0,"214":0,"215":0,"216":0,"217":0,"218":0,"219":0,"220":0,"221":0,"222":0,"223":0,"224":0,"225":0,"226":0,"227":0,"228":0,"229":0,"230":0,"231":0,"232":0,"233":0,"234":0,"235":0,"236":0,"237":0,"238":0,"239":0,"240":0,"241":0,"242":0,"243":0,"244":0,"245":0,"246":0,"247":0,"248":0,"249":0,"250":0,"251":0,"252":0,"253":0,"254":0,"255":0,"256":0,"257":0,"258":0,"259":0,"260":0,"261":0,"262":0,"263":0,"264":0,"265":1,"266":0,"267":0,"268":0,"269":0,"270":0,"271":0,"272":0,"273":0,"274":0,"275":0,"276":0,"277":0,"278":0,"279":0,"280":0,"281":0,"282":0,"283":0,"284":0,"285":0,"286":0,"287":0,"288":0,"289":0,"290":0,"291":0,"292":0,"293":0,"294":0,"295":0,"296":0,"297":0,"298":0,"299":0,"300":0,"301":0,"302":0,"303":0,"304":0,"305":0,"306":0,"307":0,"308":0,"309":0,"310":0,"311":0,"312":0,"313":0,"314":0,"315":0,"316":0,"317":0,"318":0,"319":1,"320":0,"321":0,"322":0,"323":0,"324":0,"325":0,"326":0,"327":0,"328":0,"329":0,"330":0,"331":0,"332":0,"333":0,"334":0,"335":0,"336":0,"337":0,"338":0,"339":0,"340":0,"341":0,"342":0,"343":0,"344":0,"345":0,"346":0,"347":0,"348":0,"349":0,"350":0,"351":0,"352":0,"353":0,"354":0,"355":0,"356":0,"357":0,"358":0,"359":0,"360":0,"361":0,"362":0,"363":0,"364":0,"365":0,"366":0,"367":0,"368":0,"369":0,"370":1,"371":0,"372":0,"373":0,"374":0,"375":0,"376":0,"377":0,"378":0,"379":0,"380":0,"381":0,"382":0,"383":0,"384":0,"385":0,"386":0,"387":0,"388":0,"389":0,"390":0,"391":0,"392":0,"393":0,"394":1,"395":0,"396":1,"397":0,"398":1,"399":0,"400":0,"401":0,"402":0,"403":0,"404":0,"405":0,"406":1,"407":0,"408":1,"409":0,"410":0,"411":0,"412":0,"413":0,"414":0,"415":1,"416":1,"417":0,"418":1,"419":0,"420":1,"421":0,"422":1,"423":1},"b":{"1":[0,0],"2":[0,0],"3":[0,0],"4":[0,0,0],"5":[0,0],"6":[0,0],"7":[0,0],"8":[0,0],"9":[0,0],"10":[0,0],"11":[0,0],"12":[0,0],"13":[0,0],"14":[0,0],"15":[0,0],"16":[0,0],"17":[0,0],"18":[0,0],"19":[0,0],"20":[0,0],"21":[0,0],"22":[0,0],"23":[0,0],"24":[0,0],"25":[0,0],"26":[0,0],"27":[0,0],"28":[0,0],"29":[0,0],"30":[0,0],"31":[0,0],"32":[0,0],"33":[0,0],"34":[0,0],"35":[0,0],"36":[0,0],"37":[0,0],"38":[0,0],"39":[0,0],"40":[0,0],"41":[0,0],"42":[0,0],"43":[0,0],"44":[0,0],"45":[0,0],"46":[0,0,0],"47":[0,0],"48":[0,0],"49":[0,0],"50":[0,0],"51":[0,0],"52":[0,0],"53":[0,0],"54":[0,0],"55":[0,0],"56":[0,0],"57":[0,0],"58":[0,0],"59":[0,0],"60":[0,0],"61":[0,0],"62":[0,0],"63":[0,0],"64":[0,0],"65":[0,0],"66":[0,0],"67":[0,0],"68":[0,0],"69":[0,0],"70":[0,0]},"f":{"1":1,"2":1,"3":0,"4":0,"5":0,"6":0,"7":0,"8":0,"9":0,"10":0,"11":0,"12":0,"13":0,"14":0,"15":0,"16":0,"17":0,"18":0,"19":0,"20":0,"21":0,"22":0,"23":0,"24":0,"25":0,"26":0,"27":0,"28":0,"29":0,"30":0,"31":0,"32":0,"33":0,"34":0,"35":0,"36":0,"37":0,"38":0,"39":0,"40":0,"41":0,"42":0,"43":0,"44":0,"45":0,"46":0,"47":0,"48":0,"49":0,"50":0,"51":0,"52":0,"53":0,"54":0,"55":0,"56":0,"57":0,"58":0,"59":0,"60":0,"61":0,"62":0,"63":0,"64":0,"65":0,"66":0},"fnMap":{"1":{"name":"(anonymous_1)","line":1,"loc":{"start":{"line":1,"column":18},"end":{"line":1,"column":30}}},"2":{"name":"coluutils","line":24,"loc":{"start":{"line":24,"column":4},"end":{"line":24,"column":25}}},"3":{"name":"sendRawTransaction","line":31,"loc":{"start":{"line":31,"column":35},"end":{"line":31,"column":70}}},"4":{"name":"getBlockCount","line":35,"loc":{"start":{"line":35,"column":30},"end":{"line":35,"column":55}}},"5":{"name":"getTransactionListForAddress","line":38,"loc":{"start":{"line":38,"column":45},"end":{"line":38,"column":110}}},"6":{"name":"(anonymous_6)","line":42,"loc":{"start":{"line":42,"column":12},"end":{"line":42,"column":31}}},"7":{"name":"(anonymous_7)","line":45,"loc":{"start":{"line":45,"column":27},"end":{"line":45,"column":44}}},"8":{"name":"(anonymous_8)","line":49,"loc":{"start":{"line":49,"column":16},"end":{"line":49,"column":38}}},"9":{"name":"(anonymous_9)","line":50,"loc":{"start":{"line":50,"column":44},"end":{"line":50,"column":65}}},"10":{"name":"(anonymous_10)","line":55,"loc":{"start":{"line":55,"column":44},"end":{"line":55,"column":61}}},"11":{"name":"callwithbatch","line":85,"loc":{"start":{"line":85,"column":4},"end":{"line":85,"column":34}}},"12":{"name":"(anonymous_12)","line":90,"loc":{"start":{"line":90,"column":29},"end":{"line":90,"column":67}}},"13":{"name":"isOkToIssue","line":103,"loc":{"start":{"line":103,"column":4},"end":{"line":104,"column":4}}},"14":{"name":"(anonymous_14)","line":115,"loc":{"start":{"line":115,"column":38},"end":{"line":115,"column":55}}},"15":{"name":"(anonymous_15)","line":127,"loc":{"start":{"line":127,"column":20},"end":{"line":127,"column":35}}},"16":{"name":"(anonymous_16)","line":135,"loc":{"start":{"line":135,"column":24},"end":{"line":135,"column":39}}},"17":{"name":"callservice","line":141,"loc":{"start":{"line":141,"column":4},"end":{"line":141,"column":27}}},"18":{"name":"(anonymous_18)","line":154,"loc":{"start":{"line":154,"column":29},"end":{"line":154,"column":42}}},"19":{"name":"validateIssueTrasaction","line":170,"loc":{"start":{"line":170,"column":40},"end":{"line":170,"column":79}}},"20":{"name":"(anonymous_20)","line":180,"loc":{"start":{"line":180,"column":40},"end":{"line":180,"column":67}}},"21":{"name":"createAssetFile","line":203,"loc":{"start":{"line":203,"column":32},"end":{"line":203,"column":63}}},"22":{"name":"(anonymous_22)","line":214,"loc":{"start":{"line":214,"column":81},"end":{"line":214,"column":101}}},"23":{"name":"createIssueTransaction","line":231,"loc":{"start":{"line":231,"column":39},"end":{"line":231,"column":81}}},"24":{"name":"(anonymous_24)","line":237,"loc":{"start":{"line":237,"column":13},"end":{"line":237,"column":27}}},"25":{"name":"(anonymous_25)","line":241,"loc":{"start":{"line":241,"column":14},"end":{"line":241,"column":28}}},"26":{"name":"createSendAssetTansaction","line":249,"loc":{"start":{"line":249,"column":43},"end":{"line":249,"column":88}}},"27":{"name":"(anonymous_27)","line":255,"loc":{"start":{"line":255,"column":13},"end":{"line":255,"column":25}}},"28":{"name":"(anonymous_28)","line":259,"loc":{"start":{"line":259,"column":14},"end":{"line":259,"column":28}}},"29":{"name":"encodeColorScheme","line":273,"loc":{"start":{"line":273,"column":4},"end":{"line":273,"column":37}}},"30":{"name":"(anonymous_30)","line":287,"loc":{"start":{"line":287,"column":34},"end":{"line":287,"column":58}}},"31":{"name":"getUnspentsByAddress","line":315,"loc":{"start":{"line":315,"column":4},"end":{"line":316,"column":4}}},"32":{"name":"(anonymous_32)","line":322,"loc":{"start":{"line":322,"column":45},"end":{"line":322,"column":71}}},"33":{"name":"(anonymous_33)","line":336,"loc":{"start":{"line":336,"column":23},"end":{"line":336,"column":38}}},"34":{"name":"comupteCost","line":344,"loc":{"start":{"line":344,"column":4},"end":{"line":344,"column":44}}},"35":{"name":"(anonymous_35)","line":349,"loc":{"start":{"line":349,"column":30},"end":{"line":349,"column":43}}},"36":{"name":"addInputsForSendTransaction","line":359,"loc":{"start":{"line":359,"column":4},"end":{"line":359,"column":55}}},"37":{"name":"(anonymous_37)","line":367,"loc":{"start":{"line":367,"column":16},"end":{"line":367,"column":30}}},"38":{"name":"(anonymous_38)","line":371,"loc":{"start":{"line":371,"column":33},"end":{"line":371,"column":46}}},"39":{"name":"(anonymous_39)","line":385,"loc":{"start":{"line":385,"column":45},"end":{"line":385,"column":78}}},"40":{"name":"(anonymous_40)","line":387,"loc":{"start":{"line":387,"column":46},"end":{"line":387,"column":57}}},"41":{"name":"(anonymous_41)","line":409,"loc":{"start":{"line":409,"column":55},"end":{"line":409,"column":71}}},"42":{"name":"(anonymous_42)","line":434,"loc":{"start":{"line":434,"column":63},"end":{"line":434,"column":78}}},"43":{"name":"(anonymous_43)","line":436,"loc":{"start":{"line":436,"column":34},"end":{"line":436,"column":52}}},"44":{"name":"(anonymous_44)","line":462,"loc":{"start":{"line":462,"column":50},"end":{"line":462,"column":67}}},"45":{"name":"findBestMatchByNeededAssets","line":480,"loc":{"start":{"line":480,"column":4},"end":{"line":480,"column":91}}},"46":{"name":"(anonymous_46)","line":485,"loc":{"start":{"line":485,"column":41},"end":{"line":485,"column":56}}},"47":{"name":"(anonymous_47)","line":488,"loc":{"start":{"line":488,"column":32},"end":{"line":488,"column":43}}},"48":{"name":"(anonymous_48)","line":506,"loc":{"start":{"line":506,"column":22},"end":{"line":506,"column":37}}},"49":{"name":"(anonymous_49)","line":508,"loc":{"start":{"line":508,"column":30},"end":{"line":508,"column":46}}},"50":{"name":"addInputsForIssueTransaction","line":550,"loc":{"start":{"line":550,"column":4},"end":{"line":550,"column":56}}},"51":{"name":"(anonymous_51)","line":611,"loc":{"start":{"line":611,"column":14},"end":{"line":611,"column":30}}},"52":{"name":"(anonymous_52)","line":619,"loc":{"start":{"line":619,"column":45},"end":{"line":619,"column":61}}},"53":{"name":"(anonymous_53)","line":658,"loc":{"start":{"line":658,"column":13},"end":{"line":658,"column":29}}},"54":{"name":"(anonymous_54)","line":663,"loc":{"start":{"line":663,"column":14},"end":{"line":663,"column":30}}},"55":{"name":"insertSatoshiToTransaction","line":672,"loc":{"start":{"line":672,"column":4},"end":{"line":673,"column":4}}},"56":{"name":"(anonymous_56)","line":694,"loc":{"start":{"line":694,"column":40},"end":{"line":694,"column":56}}},"57":{"name":"getIssuenceCost","line":710,"loc":{"start":{"line":710,"column":4},"end":{"line":710,"column":38}}},"58":{"name":"getTotalOuputValue","line":714,"loc":{"start":{"line":714,"column":4},"end":{"line":714,"column":41}}},"59":{"name":"getTotalIssuenceCost","line":718,"loc":{"start":{"line":718,"column":4},"end":{"line":719,"column":4}}},"60":{"name":"(anonymous_60)","line":725,"loc":{"start":{"line":725,"column":35},"end":{"line":725,"column":48}}},"61":{"name":"getNextOutputValue","line":736,"loc":{"start":{"line":736,"column":4},"end":{"line":736,"column":42}}},"62":{"name":"addOutputs","line":743,"loc":{"start":{"line":743,"column":4},"end":{"line":743,"column":38}}},"63":{"name":"addOutput","line":756,"loc":{"start":{"line":756,"column":4},"end":{"line":756,"column":25}}},"64":{"name":"sha256","line":760,"loc":{"start":{"line":760,"column":4},"end":{"line":760,"column":28}}},"65":{"name":"sha1","line":764,"loc":{"start":{"line":764,"column":4},"end":{"line":764,"column":26}}},"66":{"name":"toSatoshi","line":768,"loc":{"start":{"line":768,"column":4},"end":{"line":768,"column":28}}}},"statementMap":{"1":{"start":{"line":1,"column":0},"end":{"line":775,"column":5}},"2":{"start":{"line":2,"column":4},"end":{"line":2,"column":37}},"3":{"start":{"line":3,"column":4},"end":{"line":3,"column":52}},"4":{"start":{"line":4,"column":4},"end":{"line":4,"column":25}},"5":{"start":{"line":5,"column":4},"end":{"line":5,"column":33}},"6":{"start":{"line":6,"column":4},"end":{"line":6,"column":33}},"7":{"start":{"line":7,"column":4},"end":{"line":7,"column":35}},"8":{"start":{"line":8,"column":4},"end":{"line":8,"column":45}},"9":{"start":{"line":9,"column":4},"end":{"line":9,"column":37}},"10":{"start":{"line":10,"column":4},"end":{"line":10,"column":39}},"11":{"start":{"line":11,"column":4},"end":{"line":11,"column":55}},"12":{"start":{"line":12,"column":4},"end":{"line":12,"column":29}},"13":{"start":{"line":16,"column":4},"end":{"line":16,"column":19}},"14":{"start":{"line":17,"column":4},"end":{"line":17,"column":38}},"15":{"start":{"line":18,"column":4},"end":{"line":18,"column":38}},"16":{"start":{"line":20,"column":4},"end":{"line":20,"column":30}},"17":{"start":{"line":22,"column":4},"end":{"line":22,"column":52}},"18":{"start":{"line":24,"column":4},"end":{"line":29,"column":5}},"19":{"start":{"line":25,"column":9},"end":{"line":25,"column":127}},"20":{"start":{"line":31,"column":4},"end":{"line":33,"column":5}},"21":{"start":{"line":32,"column":8},"end":{"line":32,"column":55}},"22":{"start":{"line":35,"column":4},"end":{"line":37,"column":5}},"23":{"start":{"line":36,"column":8},"end":{"line":36,"column":44}},"24":{"start":{"line":38,"column":4},"end":{"line":83,"column":5}},"25":{"start":{"line":39,"column":6},"end":{"line":39,"column":31}},"26":{"start":{"line":40,"column":6},"end":{"line":40,"column":48}},"27":{"start":{"line":41,"column":6},"end":{"line":81,"column":8}},"28":{"start":{"line":43,"column":8},"end":{"line":43,"column":35}},"29":{"start":{"line":44,"column":8},"end":{"line":44,"column":22}},"30":{"start":{"line":45,"column":10},"end":{"line":47,"column":12}},"31":{"start":{"line":46,"column":14},"end":{"line":46,"column":81}},"32":{"start":{"line":48,"column":10},"end":{"line":80,"column":12}},"33":{"start":{"line":50,"column":14},"end":{"line":73,"column":16}},"34":{"start":{"line":52,"column":16},"end":{"line":52,"column":85}},"35":{"start":{"line":53,"column":16},"end":{"line":53,"column":32}},"36":{"start":{"line":54,"column":16},"end":{"line":69,"column":17}},"37":{"start":{"line":55,"column":18},"end":{"line":68,"column":20}},"38":{"start":{"line":56,"column":20},"end":{"line":66,"column":21}},"39":{"start":{"line":61,"column":22},"end":{"line":65,"column":24}},"40":{"start":{"line":62,"column":25},"end":{"line":62,"column":38}},"41":{"start":{"line":63,"column":25},"end":{"line":63,"column":80}},"42":{"start":{"line":64,"column":25},"end":{"line":64,"column":37}},"43":{"start":{"line":67,"column":20},"end":{"line":67,"column":65}},"44":{"start":{"line":70,"column":16},"end":{"line":70,"column":54}},"45":{"start":{"line":71,"column":16},"end":{"line":71,"column":60}},"46":{"start":{"line":72,"column":16},"end":{"line":72,"column":28}},"47":{"start":{"line":76,"column":14},"end":{"line":76,"column":47}},"48":{"start":{"line":77,"column":14},"end":{"line":77,"column":34}},"49":{"start":{"line":79,"column":14},"end":{"line":79,"column":40}},"50":{"start":{"line":82,"column":7},"end":{"line":82,"column":31}},"51":{"start":{"line":85,"column":4},"end":{"line":101,"column":5}},"52":{"start":{"line":86,"column":8},"end":{"line":86,"column":20}},"53":{"start":{"line":87,"column":8},"end":{"line":87,"column":33}},"54":{"start":{"line":88,"column":8},"end":{"line":88,"column":31}},"55":{"start":{"line":89,"column":8},"end":{"line":89,"column":26}},"56":{"start":{"line":90,"column":8},"end":{"line":99,"column":10}},"57":{"start":{"line":91,"column":10},"end":{"line":91,"column":39}},"58":{"start":{"line":92,"column":12},"end":{"line":93,"column":31}},"59":{"start":{"line":92,"column":20},"end":{"line":92,"column":33}},"60":{"start":{"line":93,"column":17},"end":{"line":93,"column":31}},"61":{"start":{"line":94,"column":12},"end":{"line":98,"column":15}},"62":{"start":{"line":96,"column":16},"end":{"line":96,"column":44}},"63":{"start":{"line":97,"column":16},"end":{"line":97,"column":38}},"64":{"start":{"line":100,"column":9},"end":{"line":100,"column":33}},"65":{"start":{"line":103,"column":4},"end":{"line":125,"column":1}},"66":{"start":{"line":105,"column":7},"end":{"line":105,"column":24}},"67":{"start":{"line":106,"column":8},"end":{"line":123,"column":14}},"68":{"start":{"line":108,"column":15},"end":{"line":108,"column":45}},"69":{"start":{"line":110,"column":15},"end":{"line":110,"column":65}},"70":{"start":{"line":111,"column":16},"end":{"line":111,"column":32}},"71":{"start":{"line":112,"column":15},"end":{"line":122,"column":16}},"72":{"start":{"line":113,"column":18},"end":{"line":113,"column":43}},"73":{"start":{"line":114,"column":17},"end":{"line":114,"column":60}},"74":{"start":{"line":115,"column":17},"end":{"line":121,"column":19}},"75":{"start":{"line":116,"column":20},"end":{"line":119,"column":34}},"76":{"start":{"line":117,"column":22},"end":{"line":117,"column":34}},"77":{"start":{"line":119,"column":22},"end":{"line":119,"column":34}},"78":{"start":{"line":120,"column":20},"end":{"line":120,"column":33}},"79":{"start":{"line":124,"column":9},"end":{"line":124,"column":21}},"80":{"start":{"line":127,"column":0},"end":{"line":133,"column":1}},"81":{"start":{"line":128,"column":1},"end":{"line":128,"column":50}},"82":{"start":{"line":129,"column":1},"end":{"line":131,"column":2}},"83":{"start":{"line":130,"column":3},"end":{"line":130,"column":14}},"84":{"start":{"line":132,"column":1},"end":{"line":132,"column":13}},"85":{"start":{"line":135,"column":0},"end":{"line":137,"column":1}},"86":{"start":{"line":136,"column":4},"end":{"line":136,"column":27}},"87":{"start":{"line":141,"column":4},"end":{"line":167,"column":5}},"88":{"start":{"line":142,"column":8},"end":{"line":142,"column":33}},"89":{"start":{"line":144,"column":8},"end":{"line":144,"column":44}},"90":{"start":{"line":145,"column":8},"end":{"line":145,"column":30}},"91":{"start":{"line":146,"column":8},"end":{"line":146,"column":21}},"92":{"start":{"line":147,"column":8},"end":{"line":150,"column":11}},"93":{"start":{"line":154,"column":8},"end":{"line":163,"column":11}},"94":{"start":{"line":155,"column":10},"end":{"line":161,"column":11}},"95":{"start":{"line":156,"column":13},"end":{"line":156,"column":30}},"96":{"start":{"line":157,"column":14},"end":{"line":157,"column":75}},"97":{"start":{"line":160,"column":12},"end":{"line":160,"column":43}},"98":{"start":{"line":166,"column":8},"end":{"line":166,"column":32}},"99":{"start":{"line":170,"column":4},"end":{"line":201,"column":5}},"100":{"start":{"line":171,"column":6},"end":{"line":171,"column":31}},"101":{"start":{"line":173,"column":7},"end":{"line":173,"column":52}},"102":{"start":{"line":175,"column":8},"end":{"line":176,"column":63}},"103":{"start":{"line":179,"column":8},"end":{"line":179,"column":76}},"104":{"start":{"line":180,"column":8},"end":{"line":195,"column":11}},"105":{"start":{"line":183,"column":12},"end":{"line":194,"column":11}},"106":{"start":{"line":185,"column":14},"end":{"line":185,"column":37}},"107":{"start":{"line":189,"column":14},"end":{"line":193,"column":83}},"108":{"start":{"line":193,"column":16},"end":{"line":193,"column":83}},"109":{"start":{"line":200,"column":7},"end":{"line":200,"column":31}},"110":{"start":{"line":203,"column":4},"end":{"line":229,"column":5}},"111":{"start":{"line":204,"column":6},"end":{"line":204,"column":24}},"112":{"start":{"line":205,"column":8},"end":{"line":205,"column":33}},"113":{"start":{"line":207,"column":8},"end":{"line":207,"column":53}},"114":{"start":{"line":209,"column":8},"end":{"line":210,"column":63}},"115":{"start":{"line":212,"column":8},"end":{"line":212,"column":76}},"116":{"start":{"line":214,"column":8},"end":{"line":222,"column":11}},"117":{"start":{"line":215,"column":12},"end":{"line":221,"column":13}},"118":{"start":{"line":216,"column":14},"end":{"line":216,"column":57}},"119":{"start":{"line":217,"column":16},"end":{"line":217,"column":69}},"120":{"start":{"line":220,"column":15},"end":{"line":220,"column":100}},"121":{"start":{"line":226,"column":8},"end":{"line":226,"column":32}},"122":{"start":{"line":231,"column":4},"end":{"line":247,"column":5}},"123":{"start":{"line":232,"column":8},"end":{"line":232,"column":33}},"124":{"start":{"line":234,"column":8},"end":{"line":234,"column":41}},"125":{"start":{"line":236,"column":8},"end":{"line":243,"column":11}},"126":{"start":{"line":238,"column":12},"end":{"line":238,"column":41}},"127":{"start":{"line":239,"column":12},"end":{"line":239,"column":80}},"128":{"start":{"line":242,"column":10},"end":{"line":242,"column":31}},"129":{"start":{"line":246,"column":8},"end":{"line":246,"column":32}},"130":{"start":{"line":249,"column":5},"end":{"line":266,"column":5}},"131":{"start":{"line":250,"column":8},"end":{"line":250,"column":33}},"132":{"start":{"line":252,"column":8},"end":{"line":252,"column":41}},"133":{"start":{"line":254,"column":8},"end":{"line":262,"column":11}},"134":{"start":{"line":256,"column":12},"end":{"line":256,"column":27}},"135":{"start":{"line":257,"column":12},"end":{"line":257,"column":33}},"136":{"start":{"line":260,"column":10},"end":{"line":260,"column":26}},"137":{"start":{"line":261,"column":10},"end":{"line":261,"column":31}},"138":{"start":{"line":265,"column":8},"end":{"line":265,"column":32}},"139":{"start":{"line":273,"column":4},"end":{"line":312,"column":5}},"140":{"start":{"line":274,"column":6},"end":{"line":274,"column":46}},"141":{"start":{"line":275,"column":6},"end":{"line":275,"column":51}},"142":{"start":{"line":276,"column":6},"end":{"line":276,"column":50}},"143":{"start":{"line":277,"column":6},"end":{"line":277,"column":81}},"144":{"start":{"line":278,"column":6},"end":{"line":278,"column":64}},"145":{"start":{"line":279,"column":6},"end":{"line":283,"column":7}},"146":{"start":{"line":280,"column":9},"end":{"line":282,"column":10}},"147":{"start":{"line":285,"column":6},"end":{"line":285,"column":36}},"148":{"start":{"line":286,"column":6},"end":{"line":292,"column":7}},"149":{"start":{"line":287,"column":8},"end":{"line":291,"column":10}},"150":{"start":{"line":288,"column":10},"end":{"line":288,"column":82}},"151":{"start":{"line":289,"column":10},"end":{"line":289,"column":72}},"152":{"start":{"line":290,"column":10},"end":{"line":290,"column":69}},"153":{"start":{"line":295,"column":6},"end":{"line":295,"column":39}},"154":{"start":{"line":296,"column":6},"end":{"line":296,"column":36}},"155":{"start":{"line":298,"column":6},"end":{"line":298,"column":34}},"156":{"start":{"line":299,"column":6},"end":{"line":303,"column":33}},"157":{"start":{"line":305,"column":6},"end":{"line":305,"column":32}},"158":{"start":{"line":308,"column":6},"end":{"line":308,"column":61}},"159":{"start":{"line":310,"column":6},"end":{"line":310,"column":21}},"160":{"start":{"line":315,"column":4},"end":{"line":342,"column":5}},"161":{"start":{"line":317,"column":8},"end":{"line":317,"column":33}},"162":{"start":{"line":318,"column":8},"end":{"line":321,"column":17}},"163":{"start":{"line":322,"column":8},"end":{"line":339,"column":15}},"164":{"start":{"line":323,"column":12},"end":{"line":323,"column":30}},"165":{"start":{"line":324,"column":12},"end":{"line":335,"column":13}},"166":{"start":{"line":325,"column":16},"end":{"line":325,"column":63}},"167":{"start":{"line":326,"column":16},"end":{"line":326,"column":39}},"168":{"start":{"line":328,"column":17},"end":{"line":335,"column":13}},"169":{"start":{"line":329,"column":16},"end":{"line":329,"column":83}},"170":{"start":{"line":330,"column":16},"end":{"line":330,"column":77}},"171":{"start":{"line":333,"column":16},"end":{"line":333,"column":70}},"172":{"start":{"line":334,"column":16},"end":{"line":334,"column":85}},"173":{"start":{"line":337,"column":16},"end":{"line":337,"column":88}},"174":{"start":{"line":338,"column":16},"end":{"line":338,"column":85}},"175":{"start":{"line":341,"column":8},"end":{"line":341,"column":32}},"176":{"start":{"line":344,"column":4},"end":{"line":357,"column":5}},"177":{"start":{"line":345,"column":7},"end":{"line":345,"column":41}},"178":{"start":{"line":347,"column":8},"end":{"line":352,"column":9}},"179":{"start":{"line":349,"column":10},"end":{"line":351,"column":12}},"180":{"start":{"line":350,"column":12},"end":{"line":350,"column":38}},"181":{"start":{"line":353,"column":8},"end":{"line":356,"column":71}},"182":{"start":{"line":354,"column":10},"end":{"line":354,"column":20}},"183":{"start":{"line":356,"column":10},"end":{"line":356,"column":71}},"184":{"start":{"line":359,"column":4},"end":{"line":478,"column":5}},"185":{"start":{"line":360,"column":8},"end":{"line":360,"column":32}},"186":{"start":{"line":361,"column":8},"end":{"line":361,"column":53}},"187":{"start":{"line":362,"column":8},"end":{"line":362,"column":39}},"188":{"start":{"line":364,"column":8},"end":{"line":475,"column":7}},"189":{"start":{"line":365,"column":8},"end":{"line":471,"column":9}},"190":{"start":{"line":366,"column":10},"end":{"line":470,"column":12}},"191":{"start":{"line":368,"column":12},"end":{"line":368,"column":46}},"192":{"start":{"line":369,"column":12},"end":{"line":369,"column":85}},"193":{"start":{"line":370,"column":13},"end":{"line":370,"column":31}},"194":{"start":{"line":371,"column":13},"end":{"line":378,"column":15}},"195":{"start":{"line":372,"column":16},"end":{"line":372,"column":39}},"196":{"start":{"line":373,"column":16},"end":{"line":374,"column":121}},"197":{"start":{"line":374,"column":18},"end":{"line":374,"column":121}},"198":{"start":{"line":375,"column":16},"end":{"line":375,"column":57}},"199":{"start":{"line":376,"column":16},"end":{"line":376,"column":82}},"200":{"start":{"line":377,"column":16},"end":{"line":377,"column":95}},"201":{"start":{"line":380,"column":13},"end":{"line":380,"column":59}},"202":{"start":{"line":381,"column":13},"end":{"line":405,"column":14}},"203":{"start":{"line":383,"column":16},"end":{"line":383,"column":57}},"204":{"start":{"line":384,"column":16},"end":{"line":384,"column":34}},"205":{"start":{"line":385,"column":16},"end":{"line":391,"column":18}},"206":{"start":{"line":386,"column":18},"end":{"line":386,"column":61}},"207":{"start":{"line":387,"column":19},"end":{"line":390,"column":21}},"208":{"start":{"line":388,"column":22},"end":{"line":388,"column":75}},"209":{"start":{"line":389,"column":22},"end":{"line":389,"column":49}},"210":{"start":{"line":392,"column":16},"end":{"line":403,"column":17}},"211":{"start":{"line":393,"column":18},"end":{"line":393,"column":47}},"212":{"start":{"line":394,"column":18},"end":{"line":394,"column":34}},"213":{"start":{"line":395,"column":19},"end":{"line":398,"column":20}},"214":{"start":{"line":396,"column":22},"end":{"line":396,"column":79}},"215":{"start":{"line":397,"column":22},"end":{"line":397,"column":29}},"216":{"start":{"line":401,"column":18},"end":{"line":401,"column":45}},"217":{"start":{"line":402,"column":18},"end":{"line":402,"column":79}},"218":{"start":{"line":406,"column":13},"end":{"line":406,"column":43}},"219":{"start":{"line":407,"column":13},"end":{"line":407,"column":58}},"220":{"start":{"line":409,"column":14},"end":{"line":409,"column":97}},"221":{"start":{"line":409,"column":73},"end":{"line":409,"column":93}},"222":{"start":{"line":410,"column":14},"end":{"line":416,"column":15}},"223":{"start":{"line":411,"column":18},"end":{"line":415,"column":19}},"224":{"start":{"line":412,"column":21},"end":{"line":412,"column":74}},"225":{"start":{"line":413,"column":20},"end":{"line":413,"column":89}},"226":{"start":{"line":414,"column":20},"end":{"line":414,"column":27}},"227":{"start":{"line":419,"column":13},"end":{"line":421,"column":14}},"228":{"start":{"line":423,"column":13},"end":{"line":446,"column":14}},"229":{"start":{"line":426,"column":16},"end":{"line":426,"column":48}},"230":{"start":{"line":427,"column":16},"end":{"line":427,"column":55}},"231":{"start":{"line":428,"column":16},"end":{"line":432,"column":17}},"232":{"start":{"line":429,"column":18},"end":{"line":429,"column":68}},"233":{"start":{"line":430,"column":18},"end":{"line":430,"column":77}},"234":{"start":{"line":431,"column":18},"end":{"line":431,"column":24}},"235":{"start":{"line":434,"column":16},"end":{"line":434,"column":103}},"236":{"start":{"line":434,"column":80},"end":{"line":434,"column":100}},"237":{"start":{"line":435,"column":16},"end":{"line":435,"column":38}},"238":{"start":{"line":436,"column":16},"end":{"line":444,"column":18}},"239":{"start":{"line":437,"column":18},"end":{"line":437,"column":156}},"240":{"start":{"line":438,"column":18},"end":{"line":438,"column":106}},"241":{"start":{"line":439,"column":18},"end":{"line":439,"column":104}},"242":{"start":{"line":440,"column":18},"end":{"line":440,"column":61}},"243":{"start":{"line":441,"column":18},"end":{"line":441,"column":69}},"244":{"start":{"line":442,"column":18},"end":{"line":442,"column":33}},"245":{"start":{"line":443,"column":18},"end":{"line":443,"column":69}},"246":{"start":{"line":445,"column":16},"end":{"line":445,"column":58}},"247":{"start":{"line":447,"column":12},"end":{"line":447,"column":47}},"248":{"start":{"line":448,"column":12},"end":{"line":453,"column":13}},"249":{"start":{"line":449,"column":14},"end":{"line":449,"column":44}},"250":{"start":{"line":452,"column":14},"end":{"line":452,"column":28}},"251":{"start":{"line":454,"column":12},"end":{"line":454,"column":40}},"252":{"start":{"line":455,"column":12},"end":{"line":459,"column":39}},"253":{"start":{"line":461,"column":12},"end":{"line":461,"column":33}},"254":{"start":{"line":462,"column":12},"end":{"line":462,"column":93}},"255":{"start":{"line":462,"column":69},"end":{"line":462,"column":89}},"256":{"start":{"line":463,"column":12},"end":{"line":463,"column":98}},"257":{"start":{"line":464,"column":12},"end":{"line":464,"column":87}},"258":{"start":{"line":465,"column":12},"end":{"line":466,"column":59}},"259":{"start":{"line":466,"column":14},"end":{"line":466,"column":59}},"260":{"start":{"line":467,"column":12},"end":{"line":467,"column":34}},"261":{"start":{"line":468,"column":12},"end":{"line":468,"column":33}},"262":{"start":{"line":469,"column":12},"end":{"line":469,"column":19}},"263":{"start":{"line":474,"column":8},"end":{"line":474,"column":22}},"264":{"start":{"line":477,"column":8},"end":{"line":477,"column":31}},"265":{"start":{"line":480,"column":4},"end":{"line":548,"column":5}},"266":{"start":{"line":481,"column":6},"end":{"line":481,"column":25}},"267":{"start":{"line":482,"column":6},"end":{"line":482,"column":29}},"268":{"start":{"line":483,"column":6},"end":{"line":497,"column":7}},"269":{"start":{"line":484,"column":8},"end":{"line":484,"column":94}},"270":{"start":{"line":485,"column":8},"end":{"line":496,"column":10}},"271":{"start":{"line":486,"column":10},"end":{"line":486,"column":34}},"272":{"start":{"line":487,"column":12},"end":{"line":487,"column":27}},"273":{"start":{"line":488,"column":12},"end":{"line":493,"column":14}},"274":{"start":{"line":489,"column":16},"end":{"line":489,"column":80}},"275":{"start":{"line":490,"column":16},"end":{"line":490,"column":116}},"276":{"start":{"line":490,"column":71},"end":{"line":490,"column":97}},"277":{"start":{"line":490,"column":98},"end":{"line":490,"column":114}},"278":{"start":{"line":491,"column":16},"end":{"line":491,"column":166}},"279":{"start":{"line":491,"column":108},"end":{"line":491,"column":142}},"280":{"start":{"line":491,"column":143},"end":{"line":491,"column":164}},"281":{"start":{"line":492,"column":16},"end":{"line":492,"column":101}},"282":{"start":{"line":492,"column":38},"end":{"line":492,"column":75}},"283":{"start":{"line":492,"column":76},"end":{"line":492,"column":100}},"284":{"start":{"line":494,"column":12},"end":{"line":494,"column":49}},"285":{"start":{"line":495,"column":12},"end":{"line":495,"column":30}},"286":{"start":{"line":498,"column":6},"end":{"line":498,"column":53}},"287":{"start":{"line":500,"column":6},"end":{"line":503,"column":7}},"288":{"start":{"line":501,"column":9},"end":{"line":501,"column":41}},"289":{"start":{"line":502,"column":8},"end":{"line":502,"column":21}},"290":{"start":{"line":505,"column":6},"end":{"line":505,"column":56}},"291":{"start":{"line":506,"column":6},"end":{"line":542,"column":8}},"292":{"start":{"line":507,"column":8},"end":{"line":507,"column":47}},"293":{"start":{"line":508,"column":10},"end":{"line":538,"column":14}},"294":{"start":{"line":509,"column":12},"end":{"line":537,"column":39}},"295":{"start":{"line":510,"column":14},"end":{"line":510,"column":69}},"296":{"start":{"line":511,"column":14},"end":{"line":535,"column":69}},"297":{"start":{"line":512,"column":17},"end":{"line":512,"column":75}},"298":{"start":{"line":513,"column":17},"end":{"line":513,"column":82}},"299":{"start":{"line":514,"column":16},"end":{"line":532,"column":17}},"300":{"start":{"line":515,"column":20},"end":{"line":515,"column":49}},"301":{"start":{"line":516,"column":20},"end":{"line":516,"column":100}},"302":{"start":{"line":517,"column":21},"end":{"line":517,"column":48}},"303":{"start":{"line":518,"column":20},"end":{"line":518,"column":56}},"304":{"start":{"line":519,"column":20},"end":{"line":519,"column":47}},"305":{"start":{"line":520,"column":20},"end":{"line":520,"column":55}},"306":{"start":{"line":521,"column":20},"end":{"line":521,"column":68}},"307":{"start":{"line":522,"column":20},"end":{"line":522,"column":52}},"308":{"start":{"line":523,"column":21},"end":{"line":523,"column":63}},"309":{"start":{"line":524,"column":20},"end":{"line":524,"column":70}},"310":{"start":{"line":525,"column":20},"end":{"line":528,"column":21}},"311":{"start":{"line":526,"column":22},"end":{"line":527,"column":70}},"312":{"start":{"line":531,"column":18},"end":{"line":531,"column":66}},"313":{"start":{"line":535,"column":16},"end":{"line":535,"column":69}},"314":{"start":{"line":537,"column":23},"end":{"line":537,"column":38}},"315":{"start":{"line":540,"column":10},"end":{"line":540,"column":58}},"316":{"start":{"line":541,"column":10},"end":{"line":541,"column":37}},"317":{"start":{"line":543,"column":6},"end":{"line":543,"column":58}},"318":{"start":{"line":544,"column":6},"end":{"line":544,"column":18}},"319":{"start":{"line":550,"column":4},"end":{"line":669,"column":5}},"320":{"start":{"line":551,"column":8},"end":{"line":551,"column":32}},"321":{"start":{"line":552,"column":8},"end":{"line":552,"column":42}},"322":{"start":{"line":553,"column":8},"end":{"line":553,"column":24}},"323":{"start":{"line":555,"column":8},"end":{"line":555,"column":45}},"324":{"start":{"line":556,"column":8},"end":{"line":556,"column":28}},"325":{"start":{"line":558,"column":8},"end":{"line":604,"column":9}},"326":{"start":{"line":566,"column":10},"end":{"line":566,"column":55}},"327":{"start":{"line":567,"column":10},"end":{"line":567,"column":49}},"328":{"start":{"line":569,"column":10},"end":{"line":569,"column":45}},"329":{"start":{"line":570,"column":10},"end":{"line":570,"column":73}},"330":{"start":{"line":571,"column":10},"end":{"line":574,"column":11}},"331":{"start":{"line":572,"column":15},"end":{"line":573,"column":83}},"332":{"start":{"line":576,"column":10},"end":{"line":589,"column":14}},"333":{"start":{"line":591,"column":12},"end":{"line":596,"column":15}},"334":{"start":{"line":592,"column":16},"end":{"line":592,"column":71}},"335":{"start":{"line":594,"column":16},"end":{"line":594,"column":110}},"336":{"start":{"line":595,"column":16},"end":{"line":595,"column":85}},"337":{"start":{"line":598,"column":10},"end":{"line":598,"column":41}},"338":{"start":{"line":599,"column":10},"end":{"line":599,"column":27}},"339":{"start":{"line":600,"column":10},"end":{"line":600,"column":40}},"340":{"start":{"line":601,"column":10},"end":{"line":601,"column":44}},"341":{"start":{"line":602,"column":10},"end":{"line":602,"column":111}},"342":{"start":{"line":603,"column":10},"end":{"line":603,"column":34}},"343":{"start":{"line":610,"column":8},"end":{"line":665,"column":11}},"344":{"start":{"line":612,"column":12},"end":{"line":612,"column":46}},"345":{"start":{"line":613,"column":12},"end":{"line":613,"column":92}},"346":{"start":{"line":616,"column":12},"end":{"line":616,"column":36}},"347":{"start":{"line":617,"column":12},"end":{"line":617,"column":52}},"348":{"start":{"line":618,"column":12},"end":{"line":618,"column":30}},"349":{"start":{"line":619,"column":12},"end":{"line":631,"column":14}},"350":{"start":{"line":620,"column":14},"end":{"line":628,"column":15}},"351":{"start":{"line":621,"column":18},"end":{"line":621,"column":81}},"352":{"start":{"line":622,"column":18},"end":{"line":622,"column":52}},"353":{"start":{"line":623,"column":18},"end":{"line":623,"column":51}},"354":{"start":{"line":624,"column":18},"end":{"line":626,"column":19}},"355":{"start":{"line":625,"column":20},"end":{"line":625,"column":101}},"356":{"start":{"line":629,"column":14},"end":{"line":629,"column":73}},"357":{"start":{"line":630,"column":14},"end":{"line":630,"column":51}},"358":{"start":{"line":632,"column":12},"end":{"line":632,"column":62}},"359":{"start":{"line":633,"column":12},"end":{"line":635,"column":13}},"360":{"start":{"line":634,"column":15},"end":{"line":634,"column":38}},"361":{"start":{"line":654,"column":12},"end":{"line":654,"column":35}},"362":{"start":{"line":655,"column":12},"end":{"line":655,"column":55}},"363":{"start":{"line":656,"column":12},"end":{"line":656,"column":89}},"364":{"start":{"line":659,"column":10},"end":{"line":659,"column":48}},"365":{"start":{"line":660,"column":10},"end":{"line":661,"column":81}},"366":{"start":{"line":660,"column":28},"end":{"line":660,"column":115}},"367":{"start":{"line":661,"column":16},"end":{"line":661,"column":81}},"368":{"start":{"line":664,"column":12},"end":{"line":664,"column":30}},"369":{"start":{"line":668,"column":8},"end":{"line":668,"column":32}},"370":{"start":{"line":672,"column":4},"end":{"line":708,"column":5}},"371":{"start":{"line":674,"column":6},"end":{"line":674,"column":42}},"372":{"start":{"line":675,"column":6},"end":{"line":675,"column":30}},"373":{"start":{"line":676,"column":6},"end":{"line":676,"column":37}},"374":{"start":{"line":677,"column":6},"end":{"line":677,"column":35}},"375":{"start":{"line":678,"column":6},"end":{"line":692,"column":7}},"376":{"start":{"line":679,"column":8},"end":{"line":679,"column":121}},"377":{"start":{"line":680,"column":8},"end":{"line":680,"column":68}},"378":{"start":{"line":681,"column":8},"end":{"line":681,"column":30}},"379":{"start":{"line":682,"column":8},"end":{"line":691,"column":9}},"380":{"start":{"line":685,"column":11},"end":{"line":685,"column":66}},"381":{"start":{"line":686,"column":11},"end":{"line":686,"column":77}},"382":{"start":{"line":687,"column":11},"end":{"line":687,"column":91}},"383":{"start":{"line":688,"column":11},"end":{"line":688,"column":30}},"384":{"start":{"line":689,"column":11},"end":{"line":689,"column":30}},"385":{"start":{"line":694,"column":7},"end":{"line":705,"column":14}},"386":{"start":{"line":695,"column":14},"end":{"line":703,"column":15}},"387":{"start":{"line":696,"column":18},"end":{"line":696,"column":84}},"388":{"start":{"line":697,"column":18},"end":{"line":697,"column":52}},"389":{"start":{"line":698,"column":18},"end":{"line":698,"column":63}},"390":{"start":{"line":699,"column":18},"end":{"line":701,"column":19}},"391":{"start":{"line":700,"column":20},"end":{"line":700,"column":101}},"392":{"start":{"line":704,"column":14},"end":{"line":704,"column":61}},"393":{"start":{"line":707,"column":6},"end":{"line":707,"column":29}},"394":{"start":{"line":710,"column":4},"end":{"line":712,"column":5}},"395":{"start":{"line":711,"column":7},"end":{"line":711,"column":50}},"396":{"start":{"line":714,"column":4},"end":{"line":716,"column":5}},"397":{"start":{"line":715,"column":6},"end":{"line":715,"column":50}},"398":{"start":{"line":718,"column":4},"end":{"line":734,"column":5}},"399":{"start":{"line":720,"column":8},"end":{"line":720,"column":42}},"400":{"start":{"line":723,"column":8},"end":{"line":728,"column":9}},"401":{"start":{"line":725,"column":10},"end":{"line":727,"column":12}},"402":{"start":{"line":726,"column":12},"end":{"line":726,"column":38}},"403":{"start":{"line":729,"column":8},"end":{"line":732,"column":71}},"404":{"start":{"line":730,"column":10},"end":{"line":730,"column":20}},"405":{"start":{"line":732,"column":10},"end":{"line":732,"column":71}},"406":{"start":{"line":736,"column":4},"end":{"line":741,"column":5}},"407":{"start":{"line":738,"column":8},"end":{"line":738,"column":52}},"408":{"start":{"line":743,"column":4},"end":{"line":754,"column":5}},"409":{"start":{"line":744,"column":6},"end":{"line":744,"column":31}},"410":{"start":{"line":745,"column":6},"end":{"line":745,"column":59}},"411":{"start":{"line":746,"column":6},"end":{"line":750,"column":7}},"412":{"start":{"line":747,"column":12},"end":{"line":747,"column":59}},"413":{"start":{"line":749,"column":12},"end":{"line":749,"column":57}},"414":{"start":{"line":753,"column":6},"end":{"line":753,"column":30}},"415":{"start":{"line":756,"column":4},"end":{"line":758,"column":5}},"416":{"start":{"line":760,"column":4},"end":{"line":762,"column":5}},"417":{"start":{"line":761,"column":8},"end":{"line":761,"column":66}},"418":{"start":{"line":764,"column":4},"end":{"line":766,"column":5}},"419":{"start":{"line":765,"column":8},"end":{"line":765,"column":64}},"420":{"start":{"line":768,"column":4},"end":{"line":770,"column":5}},"421":{"start":{"line":769,"column":6},"end":{"line":769,"column":32}},"422":{"start":{"line":772,"column":4},"end":{"line":772,"column":16}},"423":{"start":{"line":774,"column":4},"end":{"line":774,"column":21}}},"branchMap":{"1":{"line":40,"type":"binary-expr","locations":[{"start":{"line":40,"column":26},"end":{"line":40,"column":42}},{"start":{"line":40,"column":46},"end":{"line":40,"column":47}}]},"2":{"line":54,"type":"if","locations":[{"start":{"line":54,"column":16},"end":{"line":54,"column":16}},{"start":{"line":54,"column":16},"end":{"line":54,"column":16}}]},"3":{"line":56,"type":"if","locations":[{"start":{"line":56,"column":20},"end":{"line":56,"column":20}},{"start":{"line":56,"column":20},"end":{"line":56,"column":20}}]},"4":{"line":56,"type":"binary-expr","locations":[{"start":{"line":56,"column":23},"end":{"line":56,"column":40}},{"start":{"line":57,"column":20},"end":{"line":57,"column":41}},{"start":{"line":58,"column":20},"end":{"line":58,"column":68}}]},"5":{"line":61,"type":"if","locations":[{"start":{"line":61,"column":22},"end":{"line":61,"column":22}},{"start":{"line":61,"column":22},"end":{"line":61,"column":22}}]},"6":{"line":92,"type":"if","locations":[{"start":{"line":92,"column":12},"end":{"line":92,"column":12}},{"start":{"line":92,"column":12},"end":{"line":92,"column":12}}]},"7":{"line":94,"type":"if","locations":[{"start":{"line":94,"column":12},"end":{"line":94,"column":12}},{"start":{"line":94,"column":12},"end":{"line":94,"column":12}}]},"8":{"line":106,"type":"if","locations":[{"start":{"line":106,"column":8},"end":{"line":106,"column":8}},{"start":{"line":106,"column":8},"end":{"line":106,"column":8}}]},"9":{"line":106,"type":"binary-expr","locations":[{"start":{"line":106,"column":12},"end":{"line":106,"column":29}},{"start":{"line":106,"column":33},"end":{"line":106,"column":69}}]},"10":{"line":112,"type":"if","locations":[{"start":{"line":112,"column":15},"end":{"line":112,"column":15}},{"start":{"line":112,"column":15},"end":{"line":112,"column":15}}]},"11":{"line":116,"type":"if","locations":[{"start":{"line":116,"column":20},"end":{"line":116,"column":20}},{"start":{"line":116,"column":20},"end":{"line":116,"column":20}}]},"12":{"line":129,"type":"if","locations":[{"start":{"line":129,"column":1},"end":{"line":129,"column
[...]
:[{"start":{"line":189,"column":14},"end":{"line":189,"column":14}},{"start":{"line":189,"column":14},"end":{"line":189,"column":14}}]},"17":{"line":215,"type":"if","locations":[{"start":{"line":215,"column":12},"end":{"line":215,"column":12}},{"start":{"line":215,"column":12},"end":{"line":215,"column":12}}]},"18":{"line":239,"type":"binary-expr","locations":[{"start":{"line":239,"column":58},"end":{"line":239,"column":70}},{"start":{"line":239,"column":74},"end":{"line":239,"column":77}}]},"19":{"line":279,"type":"if","locations":[{"start":{"line":279,"column":6},"end":{"line":279,"column":6}},{"start":{"line":279,"column":6},"end":{"line":279,"column":6}}]},"20":{"line":279,"type":"binary-expr","locations":[{"start":{"line":279,"column":9},"end":{"line":279,"column":26}},{"start":{"line":279,"column":30},"end":{"line":279,"column":44}}]},"21":{"line":280,"type":"if","locations":[{"start":{"line":280,"column":9},"end":{"line":280,"column":9}},{"start":{"line":280,"column":9},"end":{"line":280,"column":9}}]},"22":{"line":286,"type":"if","locations":[{"start":{"line":286,"column":6},"end":{"line":286,"column":6}},{"start":{"line":286,"column":6},"end":{"line":286,"column":6}}]},"23":{"line":324,"type":"if","locations":[{"start":{"line":324,"column":12},"end":{"line":324,"column":12}},{"start":{"line":324,"column":12},"end":{"line":324,"column":12}}]},"24":{"line":328,"type":"if","locations":[{"start":{"line":328,"column":17},"end":{"line":328,"column":17}},{"start":{"line":328,"column":17},"end":{"line":328,"column":17}}]},"25":{"line":345,"type":"cond-expr","locations":[{"start":{"line":345,"column":23},"end":{"line":345,"column":36}},{"start":{"line":345,"column":39},"end":{"line":345,"column":40}}]},"26":{"line":347,"type":"if","locations":[{"start":{"line":347,"column":8},"end":{"line":347,"column":8}},{"start":{"line":347,"column":8},"end":{"line":347,"column":8}}]},"27":{"line":347,"type":"binary-expr","locations":[{"start":{"line":347,"column":11},"end":{"line":347,"column":22}},{"start":{"line":347,"column":26},"end":{"line":347,"column":44}}]},"28":{"line":353,"type":"if","locations":[{"start":{"line":353,"column":8},"end":{"line":353,"column":8}},{"start":{"line":353,"column":8},"end":{"line":353,"column":8}}]},"29":{"line":353,"type":"binary-expr","locations":[{"start":{"line":353,"column":11},"end":{"line":353,"column":26}},{"start":{"line":353,"column":30},"end":{"line":353,"column":48}}]},"30":{"line":356,"type":"cond-expr","locations":[{"start":{"line":356,"column":46},"end":{"line":356,"column":65}},{"start":{"line":356,"column":69},"end":{"line":356,"column":70}}]},"31":{"line":365,"type":"if","locations":[{"start":{"line":365,"column":8},"end":{"line":365,"column":8}},{"start":{"line":365,"column":8},"end":{"line":365,"column":8}}]},"32":{"line":373,"type":"if","locations":[{"start":{"line":373,"column":16},"end":{"line":373,"column":16}},{"start":{"line":373,"column":16},"end":{"line":373,"column":16}}]},"33":{"line":392,"type":"if","locations":[{"start":{"line":392,"column":16},"end":{"line":392,"column":16}},{"start":{"line":392,"column":16},"end":{"line":392,"column":16}}]},"34":{"line":395,"type":"if","locations":[{"start":{"line":395,"column":19},"end":{"line":395,"column":19}},{"start":{"line":395,"column":19},"end":{"line":395,"column":19}}]},"35":{"line":410,"type":"if","locations":[{"start":{"line":410,"column":14},"end":{"line":410,"column":14}},{"start":{"line":410,"column":14},"end":{"line":410,"column":14}}]},"36":{"line":411,"type":"if","locations":[{"start":{"line":411,"column":18},"end":{"line":411,"column":18}},{"start":{"line":411,"column":18},"end":{"line":411,"column":18}}]},"37":{"line":419,"type":"if","locations":[{"start":{"line":419,"column":13},"end":{"line":419,"column":13}},{"start":{"line":419,"column":13},"end":{"line":419,"column":13}}]},"38":{"line":419,"type":"binary-expr","locations":[{"start":{"line":419,"column":16},"end":{"line":419,"column":30}},{"start":{"line":419,"column":34},"end":{"line":419,"column":51}}]},"39":{"line":428,"type":"if","locations":[{"start":{"line":428,"column":16},"end":{"line":428,"column":16}},{"start":{"line":428,"column":16},"end":{"line":428,"column":16}}]},"40":{"line":437,"type":"cond-expr","locations":[{"start":{"line":437,"column":60},"end":{"line":437,"column":74}},{"start":{"line":437,"column":77},"end":{"line":437,"column":78}}]},"41":{"line":439,"type":"cond-expr","locations":[{"start":{"line":439,"column":84},"end":{"line":439,"column":98}},{"start":{"line":439,"column":101},"end":{"line":439,"column":102}}]},"42":{"line":465,"type":"if","locations":[{"start":{"line":465,"column":12},"end":{"line":465,"column":12}},{"start":{"line":465,"column":12},"end":{"line":465,"column":12}}]},"43":{"line":490,"type":"if","locations":[{"start":{"line":490,"column":16},"end":{"line":490,"column":16}},{"start":{"line":490,"column":16},"end":{"line":490,"column":16}}]},"44":{"line":490,"type":"binary-expr","locations":[{"start":{"line":490,"column":21},"end":{"line":490,"column":39}},{"start":{"line":490,"column":44},"end":{"line":490,"column":66}}]},"45":{"line":491,"type":"if","locations":[{"start":{"line":491,"column":16},"end":{"line":491,"column":16}},{"start":{"line":491,"column":16},"end":{"line":491,"column":16}}]},"46":{"line":491,"type":"binary-expr","locations":[{"start":{"line":491,"column":21},"end":{"line":491,"column":39}},{"start":{"line":491,"column":44},"end":{"line":491,"column":66}},{"start":{"line":491,"column":70},"end":{"line":491,"column":103}}]},"47":{"line":492,"type":"if","locations":[{"start":{"line":492,"column":16},"end":{"line":492,"column":16}},{"start":{"line":492,"column":16},"end":{"line":492,"column":16}}]},"48":{"line":500,"type":"if","locations":[{"start":{"line":500,"column":6},"end":{"line":500,"column":6}},{"start":{"line":500,"column":6},"end":{"line":500,"column":6}}]},"49":{"line":511,"type":"if","locations":[{"start":{"line":511,"column":14},"end":{"line":511,"column":14}},{"start":{"line":511,"column":14},"end":{"line":511,"column":14}}]},"50":{"line":511,"type":"binary-expr","locations":[{"start":{"line":511,"column":17},"end":{"line":511,"column":41}},{"start":{"line":511,"column":45},"end":{"line":511,"column":75}}]},"51":{"line":514,"type":"if","locations":[{"start":{"line":514,"column":16},"end":{"line":514,"column":16}},{"start":{"line":514,"column":16},"end":{"line":514,"column":16}}]},"52":{"line":525,"type":"if","locations":[{"start":{"line":525,"column":20},"end":{"line":525,"column":20}},{"start":{"line":525,"column":20},"end":{"line":525,"column":20}}]},"53":{"line":558,"type":"if","locations":[{"start":{"line":558,"column":8},"end":{"line":558,"column":8}},{"start":{"line":558,"column":8},"end":{"line":558,"column":8}}]},"54":{"line":571,"type":"if","locations":[{"start":{"line":571,"column":10},"end":{"line":571,"column":10}},{"start":{"line":571,"column":10},"end":{"line":571,"column":10}}]},"55":{"line":591,"type":"if","locations":[{"start":{"line":591,"column":12},"end":{"line":591,"column":12}},{"start":{"line":591,"column":12},"end":{"line":591,"column":12}}]},"56":{"line":620,"type":"if","locations":[{"start":{"line":620,"column":14},"end":{"line":620,"column":14}},{"start":{"line":620,"column":14},"end":{"line":620,"column":14}}]},"57":{"line":624,"type":"if","locations":[{"start":{"line":624,"column":18},"end":{"line":624,"column":18}},{"start":{"line":624,"column":18},"end":{"line":624,"column":18}}]},"58":{"line":633,"type":"if","locations":[{"start":{"line":633,"column":12},"end":{"line":633,"column":12}},{"start":{"line":633,"column":12},"end":{"line":633,"column":12}}]},"59":{"line":660,"type":"if","locations":[{"start":{"line":660,"column":10},"end":{"line":660,"column":10}},{"start":{"line":660,"column":10},"end":{"line":660,"column":10}}]},"60":{"line":678,"type":"if","locations":[{"start":{"line":678,"column":6},"end":{"line":678,"column":6}},{"start":{"line":678,"column":6},"end":{"line":678,"column":6}}]},"61":{"line":678,"type":"binary-expr","locations":[{"start":{"line":678,"column":9},"end":{"line":678,"column":31}},{"start":{"line":678,"column":35},"end":{"line":678,"column":61}}]},"62":{"line":682,"type":"if","locations":[{"start":{"line":682,"column":8},"end":{"line":682,"column":8}},{"start":{"line":682,"column":8},"end":{"line":682,"column":8}}]},"63":{"line":695,"type":"if","locations":[{"start":{"line":695,"column":14},"end":{"line":695,"column":14}},{"start":{"line":695,"column":14},"end":{"line":695,"column":14}}]},"64":{"line":699,"type":"if","locations":[{"start":{"line":699,"column":18},"end":{"line":699,"column":18}},{"start":{"line":699,"column":18},"end":{"line":699,"column":18}}]},"65":{"line":720,"type":"cond-expr","locations":[{"start":{"line":720,"column":24},"end":{"line":720,"column":37}},{"start":{"line":720,"column":40},"end":{"line":720,"column":41}}]},"66":{"line":723,"type":"if","locations":[{"start":{"line":723,"column":8},"end":{"line":723,"column":8}},{"start":{"line":723,"column":8},"end":{"line":723,"column":8}}]},"67":{"line":723,"type":"binary-expr","locations":[{"start":{"line":723,"column":11},"end":{"line":723,"column":27}},{"start":{"line":723,"column":31},"end":{"line":723,"column":54}}]},"68":{"line":729,"type":"if","locations":[{"start":{"line":729,"column":8},"end":{"line":729,"column":8}},{"start":{"line":729,"column":8},"end":{"line":729,"column":8}}]},"69":{"line":729,"type":"binary-expr","locations":[{"start":{"line":729,"column":11},"end":{"line":729,"column":25}},{"start":{"line":729,"column":29},"end":{"line":729,"column":46}}]},"70":{"line":732,"type":"cond-expr","locations":[{"start":{"line":732,"column":46},"end":{"line":732,"column":65}},{"start":{"line":732,"column":69},"end":{"line":732,"column":70}}]}}},"/Users/thehobbit85/Colu/coloredcoinsd/models/v2/index.js":{"path":"/Users/thehobbit85/Colu/coloredcoinsd/models/v2/index.js","s":{"1":1,"2":1,"3":1,"4":1,"5":33,"6":32,"7":32,"8":32,"9":32,"10":32},"b":{"1":[32,1],"2":[33,33]},"f":{"1":1,"2":33},"fnMap":{"1":{"name":"(anonymous_1)","line":1,"loc":{"start":{"line":1,"column":17},"end":{"line":1,"column":31}}},"2":{"name":"(anonymous_2)","line":5,"loc":{"start":{"line":5,"column":55},"end":{"line":5,"column":71}}}},"statementMap":{"1":{"start":{"line":1,"column":0},"end":{"line":14,"column":1}},"2":{"start":{"line":2,"column":4},"end":{"line":2,"column":20}},"3":{"start":{"line":3,"column":4},"end":{"line":3,"column":31}},"4":{"start":{"line":5,"column":4},"end":{"line":13,"column":7}},"5":{"start":{"line":6,"column":8},"end":{"line":12,"column":9}},"6":{"start":{"line":7,"column":12},"end":{"line":7,"column":47}},"7":{"start":{"line":8,"column":12},"end":{"line":8,"column":49}},"8":{"start":{"line":9,"column":12},"end":{"line":9,"column":40}},"9":{"start":{"line":10,"column":12},"end":{"line":10,"column":49}},"10":{"start":{"line":11,"column":12},"end":{"line":11,"column":39}}},"branchMap":{"1":{"line":6,"type":"if","locations":[{"start":{"line":6,"column":8},"end":{"line":6,"column":8}},{"start":{"line":6,"column":8},"end":{"line":6,"column":8}}]},"2":{"line":6,"type":"binary-expr","locations":[{"start":{"line":6,"column":12},"end":{"line":6,"column":42}},{"start":{"line":6,"column":46},"end":{"line":6,"column":65}}]}}},"/Users/thehobbit85/Colu/coloredcoinsd/models/v2/AddressIn.js":{"path":"/Users/thehobbit85/Colu/coloredcoinsd/models/v2/AddressIn.js","s":{"1":1},"b":{},"f":{},"fnMap":{},"statementMap":{"1":{"start":{"line":1,"column":0},"end":{"line":16,"column":1}}},"branchMap":{}},"/Users/thehobbit85/Colu/coloredcoinsd/models/v2/Asset.js":{"path":"/Users/thehobbit85/Colu/coloredcoinsd/models/v2/Asset.js","s":{"1":1},"b":{},"f":{},"fnMap":{},"statementMap":{"1":{"start":{"line":1,"column":0},"end":{"line":19,"column":1}}},"branchMap":{}},"/Users/thehobbit85/Colu/coloredcoinsd/models/v2/AssetHolder.js":{"path":"/Users/thehobbit85/Colu/coloredcoinsd/models/v2/AssetHolder.js","s":{"1":1},"b":{},"f":{},"fnMap":{},"statementMap":{"1":{"start":{"line":1,"column":0},"end":{"line":20,"column":1}}},"branchMap":{}},"/Users/thehobbit85/Colu/coloredcoinsd/models/v2/AssetHolders.js":{"path":"/Users/thehobbit85/Colu/coloredcoinsd/models/v2/AssetHolders.js","s":{"1":1},"b":{},"f":{},"fnMap":{},"statementMap":{"1":{"start":{"line":1,"column":0},"end":{"line":24,"column":1}}},"branchMap":{}},"/Users/thehobbit85/Colu/coloredcoinsd/models/v2/AssetMetadata.js":{"path":"/Users/thehobbit85/Colu/coloredcoinsd/models/v2/AssetMetadata.js","s":{"1":1},"b":{},"f":{},"fnMap":{},"statementMap":{"1":{"start":{"line":1,"column":0},"end":{"line":39,"column":1}}},"branchMap":{}},"/Users/thehobbit85/Colu/coloredcoinsd/models/v2/Bill.js":{"path":"/Users/thehobbit85/Colu/coloredcoinsd/models/v2/Bill.js","s":{"1":1},"b":{},"f":{},"fnMap":{},"statementMap":{"1":{"start":{"line":1,"column":0},"end":{"line":24,"column":1}}},"branchMap":{}},"/Users/thehobbit85/Colu/coloredcoinsd/models/v2/ColorData.js":{"path":"/Users/thehobbit85/Colu/coloredcoinsd/models/v2/ColorData.js","s":{"1":1},"b":{},"f":{},"fnMap":{},"statementMap":{"1":{"start":{"line":1,"column":0},"end":{"line":34,"column":1}}},"branchMap":{}},"/Users/thehobbit85/Colu/coloredcoinsd/models/v2/Constraint.js":{"path":"/Users/thehobbit85/Colu/coloredcoinsd/models/v2/Constraint.js","s":{"1":1},"b":{},"f":{},"fnMap":{},"statementMap":{"1":{"start":{"line":1,"column":0},"end":{"line":13,"column":1}}},"branchMap":{}},"/Users/thehobbit85/Colu/coloredcoinsd/models/v2/FeeObject.js":{"path":"/Users/thehobbit85/Colu/coloredcoinsd/models/v2/FeeObject.js","s":{"1":1},"b":{},"f":{},"fnMap":{},"statementMap":{"1":{"start":{"line":1,"column":0},"end":{"line":21,"column":1}}},"branchMap":{}},"/Users/thehobbit85/Colu/coloredcoinsd/models/v2/Flags.js":{"path":"/Users/thehobbit85/Colu/coloredcoinsd/models/v2/Flags.js","s":{"1":1},"b":{},"f":{},"fnMap":{},"statementMap":{"1":{"start":{"line":1,"column":0},"end":{"line":13,"column":1}}},"branchMap":{}},"/Users/thehobbit85/Colu/coloredcoinsd/models/v2/Mints.js":{"path":"/Users/thehobbit85/Colu/coloredcoinsd/models/v2/Mints.js","s":{"1":1},"b":{},"f":{},"fnMap":{},"statementMap":{"1":{"start":{"line":1,"column":0},"end":{"line":20,"column":1}}},"branchMap":{}},"/Users/thehobbit85/Colu/coloredcoinsd/models/v2/Reissue.js":{"path":"/Users/thehobbit85/Colu/coloredcoinsd/models/v2/Reissue.js","s":{"1":1},"b":{},"f":{},"fnMap":{},"statementMap":{"1":{"start":{"line":1,"column":0},"end":{"line":24,"column":1}}},"branchMap":{}},"/Users/thehobbit85/Colu/coloredcoinsd/models/v2/TransferFees.js":{"path":"/Users/thehobbit85/Colu/coloredcoinsd/models/v2/TransferFees.js","s":{"1":1},"b":{},"f":{},"fnMap":{},"statementMap":{"1":{"start":{"line":1,"column":0},"end":{"line":23,"column":1}}},"branchMap":{}},"/Users/thehobbit85/Colu/coloredcoinsd/models/v2/Validity.js":{"path":"/Users/thehobbit85/Colu/coloredcoinsd/models/v2/Validity.js","s":{"1":1},"b":{},"f":{},"fnMap":{},"statementMap":{"1":{"start":{"line":1,"column":0},"end":{"line":23,"column":1}}},"branchMap":{}},"/Users/thehobbit85/Colu/coloredcoinsd/models/v2/addressAssetValue.js":{"path":"/Users/thehobbit85/Colu/coloredcoinsd/models/v2/addressAssetValue.js","s":{"1":1},"b":{},"f":{},"fnMap":{},"statementMap":{"1":{"start":{"line":1,"column":0},"end":{"line":20,"column":1}}},"branchMap":{}},"/Users/thehobbit85/Colu/coloredcoinsd/models/v2/addressAssetValueList.js":{"path":"/Users/thehobbit85/Colu/coloredcoinsd/models/v2/addressAssetValueList.js","s":{"1":1},"b":{},"f":{},"fnMap":{},"statementMap":{"1":{"start":{"line":1,"column":0},"end":{"line":19,"column":1}}},"branchMap":{}},"/Users/thehobbit85/Colu/coloredcoinsd/models/v2/expirationItem.js":{"path":"/Users/thehobbit85/Colu/coloredcoinsd/models/v2/expirationItem.js","s":{"1":1},"b":{},"f":{},"fnMap":{},"statementMap":{"1":{"start":{"line":1,"column":0},"end":{"line":16,"column":1}}},"branchMap":{}},"/Users/thehobbit85/Colu/coloredcoinsd/models/v2/holdersList.js":{"path":"/Users/thehobbit85/Colu/coloredcoinsd/models/v2/holdersList.js","s":{"1":1},"b":{},"f":{},"fnMap":{},"statementMap":{"1":{"start":{"line":1,"column":0},"end":{"line":16,"column":1}}},"branchMap":{}},"/Users/thehobbit85/Colu/coloredcoinsd/models/v2/issueAssetRequest.js":{"path":"/Users/thehobbit85/Colu/coloredcoinsd/models/v2/issueAssetRequest.js","s":{"1":1},"b":{},"f":{},"fnMap":{},"statementMap":{"1":{"start":{"line":1,"column":0},"end":{"line":62,"column":1}}},"branchMap":{}},"/Users/thehobbit85/Colu/coloredcoinsd/models/v2/issueAssetResponse.js":{"path":"/Users/thehobbit85/Colu/coloredcoinsd/models/v2/issueAssetResponse.js","s":{"1":1},"b":{},"f":{},"fnMap":{},"statementMap":{"1":{"start":{"line":1,"column":0},"end":{"line":16,"column":1}}},"branchMap":{}},"/Users/thehobbit85/Colu/coloredcoinsd/models/v2/metadata.js":{"path":"/Users/thehobbit85/Colu/coloredcoinsd/models/v2/metadata.js","s":{"1":1},"b":{},"f":{},"fnMap":{},"statementMap":{"1":{"start":{"line":1,"column":0},"end":{"line":36,"column":1}}},"branchMap":{}},"/Users/thehobbit85/Colu/coloredcoinsd/models/v2/mintersList.js":{"path":"/Users/thehobbit85/Colu/coloredcoinsd/models/v2/mintersList.js","s":{"1":1},"b":{},"f":{},"fnMap":{},"statementMap":{"1":{"start":{"line":1,"column":0},"end":{"line":16,"column":1}}},"branchMap":{}},"/Users/thehobbit85/Colu/coloredcoinsd/models/v2/ruels.js":{"path":"/Users/thehobbit85/Colu/coloredcoinsd/models/v2/ruels.js","s":{"1":1},"b":{},"f":{},"fnMap":{},"statementMap":{"1":{"start":{"line":1,"column":0},"end":{"line":34,"column":1}}},"branchMap":{}},"/Users/thehobbit85/Colu/coloredcoinsd/models/v2/sciptSig.js":{"path":"/Users/thehobbit85/Colu/coloredcoinsd/models/v2/sciptSig.js","s":{"1":1},"b":{},"f":{},"fnMap":{},"statementMap":{"1":{"start":{"line":1,"column":0},"end":{"line":16,"column":1}}},"branchMap":{}},"/Users/thehobbit85/Colu/coloredcoinsd/models/v2/scriptPubKey.js":{"path":"/Users/thehobbit85/Colu/coloredcoinsd/models/v2/scriptPubKey.js","s":{"1":1},"b":{},"f":{},"fnMap":{},"statementMap":{"1":{"start":{"line":1,"column":0},"end":{"line":32,"column":1}}},"branchMap":{}},"/Users/thehobbit85/Colu/coloredcoinsd/models/v2/sendAssetRequest.js":{"path":"/Users/thehobbit85/Colu/coloredcoinsd/models/v2/sendAssetRequest.js","s":{"1":1},"b":{},"f":{},"fnMap":{},"statementMap":{"1":{"start":{"line":1,"column":0},"end":{"line":43,"column":1}}},"branchMap":{}},"/Users/thehobbit85/Colu/coloredcoinsd/models/v2/sendAssetResponse.js":{"path":"/Users/thehobbit85/Colu/coloredcoinsd/models/v2/sendAssetResponse.js","s":{"1":1},"b":{},"f":{},"fnMap":{},"statementMap":{"1":{"start":{"line":1,"column":0},"end":{"line":12,"column":1}}},"branchMap":{}},"/Users/thehobbit85/Colu/coloredcoinsd/models/v2/transfer.js":{"path":"/Users/thehobbit85/Colu/coloredcoinsd/models/v2/transfer.js","s":{"1":1},"b":{},"f":{},"fnMap":{},"statementMap":{"1":{"start":{"line":1,"column":0},"end":{"line":17,"column":1}}},"branchMap":{}},"/Users/thehobbit85/Colu/coloredcoinsd/models/v2/transferWithAssetId.js":{"path":"/Users/thehobbit85/Colu/coloredcoinsd/models/v2/transferWithAssetId.js","s":{"1":1},"b":{},"f":{},"fnMap":{},"statementMap":{"1":{"start":{"line":1,"column":0},"end":{"line":21,"column":1}}},"branchMap":{}},"/Users/thehobbit85/Colu/coloredcoinsd/models/v2/urlItem.js":{"path":"/Users/thehobbit85/Colu/coloredcoinsd/models/v2/urlItem.js","s":{"1":1},"b":{},"f":{},"fnMap":{},"statementMap":{"1":{"start":{"line":1,"column":0},"end":{"line":24,"column":1}}},"branchMap":{}},"/Users/thehobbit85/Colu/coloredcoinsd/models/v2/vin.js":{"path":"/Users/thehobbit85/Colu/coloredcoinsd/models/v2/vin.js","s":{"1":1},"b":{},"f":{},"fnMap":{},"statementMap":{"1":{"start":{"line":1,"column":0},"end":{"line":21,"column":1}}},"branchMap":{}},"/Users/thehobbit85/Colu/coloredcoinsd/models/v2/vout.js":{"path":"/Users/thehobbit85/Colu/coloredcoinsd/models/v2/vout.js","s":{"1":1},"b":{},"f":{},"fnMap":{},"statementMap":{"1":{"start":{"line":1,"column":0},"end":{"line":22,"column":1}}},"branchMap":{}}}