TN:
SF:/Users/thehobbit85/Colu/coloredcoinsd/server.js
FN:27,(anonymous_1)
FN:29,(anonymous_2)
FN:40,(anonymous_3)
FN:42,(anonymous_4)
FN:65,(anonymous_5)
FN:77,(anonymous_6)
FN:90,(anonymous_7)
FNF:7
FNH:4
FNDA:1,(anonymous_1)
FNDA:38,(anonymous_2)
FNDA:1,(anonymous_3)
FNDA:3,(anonymous_4)
FNDA:0,(anonymous_5)
FNDA:0,(anonymous_6)
FNDA:0,(anonymous_7)
DA:1,1
DA:2,1
DA:3,1
DA:4,1
DA:5,1
DA:9,1
DA:11,1
DA:12,1
DA:14,1
DA:20,1
DA:21,0
DA:22,0
DA:23,0
DA:27,1
DA:28,1
DA:29,1
DA:30,38
DA:31,38
DA:33,0
DA:34,0
DA:35,0
DA:40,1
DA:41,1
DA:42,1
DA:43,3
DA:44,3
DA:46,0
DA:47,0
DA:48,0
DA:49,0
DA:54,1
DA:55,1
DA:58,0
DA:61,1
DA:64,1
DA:65,1
DA:66,0
DA:67,0
DA:68,0
DA:73,1
DA:76,1
DA:77,1
DA:78,0
DA:79,0
DA:82,0
DA:85,0
DA:89,1
DA:91,0
DA:96,1
DA:97,1
DA:98,1
DA:100,1
LF:52
LH:33
BRDA:20,1,0,0
BRDA:20,1,1,1
BRDA:31,2,0,0
BRDA:31,2,1,38
BRDA:44,3,0,0
BRDA:44,3,1,3
BRDA:54,4,0,1
BRDA:54,4,1,0
BRDA:66,5,0,0
BRDA:66,5,1,0
BRDA:78,6,0,0
BRDA:78,6,1,0
BRDA:100,7,0,1
BRDA:100,7,1,1
BRF:14
BRH:6
end_of_record
TN:
SF:/Users/thehobbit85/Colu/coloredcoinsd/config.js
FN:23,module_exists
FNF:1
FNH:1
FNDA:1,module_exists
DA:1,1
DA:23,1
DA:24,1
DA:25,1
DA:28,1
DA:29,0
DA:31,1
LF:7
LH:6
BRDA:28,1,0,0
BRDA:28,1,1,1
BRF:2
BRH:1
end_of_record
TN:
SF:/Users/thehobbit85/Colu/coloredcoinsd/controllers/index.js
FN:11,(anonymous_1)
FN:23,(anonymous_2)
FN:24,(anonymous_3)
FNF:3
FNH:3
FNDA:2,(anonymous_1)
FNDA:1,(anonymous_2)
FNDA:1,(anonymous_3)
DA:1,1
DA:2,1
DA:3,1
DA:4,1
DA:5,1
DA:6,1
DA:11,1
DA:12,2
DA:13,2
DA:14,2
DA:15,2
DA:16,1
DA:17,1
DA:18,1
DA:23,1
DA:24,1
DA:25,1
DA:26,1
DA:27,1
DA:28,1
DA:29,1
DA:31,1
DA:32,1
DA:33,1
DA:35,1
DA:36,1
DA:37,1
LF:27
LH:27
BRDA:15,1,0,1
BRDA:15,1,1,1
BRDA:15,2,0,2
BRDA:15,2,1,2
BRDA:36,3,0,1
BRDA:36,3,1,0
BRF:6
BRH:5
end_of_record
TN:
SF:/Users/thehobbit85/Colu/coloredcoinsd/controllers/v2/index.js
FN:4,(anonymous_1)
FN:12,(anonymous_2)
FNF:2
FNH:2
FNDA:2,(anonymous_1)
FNDA:1,(anonymous_2)
DA:1,1
DA:2,1
DA:4,1
DA:5,2
DA:6,1
DA:7,1
DA:8,1
DA:12,1
DA:13,1
DA:15,1
DA:16,1
DA:18,1
LF:12
LH:12
BRDA:5,1,0,1
BRDA:5,1,1,1
BRDA:5,2,0,2
BRDA:5,2,1,2
BRF:4
BRH:4
end_of_record
TN:
SF:/Users/thehobbit85/Colu/coloredcoinsd/controllers/v2/color.js
FN:1,(anonymous_1)
FN:18,color
FN:22,registerRoutes
FN:42,(anonymous_4)
FN:65,(anonymous_5)
FN:86,(anonymous_6)
FN:88,(anonymous_7)
FN:88,(anonymous_8)
FN:110,(anonymous_9)
FN:134,tryGetAddress
FN:138,(anonymous_11)
FN:148,tryIssueAsset
FN:155,(anonymous_13)
FN:158,(anonymous_14)
FN:166,returnError
FN:172,validateInput
FN:185,trySendAsset
FN:191,(anonymous_18)
FN:194,(anonymous_19)
FN:205,trygetAssetStakeholders
FN:208,(anonymous_21)
FN:211,(anonymous_22)
FN:220,newAssetResponseFromOpenAssets
FN:237,getOpenAssetsItem
FN:251,(anonymous_25)
FN:261,(anonymous_26)
FN:271,hostMetadataFile
FN:283,(anonymous_28)
FN:286,(anonymous_29)
FN:295,(anonymous_30)
FN:305,(anonymous_31)
FN:310,(anonymous_32)
FN:319,generateLocalMetadataPath
FN:331,returnIssuedAsset
FNF:34
FNH:2
FNDA:1,(anonymous_1)
FNDA:0,color
FNDA:1,registerRoutes
FNDA:0,(anonymous_4)
FNDA:0,(anonymous_5)
FNDA:0,(anonymous_6)
FNDA:0,(anonymous_7)
FNDA:0,(anonymous_8)
FNDA:0,(anonymous_9)
FNDA:0,tryGetAddress
FNDA:0,(anonymous_11)
FNDA:0,tryIssueAsset
FNDA:0,(anonymous_13)
FNDA:0,(anonymous_14)
FNDA:0,returnError
FNDA:0,validateInput
FNDA:0,trySendAsset
FNDA:0,(anonymous_18)
FNDA:0,(anonymous_19)
FNDA:0,trygetAssetStakeholders
FNDA:0,(anonymous_21)
FNDA:0,(anonymous_22)
FNDA:0,newAssetResponseFromOpenAssets
FNDA:0,getOpenAssetsItem
FNDA:0,(anonymous_25)
FNDA:0,(anonymous_26)
FNDA:0,hostMetadataFile
FNDA:0,(anonymous_28)
FNDA:0,(anonymous_29)
FNDA:0,(anonymous_30)
FNDA:0,(anonymous_31)
FNDA:0,(anonymous_32)
FNDA:0,generateLocalMetadataPath
FNDA:0,returnIssuedAsset
DA:1,1
DA:2,1
DA:3,1
DA:4,1
DA:5,1
DA:6,1
DA:7,1
DA:8,1
DA:9,1
DA:12,1
DA:13,1
DA:14,1
DA:18,1
DA:20,1
DA:22,1
DA:28,1
DA:43,0
DA:44,0
DA:48,1
DA:51,1
DA:66,0
DA:67,0
DA:71,1
DA:74,1
DA:87,0
DA:88,0
DA:95,1
DA:111,0
DA:112,0
DA:119,1
DA:134,1
DA:135,0
DA:136,0
DA:137,0
DA:138,0
DA:139,0
DA:141,0
DA:144,0
DA:148,1
DA:150,0
DA:151,0
DA:156,0
DA:159,0
DA:160,0
DA:166,1
DA:167,0
DA:168,0
DA:172,1
DA:173,0
DA:174,0
DA:175,0
DA:176,0
DA:179,0
DA:182,0
DA:185,1
DA:186,0
DA:187,0
DA:189,0
DA:190,0
DA:192,0
DA:195,0
DA:196,0
DA:200,0
DA:201,0
DA:205,1
DA:206,0
DA:207,0
DA:209,0
DA:212,0
DA:216,0
DA:220,1
DA:221,0
DA:222,0
DA:223,0
DA:229,0
DA:232,0
DA:233,0
DA:237,1
DA:238,0
DA:239,0
DA:240,0
DA:247,0
DA:250,0
DA:252,0
DA:259,0
DA:262,0
DA:263,0
DA:268,0
DA:271,1
DA:272,0
DA:273,0
DA:274,0
DA:275,0
DA:276,0
DA:280,0
DA:281,0
DA:282,0
DA:284,0
DA:285,0
DA:286,0
DA:287,0
DA:288,0
DA:289,0
DA:291,0
DA:292,0
DA:296,0
DA:303,0
DA:304,0
DA:306,0
DA:307,0
DA:308,0
DA:311,0
DA:315,0
DA:319,1
DA:320,0
DA:321,0
DA:322,0
DA:326,0
DA:327,0
DA:331,1
DA:332,0
DA:335,1
LF:122
LH:34
BRDA:175,1,0,0
BRDA:175,1,1,0
BRDA:239,2,0,0
BRDA:239,2,1,0
BRDA:274,3,0,0
BRDA:274,3,1,0
BRDA:274,4,0,0
BRDA:274,4,1,0
BRDA:274,4,2,0
BRDA:287,5,0,0
BRDA:287,5,1,0
BRDA:320,6,0,0
BRDA:320,6,1,0
BRF:13
BRH:0
end_of_record
TN:
SF:/Users/thehobbit85/Colu/coloredcoinsd/googleapi.js
FN:1,(anonymous_1)
FN:8,googleapi
FN:13,getShortUrl
FN:20,(anonymous_4)
FN:30,(anonymous_5)
FNF:5
FNH:2
FNDA:1,(anonymous_1)
FNDA:1,googleapi
FNDA:0,getShortUrl
FNDA:0,(anonymous_4)
FNDA:0,(anonymous_5)
DA:1,1
DA:2,1
DA:3,1
DA:4,1
DA:6,1
DA:8,1
DA:9,1
DA:10,1
DA:13,1
DA:14,0
DA:15,0
DA:20,0
DA:21,0
DA:22,0
DA:23,0
DA:24,0
DA:25,0
DA:28,0
DA:31,0
DA:32,0
DA:35,0
DA:39,1
DA:41,1
LF:23
LH:11
BRDA:22,1,0,0
BRDA:22,1,1,0
BRF:2
BRH:0
end_of_record
TN:
SF:/Users/thehobbit85/Colu/coloredcoinsd/utils.js
FN:1,(anonymous_1)
FN:7,utils
FN:10,getP2SHVersion
FN:12,(anonymous_4)
FN:21,getP2SHVersionForOpenAssetsAddress
FN:25,getP2SHVersionForOpenAssetsId
FN:38,getAssetAddressId
FN:49,getassetId
FN:64,createMetadata
FN:80,createMetadata
FNF:10
FNH:1
FNDA:1,(anonymous_1)
FNDA:0,utils
FNDA:0,getP2SHVersion
FNDA:0,(anonymous_4)
FNDA:0,getP2SHVersionForOpenAssetsAddress
FNDA:0,getP2SHVersionForOpenAssetsId
FNDA:0,getAssetAddressId
FNDA:0,getassetId
FNDA:0,createMetadata
FNDA:0,createMetadata
DA:1,1
DA:2,1
DA:3,1
DA:4,1
DA:5,1
DA:7,1
DA:10,1
DA:11,0
DA:12,0
DA:13,0
DA:15,0
DA:16,0
DA:17,0
DA:18,0
DA:21,1
DA:22,0
DA:25,1
DA:26,0
DA:27,0
DA:28,0
DA:29,0
DA:32,0
DA:33,0
DA:38,1
DA:39,0
DA:40,0
DA:41,0
DA:42,0
DA:43,0
DA:44,0
DA:45,0
DA:49,1
DA:50,0
DA:51,0
DA:52,0
DA:53,0
DA:54,0
DA:55,0
DA:56,0
DA:57,0
DA:58,0
DA:59,0
DA:60,0
DA:64,1
DA:65,0
DA:67,0
DA:68,0
DA:69,0
DA:72,0
DA:80,1
DA:81,0
DA:83,0
DA:84,0
DA:100,0
DA:103,0
DA:104,0
DA:110,1
LF:57
LH:14
BRDA:13,1,0,0
BRDA:13,1,1,0
BRDA:18,2,0,0
BRDA:18,2,1,0
BRDA:27,3,0,0
BRDA:27,3,1,0
BRDA:27,4,0,0
BRDA:27,4,1,0
BRF:8
BRH:0
end_of_record
TN:
SF:/Users/thehobbit85/Colu/coloredcoinsd/coluutils.js
FN:1,(anonymous_1)
FN:24,coluutils
FN:31,sendRawTransaction
FN:35,getBlockCount
FN:38,getTransactionListForAddress
FN:42,(anonymous_6)
FN:45,(anonymous_7)
FN:49,(anonymous_8)
FN:50,(anonymous_9)
FN:55,(anonymous_10)
FN:85,callwithbatch
FN:90,(anonymous_12)
FN:103,isOkToIssue
FN:115,(anonymous_14)
FN:127,(anonymous_15)
FN:135,(anonymous_16)
FN:141,callservice
FN:154,(anonymous_18)
FN:170,validateIssueTrasaction
FN:180,(anonymous_20)
FN:203,createAssetFile
FN:214,(anonymous_22)
FN:231,createIssueTransaction
FN:237,(anonymous_24)
FN:241,(anonymous_25)
FN:249,createSendAssetTansaction
FN:255,(anonymous_27)
FN:259,(anonymous_28)
FN:273,encodeColorScheme
FN:287,(anonymous_30)
FN:315,getUnspentsByAddress
FN:322,(anonymous_32)
FN:336,(anonymous_33)
FN:344,comupteCost
FN:349,(anonymous_35)
FN:359,addInputsForSendTransaction
FN:367,(anonymous_37)
FN:371,(anonymous_38)
FN:385,(anonymous_39)
FN:387,(anonymous_40)
FN:409,(anonymous_41)
FN:434,(anonymous_42)
FN:436,(anonymous_43)
FN:462,(anonymous_44)
FN:480,findBestMatchByNeededAssets
FN:485,(anonymous_46)
FN:488,(anonymous_47)
FN:506,(anonymous_48)
FN:508,(anonymous_49)
FN:550,addInputsForIssueTransaction
FN:611,(anonymous_51)
FN:619,(anonymous_52)
FN:658,(anonymous_53)
FN:663,(anonymous_54)
FN:672,insertSatoshiToTransaction
FN:694,(anonymous_56)
FN:710,getIssuenceCost
FN:714,getTotalOuputValue
FN:718,getTotalIssuenceCost
FN:725,(anonymous_60)
FN:736,getNextOutputValue
FN:743,addOutputs
FN:756,addOutput
FN:760,sha256
FN:764,sha1
FN:768,toSatoshi
FNF:66
FNH:2
FNDA:1,(anonymous_1)
FNDA:1,coluutils
FNDA:0,sendRawTransaction
FNDA:0,getBlockCount
FNDA:0,getTransactionListForAddress
FNDA:0,(anonymous_6)
FNDA:0,(anonymous_7)
FNDA:0,(anonymous_8)
FNDA:0,(anonymous_9)
FNDA:0,(anonymous_10)
FNDA:0,callwithbatch
FNDA:0,(anonymous_12)
FNDA:0,isOkToIssue
FNDA:0,(anonymous_14)
FNDA:0,(anonymous_15)
FNDA:0,(anonymous_16)
FNDA:0,callservice
FNDA:0,(anonymous_18)
FNDA:0,validateIssueTrasaction
FNDA:0,(anonymous_20)
FNDA:0,createAssetFile
FNDA:0,(anonymous_22)
FNDA:0,createIssueTransaction
FNDA:0,(anonymous_24)
FNDA:0,(anonymous_25)
FNDA:0,createSendAssetTansaction
FNDA:0,(anonymous_27)
FNDA:0,(anonymous_28)
FNDA:0,encodeColorScheme
FNDA:0,(anonymous_30)
FNDA:0,getUnspentsByAddress
FNDA:0,(anonymous_32)
FNDA:0,(anonymous_33)
FNDA:0,comupteCost
FNDA:0,(anonymous_35)
FNDA:0,addInputsForSendTransaction
FNDA:0,(anonymous_37)
FNDA:0,(anonymous_38)
FNDA:0,(anonymous_39)
FNDA:0,(anonymous_40)
FNDA:0,(anonymous_41)
FNDA:0,(anonymous_42)
FNDA:0,(anonymous_43)
FNDA:0,(anonymous_44)
FNDA:0,findBestMatchByNeededAssets
FNDA:0,(anonymous_46)
FNDA:0,(anonymous_47)
FNDA:0,(anonymous_48)
FNDA:0,(anonymous_49)
FNDA:0,addInputsForIssueTransaction
FNDA:0,(anonymous_51)
FNDA:0,(anonymous_52)
FNDA:0,(anonymous_53)
FNDA:0,(anonymous_54)
FNDA:0,insertSatoshiToTransaction
FNDA:0,(anonymous_56)
FNDA:0,getIssuenceCost
FNDA:0,getTotalOuputValue
FNDA:0,getTotalIssuenceCost
FNDA:0,(anonymous_60)
FNDA:0,getNextOutputValue
FNDA:0,addOutputs
FNDA:0,addOutput
FNDA:0,sha256
FNDA:0,sha1
FNDA:0,toSatoshi
DA:1,1
DA:2,1
DA:3,1
DA:4,1
DA:5,1
DA:6,1
DA:7,1
DA:8,1
DA:9,1
DA:10,1
DA:11,1
DA:12,1
DA:16,1
DA:17,1
DA:18,1
DA:20,1
DA:22,1
DA:24,1
DA:25,1
DA:31,1
DA:32,0
DA:35,1
DA:36,0
DA:38,1
DA:39,0
DA:40,0
DA:41,0
DA:43,0
DA:44,0
DA:45,0
DA:46,0
DA:48,0
DA:50,0
DA:52,0
DA:53,0
DA:54,0
DA:55,0
DA:56,0
DA:61,0
DA:62,0
DA:63,0
DA:64,0
DA:67,0
DA:70,0
DA:71,0
DA:72,0
DA:76,0
DA:77,0
DA:79,0
DA:82,0
DA:85,1
DA:86,0
DA:87,0
DA:88,0
DA:89,0
DA:90,0
DA:91,0
DA:92,0
DA:93,0
DA:94,0
DA:96,0
DA:97,0
DA:100,0
DA:103,1
DA:105,0
DA:106,0
DA:108,0
DA:110,0
DA:111,0
DA:112,0
DA:113,0
DA:114,0
DA:115,0
DA:116,0
DA:117,0
DA:119,0
DA:120,0
DA:124,0
DA:127,1
DA:128,0
DA:129,0
DA:130,0
DA:132,0
DA:135,1
DA:136,0
DA:141,1
DA:142,0
DA:144,0
DA:145,0
DA:146,0
DA:147,0
DA:154,0
DA:155,0
DA:156,0
DA:157,0
DA:160,0
DA:166,0
DA:170,1
DA:171,0
DA:173,0
DA:175,0
DA:179,0
DA:180,0
DA:183,0
DA:185,0
DA:189,0
DA:193,0
DA:200,0
DA:203,1
DA:204,0
DA:205,0
DA:207,0
DA:209,0
DA:212,0
DA:214,0
DA:215,0
DA:216,0
DA:217,0
DA:220,0
DA:226,0
DA:231,1
DA:232,0
DA:234,0
DA:236,0
DA:238,0
DA:239,0
DA:242,0
DA:246,0
DA:249,1
DA:250,0
DA:252,0
DA:254,0
DA:256,0
DA:257,0
DA:260,0
DA:261,0
DA:265,0
DA:273,1
DA:274,0
DA:275,0
DA:276,0
DA:277,0
DA:278,0
DA:279,0
DA:280,0
DA:285,0
DA:286,0
DA:287,0
DA:288,0
DA:289,0
DA:290,0
DA:295,0
DA:296,0
DA:298,0
DA:299,0
DA:305,0
DA:308,0
DA:310,0
DA:315,1
DA:317,0
DA:318,0
DA:322,0
DA:323,0
DA:324,0
DA:325,0
DA:326,0
DA:328,0
DA:329,0
DA:330,0
DA:333,0
DA:334,0
DA:337,0
DA:338,0
DA:341,0
DA:344,1
DA:345,0
DA:347,0
DA:349,0
DA:350,0
DA:353,0
DA:354,0
DA:356,0
DA:359,1
DA:360,0
DA:361,0
DA:362,0
DA:364,0
DA:365,0
DA:366,0
DA:368,0
DA:369,0
DA:370,0
DA:371,0
DA:372,0
DA:373,0
DA:374,0
DA:375,0
DA:376,0
DA:377,0
DA:380,0
DA:381,0
DA:383,0
DA:384,0
DA:385,0
DA:386,0
DA:387,0
DA:388,0
DA:389,0
DA:392,0
DA:393,0
DA:394,0
DA:395,0
DA:396,0
DA:397,0
DA:401,0
DA:402,0
DA:406,0
DA:407,0
DA:409,0
DA:410,0
DA:411,0
DA:412,0
DA:413,0
DA:414,0
DA:419,0
DA:423,0
DA:426,0
DA:427,0
DA:428,0
DA:429,0
DA:430,0
DA:431,0
DA:434,0
DA:435,0
DA:436,0
DA:437,0
DA:438,0
DA:439,0
DA:440,0
DA:441,0
DA:442,0
DA:443,0
DA:445,0
DA:447,0
DA:448,0
DA:449,0
DA:452,0
DA:454,0
DA:455,0
DA:461,0
DA:462,0
DA:463,0
DA:464,0
DA:465,0
DA:466,0
DA:467,0
DA:468,0
DA:469,0
DA:474,0
DA:477,0
DA:480,1
DA:481,0
DA:482,0
DA:483,0
DA:484,0
DA:485,0
DA:486,0
DA:487,0
DA:488,0
DA:489,0
DA:490,0
DA:491,0
DA:492,0
DA:494,0
DA:495,0
DA:498,0
DA:500,0
DA:501,0
DA:502,0
DA:505,0
DA:506,0
DA:507,0
DA:508,0
DA:509,0
DA:510,0
DA:511,0
DA:512,0
DA:513,0
DA:514,0
DA:515,0
DA:516,0
DA:517,0
DA:518,0
DA:519,0
DA:520,0
DA:521,0
DA:522,0
DA:523,0
DA:524,0
DA:525,0
DA:526,0
DA:531,0
DA:535,0
DA:537,0
DA:540,0
DA:541,0
DA:543,0
DA:544,0
DA:550,1
DA:551,0
DA:552,0
DA:553,0
DA:555,0
DA:556,0
DA:558,0
DA:566,0
DA:567,0
DA:569,0
DA:570,0
DA:571,0
DA:572,0
DA:576,0
DA:591,0
DA:592,0
DA:594,0
DA:595,0
DA:598,0
DA:599,0
DA:600,0
DA:601,0
DA:602,0
DA:603,0
DA:610,0
DA:612,0
DA:613,0
DA:616,0
DA:617,0
DA:618,0
DA:619,0
DA:620,0
DA:621,0
DA:622,0
DA:623,0
DA:624,0
DA:625,0
DA:629,0
DA:630,0
DA:632,0
DA:633,0
DA:634,0
DA:654,0
DA:655,0
DA:656,0
DA:659,0
DA:660,0
DA:661,0
DA:664,0
DA:668,0
DA:672,1
DA:674,0
DA:675,0
DA:676,0
DA:677,0
DA:678,0
DA:679,0
DA:680,0
DA:681,0
DA:682,0
DA:685,0
DA:686,0
DA:687,0
DA:688,0
DA:689,0
DA:694,0
DA:695,0
DA:696,0
DA:697,0
DA:698,0
DA:699,0
DA:700,0
DA:704,0
DA:707,0
DA:710,1
DA:711,0
DA:714,1
DA:715,0
DA:718,1
DA:720,0
DA:723,0
DA:725,0
DA:726,0
DA:729,0
DA:730,0
DA:732,0
DA:736,1
DA:738,0
DA:743,1
DA:744,0
DA:745,0
DA:746,0
DA:747,0
DA:749,0
DA:753,0
DA:756,1
DA:760,1
DA:761,0
DA:764,1
DA:765,0
DA:768,1
DA:769,0
DA:772,1
DA:774,1
LF:412
LH:49
BRDA:40,1,0,0
BRDA:40,1,1,0
BRDA:54,2,0,0
BRDA:54,2,1,0
BRDA:56,3,0,0
BRDA:56,3,1,0
BRDA:56,4,0,0
BRDA:56,4,1,0
BRDA:56,4,2,0
BRDA:61,5,0,0
BRDA:61,5,1,0
BRDA:92,6,0,0
BRDA:92,6,1,0
BRDA:94,7,0,0
BRDA:94,7,1,0
BRDA:106,8,0,0
BRDA:106,8,1,0
BRDA:106,9,0,0
BRDA:106,9,1,0
BRDA:112,10,0,0
BRDA:112,10,1,0
BRDA:116,11,0,0
BRDA:116,11,1,0
BRDA:129,12,0,0
BRDA:129,12,1,0
BRDA:155,13,0,0
BRDA:155,13,1,0
BRDA:183,14,0,0
BRDA:183,14,1,0
BRDA:183,15,0,0
BRDA:183,15,1,0
BRDA:189,16,0,0
BRDA:189,16,1,0
BRDA:215,17,0,0
BRDA:215,17,1,0
BRDA:239,18,0,0
BRDA:239,18,1,0
BRDA:279,19,0,0
BRDA:279,19,1,0
BRDA:279,20,0,0
BRDA:279,20,1,0
BRDA:280,21,0,0
BRDA:280,21,1,0
BRDA:286,22,0,0
BRDA:286,22,1,0
BRDA:324,23,0,0
BRDA:324,23,1,0
BRDA:328,24,0,0
BRDA:328,24,1,0
BRDA:345,25,0,0
BRDA:345,25,1,0
BRDA:347,26,0,0
BRDA:347,26,1,0
BRDA:347,27,0,0
BRDA:347,27,1,0
BRDA:353,28,0,0
BRDA:353,28,1,0
BRDA:353,29,0,0
BRDA:353,29,1,0
BRDA:356,30,0,0
BRDA:356,30,1,0
BRDA:365,31,0,0
BRDA:365,31,1,0
BRDA:373,32,0,0
BRDA:373,32,1,0
BRDA:392,33,0,0
BRDA:392,33,1,0
BRDA:395,34,0,0
BRDA:395,34,1,0
BRDA:410,35,0,0
BRDA:410,35,1,0
BRDA:411,36,0,0
BRDA:411,36,1,0
BRDA:419,37,0,0
BRDA:419,37,1,0
BRDA:419,38,0,0
BRDA:419,38,1,0
BRDA:428,39,0,0
BRDA:428,39,1,0
BRDA:437,40,0,0
BRDA:437,40,1,0
BRDA:439,41,0,0
BRDA:439,41,1,0
BRDA:465,42,0,0
BRDA:465,42,1,0
BRDA:490,43,0,0
BRDA:490,43,1,0
BRDA:490,44,0,0
BRDA:490,44,1,0
BRDA:491,45,0,0
BRDA:491,45,1,0
BRDA:491,46,0,0
BRDA:491,46,1,0
BRDA:491,46,2,0
BRDA:492,47,0,0
BRDA:492,47,1,0
BRDA:500,48,0,0
BRDA:500,48,1,0
BRDA:511,49,0,0
BRDA:511,49,1,0
BRDA:511,50,0,0
BRDA:511,50,1,0
BRDA:514,51,0,0
BRDA:514,51,1,0
BRDA:525,52,0,0
BRDA:525,52,1,0
BRDA:558,53,0,0
BRDA:558,53,1,0
BRDA:571,54,0,0
BRDA:571,54,1,0
BRDA:591,55,0,0
BRDA:591,55,1,0
BRDA:620,56,0,0
BRDA:620,56,1,0
BRDA:624,57,0,0
BRDA:624,57,1,0
BRDA:633,58,0,0
BRDA:633,58,1,0
BRDA:660,59,0,0
BRDA:660,59,1,0
BRDA:678,60,0,0
BRDA:678,60,1,0
BRDA:678,61,0,0
BRDA:678,61,1,0
BRDA:682,62,0,0
BRDA:682,62,1,0
BRDA:695,63,0,0
BRDA:695,63,1,0
BRDA:699,64,0,0
BRDA:699,64,1,0
BRDA:720,65,0,0
BRDA:720,65,1,0
BRDA:723,66,0,0
BRDA:723,66,1,0
BRDA:723,67,0,0
BRDA:723,67,1,0
BRDA:729,68,0,0
BRDA:729,68,1,0
BRDA:729,69,0,0
BRDA:729,69,1,0
BRDA:732,70,0,0
BRDA:732,70,1,0
BRF:142
BRH:0
end_of_record
TN:
SF:/Users/thehobbit85/Colu/coloredcoinsd/models/v2/index.js
FN:1,(anonymous_1)
FN:5,(anonymous_2)
FNF:2
FNH:2
FNDA:1,(anonymous_1)
FNDA:33,(anonymous_2)
DA:1,1
DA:2,1
DA:3,1
DA:5,1
DA:6,33
DA:7,32
DA:8,32
DA:9,32
DA:10,32
DA:11,32
LF:10
LH:10
BRDA:6,1,0,32
BRDA:6,1,1,1
BRDA:6,2,0,33
BRDA:6,2,1,33
BRF:4
BRH:4
end_of_record
TN:
SF:/Users/thehobbit85/Colu/coloredcoinsd/models/v2/AddressIn.js
FNF:0
FNH:0
DA:1,1
LF:1
LH:1
BRF:0
BRH:0
end_of_record
TN:
SF:/Users/thehobbit85/Colu/coloredcoinsd/models/v2/Asset.js
FNF:0
FNH:0
DA:1,1
LF:1
LH:1
BRF:0
BRH:0
end_of_record
TN:
SF:/Users/thehobbit85/Colu/coloredcoinsd/models/v2/AssetHolder.js
FNF:0
FNH:0
DA:1,1
LF:1
LH:1
BRF:0
BRH:0
end_of_record
TN:
SF:/Users/thehobbit85/Colu/coloredcoinsd/models/v2/AssetHolders.js
FNF:0
FNH:0
DA:1,1
LF:1
LH:1
BRF:0
BRH:0
end_of_record
TN:
SF:/Users/thehobbit85/Colu/coloredcoinsd/models/v2/AssetMetadata.js
FNF:0
FNH:0
DA:1,1
LF:1
LH:1
BRF:0
BRH:0
end_of_record
TN:
SF:/Users/thehobbit85/Colu/coloredcoinsd/models/v2/Bill.js
FNF:0
FNH:0
DA:1,1
LF:1
LH:1
BRF:0
BRH:0
end_of_record
TN:
SF:/Users/thehobbit85/Colu/coloredcoinsd/models/v2/ColorData.js
FNF:0
FNH:0
DA:1,1
LF:1
LH:1
BRF:0
BRH:0
end_of_record
TN:
SF:/Users/thehobbit85/Colu/coloredcoinsd/models/v2/Constraint.js
FNF:0
FNH:0
DA:1,1
LF:1
LH:1
BRF:0
BRH:0
end_of_record
TN:
SF:/Users/thehobbit85/Colu/coloredcoinsd/models/v2/FeeObject.js
FNF:0
FNH:0
DA:1,1
LF:1
LH:1
BRF:0
BRH:0
end_of_record
TN:
SF:/Users/thehobbit85/Colu/coloredcoinsd/models/v2/Flags.js
FNF:0
FNH:0
DA:1,1
LF:1
LH:1
BRF:0
BRH:0
end_of_record
TN:
SF:/Users/thehobbit85/Colu/coloredcoinsd/models/v2/Mints.js
FNF:0
FNH:0
DA:1,1
LF:1
LH:1
BRF:0
BRH:0
end_of_record
TN:
SF:/Users/thehobbit85/Colu/coloredcoinsd/models/v2/Reissue.js
FNF:0
FNH:0
DA:1,1
LF:1
LH:1
BRF:0
BRH:0
end_of_record
TN:
SF:/Users/thehobbit85/Colu/coloredcoinsd/models/v2/TransferFees.js
FNF:0
FNH:0
DA:1,1
LF:1
LH:1
BRF:0
BRH:0
end_of_record
TN:
SF:/Users/thehobbit85/Colu/coloredcoinsd/models/v2/Validity.js
FNF:0
FNH:0
DA:1,1
LF:1
LH:1
BRF:0
BRH:0
end_of_record
TN:
SF:/Users/thehobbit85/Colu/coloredcoinsd/models/v2/addressAssetValue.js
FNF:0
FNH:0
DA:1,1
LF:1
LH:1
BRF:0
BRH:0
end_of_record
TN:
SF:/Users/thehobbit85/Colu/coloredcoinsd/models/v2/addressAssetValueList.js
FNF:0
FNH:0
DA:1,1
LF:1
LH:1
BRF:0
BRH:0
end_of_record
TN:
SF:/Users/thehobbit85/Colu/coloredcoinsd/models/v2/expirationItem.js
FNF:0
FNH:0
DA:1,1
LF:1
LH:1
BRF:0
BRH:0
end_of_record
TN:
SF:/Users/thehobbit85/Colu/coloredcoinsd/models/v2/holdersList.js
FNF:0
FNH:0
DA:1,1
LF:1
LH:1
BRF:0
BRH:0
end_of_record
TN:
SF:/Users/thehobbit85/Colu/coloredcoinsd/models/v2/issueAssetRequest.js
FNF:0
FNH:0
DA:1,1
LF:1
LH:1
BRF:0
BRH:0
end_of_record
TN:
SF:/Users/thehobbit85/Colu/coloredcoinsd/models/v2/issueAssetResponse.js
FNF:0
FNH:0
DA:1,1
LF:1
LH:1
BRF:0
BRH:0
end_of_record
TN:
SF:/Users/thehobbit85/Colu/coloredcoinsd/models/v2/metadata.js
FNF:0
FNH:0
DA:1,1
LF:1
LH:1
BRF:0
BRH:0
end_of_record
TN:
SF:/Users/thehobbit85/Colu/coloredcoinsd/models/v2/mintersList.js
FNF:0
FNH:0
DA:1,1
LF:1
LH:1
BRF:0
BRH:0
end_of_record
TN:
SF:/Users/thehobbit85/Colu/coloredcoinsd/models/v2/ruels.js
FNF:0
FNH:0
DA:1,1
LF:1
LH:1
BRF:0
BRH:0
end_of_record
TN:
SF:/Users/thehobbit85/Colu/coloredcoinsd/models/v2/sciptSig.js
FNF:0
FNH:0
DA:1,1
LF:1
LH:1
BRF:0
BRH:0
end_of_record
TN:
SF:/Users/thehobbit85/Colu/coloredcoinsd/models/v2/scriptPubKey.js
FNF:0
FNH:0
DA:1,1
LF:1
LH:1
BRF:0
BRH:0
end_of_record
TN:
SF:/Users/thehobbit85/Colu/coloredcoinsd/models/v2/sendAssetRequest.js
FNF:0
FNH:0
DA:1,1
LF:1
LH:1
BRF:0
BRH:0
end_of_record
TN:
SF:/Users/thehobbit85/Colu/coloredcoinsd/models/v2/sendAssetResponse.js
FNF:0
FNH:0
DA:1,1
LF:1
LH:1
BRF:0
BRH:0
end_of_record
TN:
SF:/Users/thehobbit85/Colu/coloredcoinsd/models/v2/transfer.js
FNF:0
FNH:0
DA:1,1
LF:1
LH:1
BRF:0
BRH:0
end_of_record
TN:
SF:/Users/thehobbit85/Colu/coloredcoinsd/models/v2/transferWithAssetId.js
FNF:0
FNH:0
DA:1,1
LF:1
LH:1
BRF:0
BRH:0
end_of_record
TN:
SF:/Users/thehobbit85/Colu/coloredcoinsd/models/v2/urlItem.js
FNF:0
FNH:0
DA:1,1
LF:1
LH:1
BRF:0
BRH:0
end_of_record
TN:
SF:/Users/thehobbit85/Colu/coloredcoinsd/models/v2/vin.js
FNF:0
FNH:0
DA:1,1
LF:1
LH:1
BRF:0
BRH:0
end_of_record
TN:
SF:/Users/thehobbit85/Colu/coloredcoinsd/models/v2/vout.js
FNF:0
FNH:0
DA:1,1
LF:1
LH:1
BRF:0
BRH:0
end_of_record
